{
	"/home/frondeus/Code/fvtt-syrin-control/src/mock.ts": {
		"path": "/home/frondeus/Code/fvtt-syrin-control/src/mock.ts",
		"statementMap": {
			"0": { "start": { "line": 2, "column": 0 }, "end": { "line": 2, "column": 62 } },
			"1": { "start": { "line": 3, "column": 0 }, "end": { "line": 3, "column": 65 } },
			"2": { "start": { "line": 4, "column": 17 }, "end": { "line": 4, "column": 45 } },
			"3": { "start": { "line": 5, "column": 16 }, "end": { "line": 5, "column": 43 } },
			"4": { "start": { "line": 6, "column": 14 }, "end": { "line": 6, "column": 39 } },
			"5": { "start": { "line": 7, "column": 16 }, "end": { "line": 7, "column": 43 } },
			"6": { "start": { "line": 8, "column": 18 }, "end": { "line": 8, "column": 47 } },
			"7": { "start": { "line": 10, "column": 4 }, "end": { "line": 26, "column": 6 } },
			"8": { "start": { "line": 14, "column": 39 }, "end": { "line": 14, "column": 41 } },
			"9": { "start": { "line": 15, "column": 42 }, "end": { "line": 15, "column": 44 } },
			"10": { "start": { "line": 16, "column": 42 }, "end": { "line": 16, "column": 44 } },
			"11": { "start": { "line": 17, "column": 47 }, "end": { "line": 17, "column": 49 } },
			"12": { "start": { "line": 28, "column": 0 }, "end": { "line": 28, "column": 30 } },
			"13": { "start": { "line": 30, "column": 4 }, "end": { "line": 72, "column": 6 } },
			"14": { "start": { "line": 32, "column": 12 }, "end": { "line": 34, "column": 13 } },
			"15": { "start": { "line": 33, "column": 16 }, "end": { "line": 33, "column": 52 } },
			"16": { "start": { "line": 35, "column": 12 }, "end": { "line": 35, "column": 51 } },
			"17": { "start": { "line": 36, "column": 12 }, "end": { "line": 36, "column": 24 } },
			"18": { "start": { "line": 40, "column": 35 }, "end": { "line": 40, "column": 38 } },
			"19": { "start": { "line": 58, "column": 31 }, "end": { "line": 58, "column": 35 } },
			"20": { "start": { "line": 74, "column": 0 }, "end": { "line": 74, "column": 32 } },
			"21": { "start": { "line": 76, "column": 18 }, "end": { "line": 76, "column": 41 } },
			"22": { "start": { "line": 77, "column": 16 }, "end": { "line": 77, "column": 34 } },
			"23": { "start": { "line": 78, "column": 19 }, "end": { "line": 78, "column": 49 } },
			"24": { "start": { "line": 79, "column": 18 }, "end": { "line": 79, "column": 61 } },
			"25": { "start": { "line": 80, "column": 4 }, "end": { "line": 80, "column": 66 } },
			"26": { "start": { "line": 82, "column": 0 }, "end": { "line": 82, "column": 24 } }
		},
		"fnMap": {
			"0": {
				"name": "mockedApi",
				"decl": { "start": { "line": 9, "column": 9 }, "end": { "line": 9, "column": 18 } },
				"loc": { "start": { "line": 9, "column": 21 }, "end": { "line": 27, "column": 1 } },
				"line": 9
			},
			"1": {
				"name": "(anonymous_1)",
				"decl": { "start": { "line": 14, "column": 26 }, "end": { "line": 14, "column": 27 } },
				"loc": { "start": { "line": 14, "column": 39 }, "end": { "line": 14, "column": 41 } },
				"line": 14
			},
			"2": {
				"name": "(anonymous_2)",
				"decl": { "start": { "line": 15, "column": 29 }, "end": { "line": 15, "column": 30 } },
				"loc": { "start": { "line": 15, "column": 42 }, "end": { "line": 15, "column": 44 } },
				"line": 15
			},
			"3": {
				"name": "(anonymous_3)",
				"decl": { "start": { "line": 16, "column": 30 }, "end": { "line": 16, "column": 31 } },
				"loc": { "start": { "line": 16, "column": 42 }, "end": { "line": 16, "column": 44 } },
				"line": 16
			},
			"4": {
				"name": "(anonymous_4)",
				"decl": { "start": { "line": 17, "column": 35 }, "end": { "line": 17, "column": 36 } },
				"loc": { "start": { "line": 17, "column": 47 }, "end": { "line": 17, "column": 49 } },
				"line": 17
			},
			"5": {
				"name": "mockedGame",
				"decl": { "start": { "line": 29, "column": 9 }, "end": { "line": 29, "column": 19 } },
				"loc": { "start": { "line": 29, "column": 22 }, "end": { "line": 73, "column": 1 } },
				"line": 29
			},
			"6": {
				"name": "(anonymous_6)",
				"decl": { "start": { "line": 31, "column": 28 }, "end": { "line": 31, "column": 29 } },
				"loc": { "start": { "line": 31, "column": 38 }, "end": { "line": 37, "column": 9 } },
				"line": 31
			},
			"7": {
				"name": "(anonymous_7)",
				"decl": { "start": { "line": 40, "column": 26 }, "end": { "line": 40, "column": 27 } },
				"loc": { "start": { "line": 40, "column": 35 }, "end": { "line": 40, "column": 38 } },
				"line": 40
			},
			"8": {
				"name": "(anonymous_8)",
				"decl": { "start": { "line": 58, "column": 25 }, "end": { "line": 58, "column": 26 } },
				"loc": { "start": { "line": 58, "column": 31 }, "end": { "line": 58, "column": 35 } },
				"line": 58
			},
			"9": {
				"name": "mocked",
				"decl": { "start": { "line": 75, "column": 9 }, "end": { "line": 75, "column": 15 } },
				"loc": { "start": { "line": 75, "column": 56 }, "end": { "line": 81, "column": 1 } },
				"line": 75
			}
		},
		"branchMap": {
			"0": {
				"loc": { "start": { "line": 32, "column": 12 }, "end": { "line": 34, "column": 13 } },
				"type": "if",
				"locations": [
					{ "start": { "line": 32, "column": 12 }, "end": { "line": 34, "column": 13 } },
					{ "start": {}, "end": {} }
				],
				"line": 32
			},
			"1": {
				"loc": { "start": { "line": 75, "column": 16 }, "end": { "line": 75, "column": 35 } },
				"type": "default-arg",
				"locations": [
					{ "start": { "line": 75, "column": 23 }, "end": { "line": 75, "column": 35 } }
				],
				"line": 75
			},
			"2": {
				"loc": { "start": { "line": 75, "column": 37 }, "end": { "line": 75, "column": 54 } },
				"type": "default-arg",
				"locations": [
					{ "start": { "line": 75, "column": 43 }, "end": { "line": 75, "column": 54 } }
				],
				"line": 75
			}
		},
		"s": {
			"0": 2,
			"1": 2,
			"2": 2,
			"3": 2,
			"4": 2,
			"5": 2,
			"6": 2,
			"7": 8,
			"8": 0,
			"9": 3,
			"10": 0,
			"11": 0,
			"12": 2,
			"13": 8,
			"14": 40,
			"15": 40,
			"16": 0,
			"17": 0,
			"18": 28,
			"19": 50,
			"20": 2,
			"21": 8,
			"22": 8,
			"23": 8,
			"24": 8,
			"25": 8,
			"26": 2
		},
		"f": { "0": 8, "1": 0, "2": 3, "3": 0, "4": 0, "5": 8, "6": 40, "7": 28, "8": 50, "9": 8 },
		"b": { "0": [40, 0], "1": [4], "2": [4] },
		"_coverageSchema": "1a1c01bbd47fc00a2c39e90264f33305004495a9",
		"hash": "b212afa2196c11aa592b119ce3f9766542bbefa7"
	},
	"/home/frondeus/Code/fvtt-syrin-control/src/socket.ts": {
		"path": "/home/frondeus/Code/fvtt-syrin-control/src/socket.ts",
		"statementMap": {
			"0": { "start": { "line": 2, "column": 0 }, "end": { "line": 2, "column": 62 } },
			"1": { "start": { "line": 3, "column": 0 }, "end": { "line": 3, "column": 68 } },
			"2": { "start": { "line": 4, "column": 18 }, "end": { "line": 4, "column": 47 } },
			"3": { "start": { "line": 5, "column": 16 }, "end": { "line": 5, "column": 43 } },
			"4": { "start": { "line": 7, "column": 0 }, "end": { "line": 15, "column": 68 } },
			"5": { "start": { "line": 8, "column": 4 }, "end": { "line": 8, "column": 49 } },
			"6": { "start": { "line": 9, "column": 4 }, "end": { "line": 9, "column": 47 } },
			"7": { "start": { "line": 10, "column": 4 }, "end": { "line": 10, "column": 47 } },
			"8": { "start": { "line": 11, "column": 4 }, "end": { "line": 11, "column": 47 } },
			"9": { "start": { "line": 12, "column": 4 }, "end": { "line": 12, "column": 47 } },
			"10": { "start": { "line": 13, "column": 4 }, "end": { "line": 13, "column": 41 } },
			"11": { "start": { "line": 14, "column": 4 }, "end": { "line": 14, "column": 39 } },
			"12": { "start": { "line": 16, "column": 0 }, "end": { "line": 16, "column": 27 } },
			"13": { "start": { "line": 17, "column": 0 }, "end": { "line": 19, "column": 3 } },
			"14": { "start": { "line": 18, "column": 4 }, "end": { "line": 18, "column": 62 } },
			"15": { "start": { "line": 21, "column": 4 }, "end": { "line": 66, "column": 7 } },
			"16": { "start": { "line": 22, "column": 25 }, "end": { "line": 65, "column": 15 } },
			"17": { "start": { "line": 23, "column": 25 }, "end": { "line": 23, "column": 40 } },
			"18": { "start": { "line": 24, "column": 12 }, "end": { "line": 64, "column": 13 } },
			"19": { "start": { "line": 25, "column": 16 }, "end": { "line": 61, "column": 17 } },
			"20": { "start": { "line": 26, "column": 20 }, "end": { "line": 28, "column": 23 } },
			"21": { "start": { "line": 27, "column": 24 }, "end": { "line": 27, "column": 58 } },
			"22": { "start": { "line": 29, "column": 20 }, "end": { "line": 32, "column": 23 } },
			"23": { "start": { "line": 30, "column": 24 }, "end": { "line": 30, "column": 82 } },
			"24": { "start": { "line": 31, "column": 24 }, "end": { "line": 31, "column": 62 } },
			"25": { "start": { "line": 33, "column": 20 }, "end": { "line": 36, "column": 23 } },
			"26": { "start": { "line": 34, "column": 24 }, "end": { "line": 34, "column": 83 } },
			"27": { "start": { "line": 35, "column": 24 }, "end": { "line": 35, "column": 63 } },
			"28": { "start": { "line": 37, "column": 20 }, "end": { "line": 39, "column": 23 } },
			"29": { "start": { "line": 38, "column": 24 }, "end": { "line": 38, "column": 63 } },
			"30": { "start": { "line": 40, "column": 20 }, "end": { "line": 42, "column": 23 } },
			"31": { "start": { "line": 41, "column": 24 }, "end": { "line": 41, "column": 63 } },
			"32": { "start": { "line": 43, "column": 20 }, "end": { "line": 46, "column": 23 } },
			"33": { "start": { "line": 44, "column": 24 }, "end": { "line": 44, "column": 73 } },
			"34": { "start": { "line": 45, "column": 24 }, "end": { "line": 45, "column": 53 } },
			"35": { "start": { "line": 47, "column": 20 }, "end": { "line": 49, "column": 23 } },
			"36": { "start": { "line": 48, "column": 24 }, "end": { "line": 48, "column": 51 } },
			"37": { "start": { "line": 50, "column": 20 }, "end": { "line": 50, "column": 65 } },
			"38": { "start": { "line": 53, "column": 20 }, "end": { "line": 53, "column": 83 } },
			"39": { "start": { "line": 54, "column": 20 }, "end": { "line": 54, "column": 93 } },
			"40": { "start": { "line": 55, "column": 20 }, "end": { "line": 55, "column": 94 } },
			"41": { "start": { "line": 56, "column": 20 }, "end": { "line": 56, "column": 85 } },
			"42": { "start": { "line": 57, "column": 20 }, "end": { "line": 57, "column": 85 } },
			"43": { "start": { "line": 58, "column": 20 }, "end": { "line": 58, "column": 82 } },
			"44": { "start": { "line": 59, "column": 20 }, "end": { "line": 59, "column": 78 } },
			"45": { "start": { "line": 60, "column": 20 }, "end": { "line": 60, "column": 69 } },
			"46": { "start": { "line": 62, "column": 16 }, "end": { "line": 62, "column": 40 } },
			"47": { "start": { "line": 63, "column": 16 }, "end": { "line": 63, "column": 32 } },
			"48": { "start": { "line": 68, "column": 0 }, "end": { "line": 68, "column": 34 } }
		},
		"fnMap": {
			"0": {
				"name": "(anonymous_0)",
				"decl": { "start": { "line": 7, "column": 1 }, "end": { "line": 7, "column": 2 } },
				"loc": { "start": { "line": 7, "column": 24 }, "end": { "line": 15, "column": 1 } },
				"line": 7
			},
			"1": {
				"name": "(anonymous_1)",
				"decl": { "start": { "line": 17, "column": 30 }, "end": { "line": 17, "column": 31 } },
				"loc": { "start": { "line": 17, "column": 36 }, "end": { "line": 19, "column": 1 } },
				"line": 17
			},
			"2": {
				"name": "setupSocket",
				"decl": { "start": { "line": 20, "column": 9 }, "end": { "line": 20, "column": 20 } },
				"loc": { "start": { "line": 20, "column": 26 }, "end": { "line": 67, "column": 1 } },
				"line": 20
			},
			"3": {
				"name": "(anonymous_3)",
				"decl": { "start": { "line": 21, "column": 23 }, "end": { "line": 21, "column": 24 } },
				"loc": { "start": { "line": 21, "column": 36 }, "end": { "line": 66, "column": 5 } },
				"line": 21
			},
			"4": {
				"name": "(anonymous_4)",
				"decl": { "start": { "line": 22, "column": 37 }, "end": { "line": 22, "column": 38 } },
				"loc": { "start": { "line": 22, "column": 43 }, "end": { "line": 65, "column": 9 } },
				"line": 22
			},
			"5": {
				"name": "(anonymous_5)",
				"decl": { "start": { "line": 26, "column": 72 }, "end": { "line": 26, "column": 73 } },
				"loc": { "start": { "line": 26, "column": 82 }, "end": { "line": 28, "column": 21 } },
				"line": 26
			},
			"6": {
				"name": "(anonymous_6)",
				"decl": { "start": { "line": 29, "column": 71 }, "end": { "line": 29, "column": 72 } },
				"loc": { "start": { "line": 29, "column": 86 }, "end": { "line": 32, "column": 21 } },
				"line": 29
			},
			"7": {
				"name": "(anonymous_7)",
				"decl": { "start": { "line": 33, "column": 71 }, "end": { "line": 33, "column": 72 } },
				"loc": { "start": { "line": 33, "column": 87 }, "end": { "line": 36, "column": 21 } },
				"line": 33
			},
			"8": {
				"name": "(anonymous_8)",
				"decl": { "start": { "line": 37, "column": 71 }, "end": { "line": 37, "column": 72 } },
				"loc": { "start": { "line": 37, "column": 85 }, "end": { "line": 39, "column": 21 } },
				"line": 37
			},
			"9": {
				"name": "(anonymous_9)",
				"decl": { "start": { "line": 40, "column": 71 }, "end": { "line": 40, "column": 72 } },
				"loc": { "start": { "line": 40, "column": 85 }, "end": { "line": 42, "column": 21 } },
				"line": 40
			},
			"10": {
				"name": "(anonymous_10)",
				"decl": { "start": { "line": 43, "column": 68 }, "end": { "line": 43, "column": 69 } },
				"loc": { "start": { "line": 43, "column": 76 }, "end": { "line": 46, "column": 21 } },
				"line": 43
			},
			"11": {
				"name": "(anonymous_11)",
				"decl": { "start": { "line": 47, "column": 67 }, "end": { "line": 47, "column": 68 } },
				"loc": { "start": { "line": 47, "column": 73 }, "end": { "line": 49, "column": 21 } },
				"line": 47
			},
			"12": {
				"name": "(anonymous_12)",
				"decl": { "start": { "line": 53, "column": 72 }, "end": { "line": 53, "column": 73 } },
				"loc": { "start": { "line": 53, "column": 78 }, "end": { "line": 53, "column": 81 } },
				"line": 53
			},
			"13": {
				"name": "(anonymous_13)",
				"decl": { "start": { "line": 54, "column": 71 }, "end": { "line": 54, "column": 72 } },
				"loc": { "start": { "line": 54, "column": 88 }, "end": { "line": 54, "column": 91 } },
				"line": 54
			},
			"14": {
				"name": "(anonymous_14)",
				"decl": { "start": { "line": 55, "column": 71 }, "end": { "line": 55, "column": 72 } },
				"loc": { "start": { "line": 55, "column": 89 }, "end": { "line": 55, "column": 92 } },
				"line": 55
			},
			"15": {
				"name": "(anonymous_15)",
				"decl": { "start": { "line": 56, "column": 71 }, "end": { "line": 56, "column": 72 } },
				"loc": { "start": { "line": 56, "column": 80 }, "end": { "line": 56, "column": 83 } },
				"line": 56
			},
			"16": {
				"name": "(anonymous_16)",
				"decl": { "start": { "line": 57, "column": 71 }, "end": { "line": 57, "column": 72 } },
				"loc": { "start": { "line": 57, "column": 80 }, "end": { "line": 57, "column": 83 } },
				"line": 57
			},
			"17": {
				"name": "(anonymous_17)",
				"decl": { "start": { "line": 58, "column": 68 }, "end": { "line": 58, "column": 69 } },
				"loc": { "start": { "line": 58, "column": 77 }, "end": { "line": 58, "column": 80 } },
				"line": 58
			},
			"18": {
				"name": "(anonymous_18)",
				"decl": { "start": { "line": 59, "column": 67 }, "end": { "line": 59, "column": 68 } },
				"loc": { "start": { "line": 59, "column": 73 }, "end": { "line": 59, "column": 76 } },
				"line": 59
			}
		},
		"branchMap": {
			"0": {
				"loc": { "start": { "line": 15, "column": 17 }, "end": { "line": 15, "column": 66 } },
				"type": "binary-expr",
				"locations": [
					{ "start": { "line": 15, "column": 17 }, "end": { "line": 15, "column": 36 } },
					{ "start": { "line": 15, "column": 41 }, "end": { "line": 15, "column": 65 } }
				],
				"line": 15
			},
			"1": {
				"loc": { "start": { "line": 24, "column": 12 }, "end": { "line": 64, "column": 13 } },
				"type": "if",
				"locations": [
					{ "start": { "line": 24, "column": 12 }, "end": { "line": 64, "column": 13 } },
					{ "start": {}, "end": {} }
				],
				"line": 24
			},
			"2": {
				"loc": { "start": { "line": 25, "column": 16 }, "end": { "line": 61, "column": 17 } },
				"type": "if",
				"locations": [
					{ "start": { "line": 25, "column": 16 }, "end": { "line": 61, "column": 17 } },
					{ "start": { "line": 52, "column": 21 }, "end": { "line": 61, "column": 17 } }
				],
				"line": 25
			}
		},
		"s": {
			"0": 2,
			"1": 2,
			"2": 2,
			"3": 2,
			"4": 2,
			"5": 2,
			"6": 2,
			"7": 2,
			"8": 2,
			"9": 2,
			"10": 2,
			"11": 2,
			"12": 2,
			"13": 2,
			"14": 0,
			"15": 0,
			"16": 0,
			"17": 0,
			"18": 0,
			"19": 0,
			"20": 0,
			"21": 0,
			"22": 0,
			"23": 0,
			"24": 0,
			"25": 0,
			"26": 0,
			"27": 0,
			"28": 0,
			"29": 0,
			"30": 0,
			"31": 0,
			"32": 0,
			"33": 0,
			"34": 0,
			"35": 0,
			"36": 0,
			"37": 0,
			"38": 0,
			"39": 0,
			"40": 0,
			"41": 0,
			"42": 0,
			"43": 0,
			"44": 0,
			"45": 0,
			"46": 0,
			"47": 0,
			"48": 2
		},
		"f": {
			"0": 2,
			"1": 0,
			"2": 0,
			"3": 0,
			"4": 0,
			"5": 0,
			"6": 0,
			"7": 0,
			"8": 0,
			"9": 0,
			"10": 0,
			"11": 0,
			"12": 0,
			"13": 0,
			"14": 0,
			"15": 0,
			"16": 0,
			"17": 0,
			"18": 0
		},
		"b": { "0": [2, 2], "1": [0, 0], "2": [0, 0] },
		"_coverageSchema": "1a1c01bbd47fc00a2c39e90264f33305004495a9",
		"hash": "650fc9f53e81180e66f70731479221a928089dd8"
	},
	"/home/frondeus/Code/fvtt-syrin-control/src/components/WithSyrinContext.svelte": {
		"path": "/home/frondeus/Code/fvtt-syrin-control/src/components/WithSyrinContext.svelte",
		"statementMap": {
			"0": { "start": { "line": 4, "column": 356 }, "end": { "line": 4, "column": 382 } },
			"1": { "start": { "line": 5, "column": 23 }, "end": { "line": 5, "column": 40 } },
			"2": { "start": { "line": 6, "column": 19 }, "end": { "line": 6, "column": 46 } },
			"3": { "start": { "line": 7, "column": 13 }, "end": { "line": 7, "column": 38 } },
			"4": { "start": { "line": 13, "column": 39 }, "end": { "line": 13, "column": 63 } },
			"5": { "start": { "line": 14, "column": 34 }, "end": { "line": 14, "column": 40 } },
			"6": { "start": { "line": 17, "column": 30 }, "end": { "line": 17, "column": 32 } },
			"7": { "start": { "line": 19, "column": 2 }, "end": { "line": 21, "column": 3 } },
			"8": { "start": { "line": 19, "column": 15 }, "end": { "line": 19, "column": 16 } },
			"9": { "start": { "line": 20, "column": 3 }, "end": { "line": 20, "column": 91 } },
			"10": { "start": { "line": 23, "column": 2 }, "end": { "line": 26, "column": 4 } },
			"11": { "start": { "line": 29, "column": 1 }, "end": { "line": 31, "column": 2 } },
			"12": { "start": { "line": 30, "column": 2 }, "end": { "line": 30, "column": 84 } },
			"13": { "start": { "line": 33, "column": 15 }, "end": { "line": 88, "column": 2 } },
			"14": { "start": { "line": 35, "column": 3 }, "end": { "line": 35, "column": 70 } },
			"15": { "start": { "line": 35, "column": 24 }, "end": { "line": 35, "column": 70 } },
			"16": { "start": { "line": 36, "column": 3 }, "end": { "line": 36, "column": 36 } },
			"17": { "start": { "line": 39, "column": 3 }, "end": { "line": 39, "column": 114 } },
			"18": { "start": { "line": 42, "column": 3 }, "end": { "line": 42, "column": 73 } },
			"19": { "start": { "line": 42, "column": 24 }, "end": { "line": 42, "column": 73 } },
			"20": { "start": { "line": 43, "column": 3 }, "end": { "line": 43, "column": 54 } },
			"21": { "start": { "line": 44, "column": 3 }, "end": { "line": 44, "column": 18 } },
			"22": { "start": { "line": 47, "column": 35 }, "end": { "line": 49, "column": 7 } },
			"23": { "start": { "line": 51, "column": 3 }, "end": { "line": 73, "column": 4 } },
			"24": { "start": { "line": 52, "column": 4 }, "end": { "line": 61, "column": 5 } },
			"25": { "start": { "line": 53, "column": 5 }, "end": { "line": 53, "column": 20 } },
			"26": { "start": { "line": 54, "column": 27 }, "end": { "line": 54, "column": 42 } },
			"27": { "start": { "line": 56, "column": 5 }, "end": { "line": 58, "column": 8 } },
			"28": { "start": { "line": 57, "column": 6 }, "end": { "line": 57, "column": 42 } },
			"29": { "start": { "line": 60, "column": 5 }, "end": { "line": 60, "column": 20 } },
			"30": { "start": { "line": 63, "column": 4 }, "end": { "line": 70, "column": 5 } },
			"31": { "start": { "line": 64, "column": 5 }, "end": { "line": 64, "column": 87 } },
			"32": { "start": { "line": 65, "column": 5 }, "end": { "line": 65, "column": 51 } },
			"33": { "start": { "line": 66, "column": 5 }, "end": { "line": 66, "column": 51 } },
			"34": { "start": { "line": 67, "column": 5 }, "end": { "line": 67, "column": 97 } },
			"35": { "start": { "line": 69, "column": 5 }, "end": { "line": 69, "column": 28 } },
			"36": { "start": { "line": 71, "column": 10 }, "end": { "line": 73, "column": 4 } },
			"37": { "start": { "line": 72, "column": 4 }, "end": { "line": 72, "column": 50 } },
			"38": { "start": { "line": 76, "column": 3 }, "end": { "line": 76, "column": 23 } },
			"39": { "start": { "line": 76, "column": 16 }, "end": { "line": 76, "column": 23 } },
			"40": { "start": { "line": 77, "column": 3 }, "end": { "line": 77, "column": 74 } },
			"41": { "start": { "line": 77, "column": 24 }, "end": { "line": 77, "column": 74 } },
			"42": { "start": { "line": 78, "column": 3 }, "end": { "line": 78, "column": 18 } },
			"43": { "start": { "line": 81, "column": 3 }, "end": { "line": 81, "column": 75 } },
			"44": { "start": { "line": 81, "column": 24 }, "end": { "line": 81, "column": 75 } },
			"45": { "start": { "line": 82, "column": 3 }, "end": { "line": 82, "column": 19 } },
			"46": { "start": { "line": 85, "column": 3 }, "end": { "line": 85, "column": 53 } },
			"47": { "start": { "line": 85, "column": 18 }, "end": { "line": 85, "column": 53 } },
			"48": { "start": { "line": 86, "column": 3 }, "end": { "line": 86, "column": 70 } },
			"49": { "start": { "line": 86, "column": 24 }, "end": { "line": 86, "column": 70 } },
			"50": { "start": { "line": 90, "column": 1 }, "end": { "line": 96, "column": 4 } },
			"51": { "start": { "line": 98, "column": 1 }, "end": { "line": 98, "column": 14 } },
			"52": { "start": { "line": 102, "column": 26 }, "end": { "line": 102, "column": 49 } },
			"53": { "start": { "line": 103, "column": 19 }, "end": { "line": 103, "column": 64 } },
			"54": { "start": { "line": 104, "column": 40 }, "end": { "line": 104, "column": 47 } },
			"55": { "start": { "line": 105, "column": 1 }, "end": { "line": 105, "column": 47 } },
			"56": { "start": { "line": 106, "column": 21 }, "end": { "line": 106, "column": 28 } },
			"57": { "start": { "line": 107, "column": 19 }, "end": { "line": 107, "column": 26 } },
			"58": { "start": { "line": 108, "column": 1 }, "end": { "line": 108, "column": 29 } },
			"59": { "start": { "line": 110, "column": 1 }, "end": { "line": 118, "column": 4 } },
			"60": { "start": { "line": 111, "column": 2 }, "end": { "line": 113, "column": 3 } },
			"61": { "start": { "line": 112, "column": 3 }, "end": { "line": 112, "column": 84 } },
			"62": { "start": { "line": 115, "column": 2 }, "end": { "line": 117, "column": 3 } },
			"63": { "start": { "line": 116, "column": 3 }, "end": { "line": 116, "column": 82 } },
			"64": { "start": { "line": 120, "column": 1 }, "end": { "line": 125, "column": 3 } },
			"65": { "start": { "line": 121, "column": 2 }, "end": { "line": 121, "column": 77 } },
			"66": { "start": { "line": 122, "column": 2 }, "end": { "line": 122, "column": 79 } },
			"67": { "start": { "line": 123, "column": 2 }, "end": { "line": 123, "column": 85 } },
			"68": { "start": { "line": 123, "column": 34 }, "end": { "line": 123, "column": 85 } },
			"69": { "start": { "line": 124, "column": 2 }, "end": { "line": 124, "column": 79 } },
			"70": { "start": { "line": 124, "column": 32 }, "end": { "line": 124, "column": 79 } },
			"71": { "start": { "line": 127, "column": 1 }, "end": { "line": 127, "column": 76 } },
			"72": { "start": { "line": 127, "column": 32 }, "end": { "line": 127, "column": 74 } },
			"73": { "start": { "line": 129, "column": 1 }, "end": { "line": 132, "column": 3 } },
			"74": { "start": { "line": 130, "column": 2 }, "end": { "line": 130, "column": 81 } },
			"75": { "start": { "line": 130, "column": 30 }, "end": { "line": 130, "column": 81 } },
			"76": { "start": { "line": 131, "column": 2 }, "end": { "line": 131, "column": 75 } },
			"77": { "start": { "line": 131, "column": 28 }, "end": { "line": 131, "column": 75 } },
			"78": { "start": { "line": 134, "column": 1 }, "end": { "line": 136, "column": 2 } },
			"79": { "start": { "line": 135, "column": 2 }, "end": { "line": 135, "column": 41 } },
			"80": { "start": { "line": 138, "column": 1 }, "end": { "line": 138, "column": 42 } },
			"81": { "start": { "line": 143, "column": 2 }, "end": { "line": 143, "column": 17 } },
			"82": { "start": { "line": 144, "column": 2 }, "end": { "line": 144, "column": 95 } },
			"83": { "start": { "line": 146, "column": 2 }, "end": { "line": 151, "column": 5 } },
			"84": { "start": { "line": 155, "column": 2 }, "end": { "line": 155, "column": 24 } },
			"85": { "start": { "line": 159, "column": 2 }, "end": { "line": 159, "column": 28 } },
			"86": { "start": { "line": 160, "column": 2 }, "end": { "line": 160, "column": 10 } },
			"87": { "start": { "line": 164, "column": 2 }, "end": { "line": 164, "column": 24 } },
			"88": { "start": { "line": 168, "column": 2 }, "end": { "line": 168, "column": 26 } },
			"89": { "start": { "line": 169, "column": 2 }, "end": { "line": 169, "column": 10 } },
			"90": { "start": { "line": 173, "column": 0 }, "end": { "line": 173, "column": 35 } },
			"91": { "start": { "line": 173, "column": 35 }, "end": { "line": 173, "column": 97 } }
		},
		"fnMap": {
			"0": {
				"name": "create_fragment",
				"decl": { "start": { "line": 9, "column": 9 }, "end": { "line": 9, "column": 24 } },
				"loc": { "start": { "line": 9, "column": 30 }, "end": { "line": 99, "column": 1 } },
				"line": 9
			},
			"1": {
				"name": "switch_props",
				"decl": { "start": { "line": 16, "column": 10 }, "end": { "line": 16, "column": 22 } },
				"loc": { "start": { "line": 16, "column": 28 }, "end": { "line": 27, "column": 2 } },
				"line": 16
			},
			"2": {
				"name": "create",
				"decl": { "start": { "line": 34, "column": 14 }, "end": { "line": 34, "column": 20 } },
				"loc": { "start": { "line": 34, "column": 23 }, "end": { "line": 37, "column": 3 } },
				"line": 34
			},
			"3": {
				"name": "claim",
				"decl": { "start": { "line": 38, "column": 14 }, "end": { "line": 38, "column": 19 } },
				"loc": { "start": { "line": 38, "column": 27 }, "end": { "line": 40, "column": 3 } },
				"line": 38
			},
			"4": {
				"name": "mount",
				"decl": { "start": { "line": 41, "column": 14 }, "end": { "line": 41, "column": 19 } },
				"loc": { "start": { "line": 41, "column": 36 }, "end": { "line": 45, "column": 3 } },
				"line": 41
			},
			"5": {
				"name": "update",
				"decl": { "start": { "line": 46, "column": 14 }, "end": { "line": 46, "column": 20 } },
				"loc": { "start": { "line": 46, "column": 35 }, "end": { "line": 74, "column": 3 } },
				"line": 46
			},
			"6": {
				"name": "(anonymous_6)",
				"decl": { "start": { "line": 56, "column": 53 }, "end": { "line": 56, "column": 54 } },
				"loc": { "start": { "line": 56, "column": 59 }, "end": { "line": 58, "column": 6 } },
				"line": 56
			},
			"7": {
				"name": "intro",
				"decl": { "start": { "line": 75, "column": 14 }, "end": { "line": 75, "column": 19 } },
				"loc": { "start": { "line": 75, "column": 27 }, "end": { "line": 79, "column": 3 } },
				"line": 75
			},
			"8": {
				"name": "outro",
				"decl": { "start": { "line": 80, "column": 14 }, "end": { "line": 80, "column": 19 } },
				"loc": { "start": { "line": 80, "column": 27 }, "end": { "line": 83, "column": 3 } },
				"line": 80
			},
			"9": {
				"name": "destroy",
				"decl": { "start": { "line": 84, "column": 14 }, "end": { "line": 84, "column": 21 } },
				"loc": { "start": { "line": 84, "column": 33 }, "end": { "line": 87, "column": 3 } },
				"line": 84
			},
			"10": {
				"name": "instance",
				"decl": { "start": { "line": 101, "column": 9 }, "end": { "line": 101, "column": 17 } },
				"loc": { "start": { "line": 101, "column": 49 }, "end": { "line": 139, "column": 1 } },
				"line": 101
			},
			"11": {
				"name": "(anonymous_11)",
				"decl": { "start": { "line": 110, "column": 25 }, "end": { "line": 110, "column": 26 } },
				"loc": { "start": { "line": 110, "column": 37 }, "end": { "line": 118, "column": 2 } },
				"line": 110
			},
			"12": {
				"name": "(anonymous_12)",
				"decl": { "start": { "line": 120, "column": 16 }, "end": { "line": 120, "column": 17 } },
				"loc": { "start": { "line": 120, "column": 31 }, "end": { "line": 125, "column": 2 } },
				"line": 120
			},
			"13": {
				"name": "(anonymous_13)",
				"decl": { "start": { "line": 127, "column": 25 }, "end": { "line": 127, "column": 26 } },
				"loc": { "start": { "line": 127, "column": 32 }, "end": { "line": 127, "column": 74 } },
				"line": 127
			},
			"14": {
				"name": "(anonymous_14)",
				"decl": { "start": { "line": 129, "column": 24 }, "end": { "line": 129, "column": 25 } },
				"loc": { "start": { "line": 129, "column": 39 }, "end": { "line": 132, "column": 2 } },
				"line": 129
			},
			"15": {
				"name": "(anonymous_15)",
				"decl": { "start": { "line": 142, "column": 1 }, "end": { "line": 142, "column": 2 } },
				"loc": { "start": { "line": 142, "column": 22 }, "end": { "line": 152, "column": 2 } },
				"line": 142
			},
			"16": {
				"name": "(anonymous_16)",
				"decl": { "start": { "line": 154, "column": 1 }, "end": { "line": 154, "column": 2 } },
				"loc": { "start": { "line": 154, "column": 17 }, "end": { "line": 156, "column": 2 } },
				"line": 154
			},
			"17": {
				"name": "(anonymous_17)",
				"decl": { "start": { "line": 158, "column": 1 }, "end": { "line": 158, "column": 2 } },
				"loc": { "start": { "line": 158, "column": 26 }, "end": { "line": 161, "column": 2 } },
				"line": 158
			},
			"18": {
				"name": "(anonymous_18)",
				"decl": { "start": { "line": 163, "column": 1 }, "end": { "line": 163, "column": 2 } },
				"loc": { "start": { "line": 163, "column": 15 }, "end": { "line": 165, "column": 2 } },
				"line": 163
			},
			"19": {
				"name": "(anonymous_19)",
				"decl": { "start": { "line": 167, "column": 1 }, "end": { "line": 167, "column": 2 } },
				"loc": { "start": { "line": 167, "column": 22 }, "end": { "line": 170, "column": 2 } },
				"line": 167
			}
		},
		"branchMap": {
			"0": {
				"loc": { "start": { "line": 29, "column": 1 }, "end": { "line": 31, "column": 2 } },
				"type": "if",
				"locations": [
					{ "start": { "line": 29, "column": 1 }, "end": { "line": 31, "column": 2 } },
					{ "start": {}, "end": {} }
				],
				"line": 29
			},
			"1": {
				"loc": { "start": { "line": 35, "column": 3 }, "end": { "line": 35, "column": 70 } },
				"type": "if",
				"locations": [
					{ "start": { "line": 35, "column": 3 }, "end": { "line": 35, "column": 70 } },
					{ "start": {}, "end": {} }
				],
				"line": 35
			},
			"2": {
				"loc": { "start": { "line": 42, "column": 3 }, "end": { "line": 42, "column": 73 } },
				"type": "if",
				"locations": [
					{ "start": { "line": 42, "column": 3 }, "end": { "line": 42, "column": 73 } },
					{ "start": {}, "end": {} }
				],
				"line": 42
			},
			"3": {
				"loc": { "start": { "line": 47, "column": 35 }, "end": { "line": 49, "column": 7 } },
				"type": "cond-expr",
				"locations": [
					{ "start": { "line": 48, "column": 5 }, "end": { "line": 48, "column": 98 } },
					{ "start": { "line": 49, "column": 5 }, "end": { "line": 49, "column": 7 } }
				],
				"line": 47
			},
			"4": {
				"loc": { "start": { "line": 51, "column": 3 }, "end": { "line": 73, "column": 4 } },
				"type": "if",
				"locations": [
					{ "start": { "line": 51, "column": 3 }, "end": { "line": 73, "column": 4 } },
					{ "start": { "line": 71, "column": 10 }, "end": { "line": 73, "column": 4 } }
				],
				"line": 51
			},
			"5": {
				"loc": { "start": { "line": 52, "column": 4 }, "end": { "line": 61, "column": 5 } },
				"type": "if",
				"locations": [
					{ "start": { "line": 52, "column": 4 }, "end": { "line": 61, "column": 5 } },
					{ "start": {}, "end": {} }
				],
				"line": 52
			},
			"6": {
				"loc": { "start": { "line": 63, "column": 4 }, "end": { "line": 70, "column": 5 } },
				"type": "if",
				"locations": [
					{ "start": { "line": 63, "column": 4 }, "end": { "line": 70, "column": 5 } },
					{ "start": { "line": 68, "column": 11 }, "end": { "line": 70, "column": 5 } }
				],
				"line": 63
			},
			"7": {
				"loc": { "start": { "line": 71, "column": 10 }, "end": { "line": 73, "column": 4 } },
				"type": "if",
				"locations": [
					{ "start": { "line": 71, "column": 10 }, "end": { "line": 73, "column": 4 } },
					{ "start": {}, "end": {} }
				],
				"line": 71
			},
			"8": {
				"loc": { "start": { "line": 76, "column": 3 }, "end": { "line": 76, "column": 23 } },
				"type": "if",
				"locations": [
					{ "start": { "line": 76, "column": 3 }, "end": { "line": 76, "column": 23 } },
					{ "start": {}, "end": {} }
				],
				"line": 76
			},
			"9": {
				"loc": { "start": { "line": 77, "column": 3 }, "end": { "line": 77, "column": 74 } },
				"type": "if",
				"locations": [
					{ "start": { "line": 77, "column": 3 }, "end": { "line": 77, "column": 74 } },
					{ "start": {}, "end": {} }
				],
				"line": 77
			},
			"10": {
				"loc": { "start": { "line": 81, "column": 3 }, "end": { "line": 81, "column": 75 } },
				"type": "if",
				"locations": [
					{ "start": { "line": 81, "column": 3 }, "end": { "line": 81, "column": 75 } },
					{ "start": {}, "end": {} }
				],
				"line": 81
			},
			"11": {
				"loc": { "start": { "line": 85, "column": 3 }, "end": { "line": 85, "column": 53 } },
				"type": "if",
				"locations": [
					{ "start": { "line": 85, "column": 3 }, "end": { "line": 85, "column": 53 } },
					{ "start": {}, "end": {} }
				],
				"line": 85
			},
			"12": {
				"loc": { "start": { "line": 86, "column": 3 }, "end": { "line": 86, "column": 70 } },
				"type": "if",
				"locations": [
					{ "start": { "line": 86, "column": 3 }, "end": { "line": 86, "column": 70 } },
					{ "start": {}, "end": {} }
				],
				"line": 86
			},
			"13": {
				"loc": { "start": { "line": 104, "column": 16 }, "end": { "line": 104, "column": 26 } },
				"type": "default-arg",
				"locations": [
					{ "start": { "line": 104, "column": 24 }, "end": { "line": 104, "column": 26 } }
				],
				"line": 104
			},
			"14": {
				"loc": { "start": { "line": 111, "column": 2 }, "end": { "line": 113, "column": 3 } },
				"type": "if",
				"locations": [
					{ "start": { "line": 111, "column": 2 }, "end": { "line": 113, "column": 3 } },
					{ "start": {}, "end": {} }
				],
				"line": 111
			},
			"15": {
				"loc": { "start": { "line": 111, "column": 6 }, "end": { "line": 111, "column": 107 } },
				"type": "binary-expr",
				"locations": [
					{ "start": { "line": 111, "column": 6 }, "end": { "line": 111, "column": 29 } },
					{ "start": { "line": 111, "column": 33 }, "end": { "line": 111, "column": 107 } }
				],
				"line": 111
			},
			"16": {
				"loc": { "start": { "line": 111, "column": 35 }, "end": { "line": 111, "column": 106 } },
				"type": "binary-expr",
				"locations": [
					{ "start": { "line": 111, "column": 35 }, "end": { "line": 111, "column": 57 } },
					{ "start": { "line": 111, "column": 61 }, "end": { "line": 111, "column": 106 } }
				],
				"line": 111
			},
			"17": {
				"loc": { "start": { "line": 115, "column": 2 }, "end": { "line": 117, "column": 3 } },
				"type": "if",
				"locations": [
					{ "start": { "line": 115, "column": 2 }, "end": { "line": 117, "column": 3 } },
					{ "start": {}, "end": {} }
				],
				"line": 115
			},
			"18": {
				"loc": { "start": { "line": 115, "column": 6 }, "end": { "line": 115, "column": 101 } },
				"type": "binary-expr",
				"locations": [
					{ "start": { "line": 115, "column": 6 }, "end": { "line": 115, "column": 27 } },
					{ "start": { "line": 115, "column": 31 }, "end": { "line": 115, "column": 101 } }
				],
				"line": 115
			},
			"19": {
				"loc": { "start": { "line": 115, "column": 33 }, "end": { "line": 115, "column": 100 } },
				"type": "binary-expr",
				"locations": [
					{ "start": { "line": 115, "column": 33 }, "end": { "line": 115, "column": 53 } },
					{ "start": { "line": 115, "column": 57 }, "end": { "line": 115, "column": 100 } }
				],
				"line": 115
			},
			"20": {
				"loc": { "start": { "line": 123, "column": 2 }, "end": { "line": 123, "column": 85 } },
				"type": "if",
				"locations": [
					{ "start": { "line": 123, "column": 2 }, "end": { "line": 123, "column": 85 } },
					{ "start": {}, "end": {} }
				],
				"line": 123
			},
			"21": {
				"loc": { "start": { "line": 124, "column": 2 }, "end": { "line": 124, "column": 79 } },
				"type": "if",
				"locations": [
					{ "start": { "line": 124, "column": 2 }, "end": { "line": 124, "column": 79 } },
					{ "start": {}, "end": {} }
				],
				"line": 124
			},
			"22": {
				"loc": { "start": { "line": 130, "column": 2 }, "end": { "line": 130, "column": 81 } },
				"type": "if",
				"locations": [
					{ "start": { "line": 130, "column": 2 }, "end": { "line": 130, "column": 81 } },
					{ "start": {}, "end": {} }
				],
				"line": 130
			},
			"23": {
				"loc": { "start": { "line": 131, "column": 2 }, "end": { "line": 131, "column": 75 } },
				"type": "if",
				"locations": [
					{ "start": { "line": 131, "column": 2 }, "end": { "line": 131, "column": 75 } },
					{ "start": {}, "end": {} }
				],
				"line": 131
			},
			"24": {
				"loc": { "start": { "line": 134, "column": 1 }, "end": { "line": 136, "column": 2 } },
				"type": "if",
				"locations": [
					{ "start": { "line": 134, "column": 1 }, "end": { "line": 136, "column": 2 } },
					{ "start": {}, "end": {} }
				],
				"line": 134
			},
			"25": {
				"loc": { "start": { "line": 134, "column": 5 }, "end": { "line": 134, "column": 37 } },
				"type": "binary-expr",
				"locations": [
					{ "start": { "line": 134, "column": 5 }, "end": { "line": 134, "column": 12 } },
					{ "start": { "line": 134, "column": 16 }, "end": { "line": 134, "column": 37 } }
				],
				"line": 134
			}
		},
		"s": {
			"0": 2,
			"1": 2,
			"2": 2,
			"3": 2,
			"4": 8,
			"5": 8,
			"6": 8,
			"7": 8,
			"8": 8,
			"9": 8,
			"10": 8,
			"11": 8,
			"12": 8,
			"13": 8,
			"14": 8,
			"15": 8,
			"16": 8,
			"17": 0,
			"18": 8,
			"19": 8,
			"20": 8,
			"21": 8,
			"22": 0,
			"23": 0,
			"24": 0,
			"25": 0,
			"26": 0,
			"27": 0,
			"28": 0,
			"29": 0,
			"30": 0,
			"31": 0,
			"32": 0,
			"33": 0,
			"34": 0,
			"35": 0,
			"36": 0,
			"37": 0,
			"38": 0,
			"39": 0,
			"40": 0,
			"41": 0,
			"42": 0,
			"43": 0,
			"44": 0,
			"45": 0,
			"46": 8,
			"47": 8,
			"48": 8,
			"49": 8,
			"50": 8,
			"51": 8,
			"52": 8,
			"53": 8,
			"54": 8,
			"55": 8,
			"56": 8,
			"57": 8,
			"58": 8,
			"59": 8,
			"60": 8,
			"61": 0,
			"62": 8,
			"63": 0,
			"64": 8,
			"65": 0,
			"66": 0,
			"67": 0,
			"68": 0,
			"69": 0,
			"70": 0,
			"71": 8,
			"72": 0,
			"73": 8,
			"74": 0,
			"75": 0,
			"76": 0,
			"77": 0,
			"78": 8,
			"79": 0,
			"80": 8,
			"81": 8,
			"82": 8,
			"83": 8,
			"84": 0,
			"85": 0,
			"86": 0,
			"87": 0,
			"88": 0,
			"89": 0,
			"90": 2,
			"91": 2
		},
		"f": {
			"0": 8,
			"1": 8,
			"2": 8,
			"3": 0,
			"4": 8,
			"5": 0,
			"6": 0,
			"7": 0,
			"8": 0,
			"9": 8,
			"10": 8,
			"11": 8,
			"12": 0,
			"13": 0,
			"14": 0,
			"15": 8,
			"16": 0,
			"17": 0,
			"18": 0,
			"19": 0
		},
		"b": {
			"0": [8, 0],
			"1": [8, 0],
			"2": [8, 0],
			"3": [0, 0],
			"4": [0, 0],
			"5": [0, 0],
			"6": [0, 0],
			"7": [0, 0],
			"8": [0, 0],
			"9": [0, 0],
			"10": [0, 0],
			"11": [8, 0],
			"12": [8, 0],
			"13": [8],
			"14": [0, 8],
			"15": [8, 0],
			"16": [0, 0],
			"17": [0, 8],
			"18": [8, 0],
			"19": [0, 0],
			"20": [0, 0],
			"21": [0, 0],
			"22": [0, 0],
			"23": [0, 0],
			"24": [0, 8],
			"25": [8, 8]
		},
		"inputSourceMap": {
			"0": "{",
			"1": "\"",
			"2": "v",
			"3": "e",
			"4": "r",
			"5": "s",
			"6": "i",
			"7": "o",
			"8": "n",
			"9": "\"",
			"10": ":",
			"11": "3",
			"12": ",",
			"13": "\"",
			"14": "m",
			"15": "a",
			"16": "p",
			"17": "p",
			"18": "i",
			"19": "n",
			"20": "g",
			"21": "s",
			"22": "\"",
			"23": ":",
			"24": "\"",
			"25": ";",
			"26": ";",
			"27": ";",
			"28": ";",
			"29": "Q",
			"30": "A",
			"31": "A",
			"32": "i",
			"33": "B",
			"34": ",",
			"35": "U",
			"36": "A",
			"37": "A",
			"38": "A",
			"39": ";",
			"40": ";",
			"41": ";",
			"42": ";",
			"43": ";",
			"44": ";",
			"45": ";",
			"46": ";",
			"47": "w",
			"48": "D",
			"49": "A",
			"50": "U",
			"51": "s",
			"52": "B",
			"53": ",",
			"54": "G",
			"55": "A",
			"56": "A",
			"57": "W",
			"58": ";",
			"59": "k",
			"60": "C",
			"61": "A",
			"62": "A",
			"63": "1",
			"64": "B",
			"65": ",",
			"66": "G",
			"67": "A",
			"68": "A",
			"69": "S",
			"70": ";",
			"71": ";",
			"72": ";",
			"73": ";",
			"74": ";",
			"75": ";",
			"76": ";",
			"77": ";",
			"78": ";",
			"79": ";",
			"80": ";",
			"81": ";",
			"82": ";",
			"83": ";",
			"84": ";",
			"85": ";",
			"86": ";",
			"87": ";",
			"88": ";",
			"89": ";",
			"90": ";",
			"91": ";",
			"92": ";",
			"93": ";",
			"94": ";",
			"95": ";",
			"96": ";",
			"97": ";",
			"98": ";",
			"99": ";",
			"100": ";",
			"101": ";",
			"102": ";",
			"103": ";",
			"104": "y",
			"105": "F",
			"106": "A",
			"107": "A",
			"108": "M",
			"109": ",",
			"110": "G",
			"111": "A",
			"112": "A",
			"113": "W",
			"114": ";",
			"115": ";",
			"116": ";",
			"117": "s",
			"118": "D",
			"119": "A",
			"120": "A",
			"121": "1",
			"122": "B",
			"123": ",",
			"124": "G",
			"125": "A",
			"126": "A",
			"127": "S",
			"128": ";",
			"129": ";",
			"130": ";",
			"131": ";",
			"132": ";",
			"133": ";",
			"134": ";",
			"135": ";",
			"136": ";",
			"137": ";",
			"138": ";",
			"139": ";",
			"140": ";",
			"141": ";",
			"142": ";",
			"143": ";",
			"144": ";",
			"145": ";",
			"146": ";",
			"147": ";",
			"148": ";",
			"149": ";",
			"150": ";",
			"151": ";",
			"152": ";",
			"153": ";",
			"154": ";",
			"155": ";",
			"156": ";",
			"157": ";",
			"158": ";",
			"159": ";",
			"160": ";",
			"161": ";",
			"162": ";",
			"163": ";",
			"164": ";",
			"165": ";",
			"166": ";",
			"167": ";",
			"168": ";",
			"169": ";",
			"170": ";",
			"171": ";",
			"172": ";",
			"173": ";",
			"174": ";",
			"175": ";",
			"176": ";",
			"177": ";",
			"178": ";",
			"179": ";",
			"180": ";",
			"181": ";",
			"182": ";",
			"183": ";",
			"184": ";",
			"185": ";",
			"186": ";",
			"187": ";",
			"188": ";",
			"189": ";",
			"190": ";",
			"191": ";",
			"192": ";",
			"193": ";",
			"194": ";",
			"195": ";",
			"196": ";",
			"197": ";",
			"198": ";",
			"199": ";",
			"200": ";",
			"201": ";",
			"202": ";",
			"203": ";",
			"204": ";",
			"205": ";",
			"206": ";",
			"207": ";",
			"208": ";",
			"209": ";",
			"210": ";",
			"211": ";",
			"212": ";",
			"213": ";",
			"214": ";",
			"215": ";",
			"216": ";",
			"217": ";",
			"218": ";",
			"219": ";",
			"220": ";",
			"221": ";",
			"222": ";",
			"223": ";",
			"224": ";",
			"225": ";",
			"226": ";",
			"227": ";",
			"228": ";",
			"229": ";",
			"230": ";",
			"231": ";",
			"232": ";",
			"233": ";",
			"234": ";",
			"235": ";",
			"236": ";",
			"237": ";",
			"238": ";",
			"239": ";",
			"240": ";",
			"241": ";",
			"242": ";",
			"243": ";",
			"244": ";",
			"245": ";",
			"246": ";",
			"247": ";",
			"248": ";",
			"249": ";",
			"250": "\"",
			"251": ",",
			"252": "\"",
			"253": "n",
			"254": "a",
			"255": "m",
			"256": "e",
			"257": "s",
			"258": "\"",
			"259": ":",
			"260": "[",
			"261": "]",
			"262": ",",
			"263": "\"",
			"264": "s",
			"265": "o",
			"266": "u",
			"267": "r",
			"268": "c",
			"269": "e",
			"270": "s",
			"271": "\"",
			"272": ":",
			"273": "[",
			"274": "\"",
			"275": "W",
			"276": "i",
			"277": "t",
			"278": "h",
			"279": "S",
			"280": "y",
			"281": "r",
			"282": "i",
			"283": "n",
			"284": "C",
			"285": "o",
			"286": "n",
			"287": "t",
			"288": "e",
			"289": "x",
			"290": "t",
			"291": ".",
			"292": "s",
			"293": "v",
			"294": "e",
			"295": "l",
			"296": "t",
			"297": "e",
			"298": "\"",
			"299": "]",
			"300": "}"
		},
		"_coverageSchema": "1a1c01bbd47fc00a2c39e90264f33305004495a9",
		"hash": "60e38a0132430e548916123590a6c94d713e38ec"
	},
	"/home/frondeus/Code/fvtt-syrin-control/src/components/config/playlist/index.svelte": {
		"path": "/home/frondeus/Code/fvtt-syrin-control/src/components/config/playlist/index.svelte",
		"statementMap": {
			"0": { "start": { "line": 4, "column": 343 }, "end": { "line": 4, "column": 369 } },
			"1": { "start": { "line": 5, "column": 29 }, "end": { "line": 5, "column": 58 } },
			"2": { "start": { "line": 6, "column": 13 }, "end": { "line": 6, "column": 27 } },
			"3": { "start": { "line": 9, "column": 1 }, "end": { "line": 9, "column": 1084 } },
			"4": { "start": { "line": 39, "column": 25 }, "end": { "line": 39, "column": 73 } },
			"5": { "start": { "line": 45, "column": 15 }, "end": { "line": 207, "column": 2 } },
			"6": { "start": { "line": 47, "column": 3 }, "end": { "line": 47, "column": 25 } },
			"7": { "start": { "line": 48, "column": 3 }, "end": { "line": 48, "column": 25 } },
			"8": { "start": { "line": 49, "column": 3 }, "end": { "line": 49, "column": 25 } },
			"9": { "start": { "line": 50, "column": 3 }, "end": { "line": 50, "column": 29 } },
			"10": { "start": { "line": 51, "column": 3 }, "end": { "line": 51, "column": 79 } },
			"11": { "start": { "line": 52, "column": 3 }, "end": { "line": 52, "column": 16 } },
			"12": { "start": { "line": 53, "column": 3 }, "end": { "line": 53, "column": 29 } },
			"13": { "start": { "line": 54, "column": 3 }, "end": { "line": 54, "column": 16 } },
			"14": { "start": { "line": 55, "column": 3 }, "end": { "line": 55, "column": 25 } },
			"15": { "start": { "line": 56, "column": 3 }, "end": { "line": 56, "column": 29 } },
			"16": { "start": { "line": 57, "column": 3 }, "end": { "line": 57, "column": 77 } },
			"17": { "start": { "line": 58, "column": 3 }, "end": { "line": 58, "column": 16 } },
			"18": { "start": { "line": 59, "column": 3 }, "end": { "line": 59, "column": 29 } },
			"19": { "start": { "line": 60, "column": 3 }, "end": { "line": 60, "column": 16 } },
			"20": { "start": { "line": 61, "column": 3 }, "end": { "line": 61, "column": 25 } },
			"21": { "start": { "line": 62, "column": 3 }, "end": { "line": 62, "column": 29 } },
			"22": { "start": { "line": 63, "column": 3 }, "end": { "line": 63, "column": 83 } },
			"23": { "start": { "line": 64, "column": 3 }, "end": { "line": 64, "column": 16 } },
			"24": { "start": { "line": 65, "column": 3 }, "end": { "line": 65, "column": 30 } },
			"25": { "start": { "line": 66, "column": 3 }, "end": { "line": 66, "column": 31 } },
			"26": { "start": { "line": 67, "column": 3 }, "end": { "line": 67, "column": 92 } },
			"27": { "start": { "line": 68, "column": 3 }, "end": { "line": 68, "column": 31 } },
			"28": { "start": { "line": 69, "column": 3 }, "end": { "line": 69, "column": 86 } },
			"29": { "start": { "line": 70, "column": 3 }, "end": { "line": 70, "column": 17 } },
			"30": { "start": { "line": 71, "column": 3 }, "end": { "line": 71, "column": 25 } },
			"31": { "start": { "line": 72, "column": 3 }, "end": { "line": 72, "column": 25 } },
			"32": { "start": { "line": 74, "column": 3 }, "end": { "line": 76, "column": 8 } },
			"33": { "start": { "line": 78, "column": 3 }, "end": { "line": 78, "column": 17 } },
			"34": { "start": { "line": 79, "column": 3 }, "end": { "line": 79, "column": 30 } },
			"35": { "start": { "line": 80, "column": 3 }, "end": { "line": 80, "column": 20 } },
			"36": { "start": { "line": 81, "column": 3 }, "end": { "line": 81, "column": 17 } },
			"37": { "start": { "line": 82, "column": 3 }, "end": { "line": 82, "column": 25 } },
			"38": { "start": { "line": 83, "column": 3 }, "end": { "line": 83, "column": 31 } },
			"39": { "start": { "line": 84, "column": 3 }, "end": { "line": 84, "column": 42 } },
			"40": { "start": { "line": 85, "column": 3 }, "end": { "line": 85, "column": 36 } },
			"41": { "start": { "line": 86, "column": 3 }, "end": { "line": 86, "column": 36 } },
			"42": { "start": { "line": 87, "column": 3 }, "end": { "line": 87, "column": 56 } },
			"43": { "start": { "line": 88, "column": 3 }, "end": { "line": 88, "column": 113 } },
			"44": { "start": { "line": 89, "column": 3 }, "end": { "line": 89, "column": 47 } },
			"45": { "start": { "line": 90, "column": 3 }, "end": { "line": 90, "column": 42 } },
			"46": { "start": { "line": 91, "column": 3 }, "end": { "line": 91, "column": 41 } },
			"47": { "start": { "line": 92, "column": 3 }, "end": { "line": 92, "column": 40 } },
			"48": { "start": { "line": 93, "column": 3 }, "end": { "line": 93, "column": 31 } },
			"49": { "start": { "line": 94, "column": 3 }, "end": { "line": 94, "column": 43 } },
			"50": { "start": { "line": 95, "column": 3 }, "end": { "line": 95, "column": 36 } },
			"51": { "start": { "line": 96, "column": 3 }, "end": { "line": 96, "column": 26 } },
			"52": { "start": { "line": 97, "column": 3 }, "end": { "line": 97, "column": 56 } },
			"53": { "start": { "line": 98, "column": 3 }, "end": { "line": 98, "column": 42 } },
			"54": { "start": { "line": 99, "column": 3 }, "end": { "line": 99, "column": 54 } },
			"55": { "start": { "line": 100, "column": 3 }, "end": { "line": 100, "column": 47 } },
			"56": { "start": { "line": 101, "column": 3 }, "end": { "line": 101, "column": 43 } },
			"57": { "start": { "line": 102, "column": 3 }, "end": { "line": 102, "column": 41 } },
			"58": { "start": { "line": 103, "column": 3 }, "end": { "line": 103, "column": 41 } },
			"59": { "start": { "line": 104, "column": 3 }, "end": { "line": 104, "column": 31 } },
			"60": { "start": { "line": 105, "column": 3 }, "end": { "line": 105, "column": 43 } },
			"61": { "start": { "line": 106, "column": 3 }, "end": { "line": 106, "column": 25 } },
			"62": { "start": { "line": 107, "column": 3 }, "end": { "line": 107, "column": 35 } },
			"63": { "start": { "line": 108, "column": 3 }, "end": { "line": 108, "column": 44 } },
			"64": { "start": { "line": 109, "column": 3 }, "end": { "line": 109, "column": 25 } },
			"65": { "start": { "line": 110, "column": 3 }, "end": { "line": 110, "column": 35 } },
			"66": { "start": { "line": 111, "column": 3 }, "end": { "line": 111, "column": 44 } },
			"67": { "start": { "line": 112, "column": 3 }, "end": { "line": 112, "column": 39 } },
			"68": { "start": { "line": 113, "column": 3 }, "end": { "line": 113, "column": 52 } },
			"69": { "start": { "line": 114, "column": 3 }, "end": { "line": 114, "column": 47 } },
			"70": { "start": { "line": 115, "column": 3 }, "end": { "line": 115, "column": 112 } },
			"71": { "start": { "line": 115, "column": 38 }, "end": { "line": 115, "column": 112 } },
			"72": { "start": { "line": 115, "column": 90 }, "end": { "line": 115, "column": 110 } },
			"73": { "start": { "line": 116, "column": 3 }, "end": { "line": 116, "column": 43 } },
			"74": { "start": { "line": 117, "column": 3 }, "end": { "line": 117, "column": 41 } },
			"75": { "start": { "line": 118, "column": 3 }, "end": { "line": 118, "column": 41 } },
			"76": { "start": { "line": 119, "column": 3 }, "end": { "line": 119, "column": 40 } },
			"77": { "start": { "line": 120, "column": 3 }, "end": { "line": 120, "column": 51 } },
			"78": { "start": { "line": 121, "column": 3 }, "end": { "line": 121, "column": 41 } },
			"79": { "start": { "line": 122, "column": 3 }, "end": { "line": 122, "column": 39 } },
			"80": { "start": { "line": 123, "column": 3 }, "end": { "line": 123, "column": 38 } },
			"81": { "start": { "line": 124, "column": 3 }, "end": { "line": 124, "column": 38 } },
			"82": { "start": { "line": 125, "column": 3 }, "end": { "line": 125, "column": 47 } },
			"83": { "start": { "line": 126, "column": 3 }, "end": { "line": 126, "column": 43 } },
			"84": { "start": { "line": 127, "column": 3 }, "end": { "line": 127, "column": 41 } },
			"85": { "start": { "line": 128, "column": 3 }, "end": { "line": 128, "column": 107 } },
			"86": { "start": { "line": 129, "column": 3 }, "end": { "line": 129, "column": 45 } },
			"87": { "start": { "line": 130, "column": 3 }, "end": { "line": 130, "column": 56 } },
			"88": { "start": { "line": 131, "column": 3 }, "end": { "line": 131, "column": 40 } },
			"89": { "start": { "line": 134, "column": 3 }, "end": { "line": 134, "column": 114 } },
			"90": { "start": { "line": 137, "column": 3 }, "end": { "line": 137, "column": 36 } },
			"91": { "start": { "line": 138, "column": 3 }, "end": { "line": 138, "column": 26 } },
			"92": { "start": { "line": 139, "column": 3 }, "end": { "line": 139, "column": 26 } },
			"93": { "start": { "line": 140, "column": 3 }, "end": { "line": 140, "column": 28 } },
			"94": { "start": { "line": 141, "column": 3 }, "end": { "line": 141, "column": 24 } },
			"95": { "start": { "line": 142, "column": 3 }, "end": { "line": 142, "column": 28 } },
			"96": { "start": { "line": 143, "column": 3 }, "end": { "line": 143, "column": 44 } },
			"97": { "start": { "line": 144, "column": 3 }, "end": { "line": 144, "column": 24 } },
			"98": { "start": { "line": 145, "column": 3 }, "end": { "line": 145, "column": 26 } },
			"99": { "start": { "line": 146, "column": 3 }, "end": { "line": 146, "column": 28 } },
			"100": { "start": { "line": 147, "column": 3 }, "end": { "line": 147, "column": 24 } },
			"101": { "start": { "line": 148, "column": 3 }, "end": { "line": 148, "column": 28 } },
			"102": { "start": { "line": 149, "column": 3 }, "end": { "line": 149, "column": 24 } },
			"103": { "start": { "line": 150, "column": 3 }, "end": { "line": 150, "column": 26 } },
			"104": { "start": { "line": 151, "column": 3 }, "end": { "line": 151, "column": 28 } },
			"105": { "start": { "line": 152, "column": 3 }, "end": { "line": 152, "column": 24 } },
			"106": { "start": { "line": 153, "column": 3 }, "end": { "line": 153, "column": 28 } },
			"107": { "start": { "line": 154, "column": 3 }, "end": { "line": 154, "column": 31 } },
			"108": { "start": { "line": 155, "column": 3 }, "end": { "line": 155, "column": 31 } },
			"109": { "start": { "line": 156, "column": 3 }, "end": { "line": 156, "column": 45 } },
			"110": { "start": { "line": 157, "column": 3 }, "end": { "line": 157, "column": 25 } },
			"111": { "start": { "line": 158, "column": 3 }, "end": { "line": 158, "column": 26 } },
			"112": { "start": { "line": 159, "column": 3 }, "end": { "line": 159, "column": 26 } },
			"113": { "start": { "line": 160, "column": 3 }, "end": { "line": 160, "column": 25 } },
			"114": { "start": { "line": 161, "column": 3 }, "end": { "line": 161, "column": 28 } },
			"115": { "start": { "line": 162, "column": 3 }, "end": { "line": 162, "column": 25 } },
			"116": { "start": { "line": 163, "column": 3 }, "end": { "line": 163, "column": 27 } },
			"117": { "start": { "line": 164, "column": 3 }, "end": { "line": 164, "column": 27 } },
			"118": { "start": { "line": 166, "column": 3 }, "end": { "line": 173, "column": 4 } },
			"119": { "start": { "line": 167, "column": 4 }, "end": { "line": 170, "column": 6 } },
			"120": { "start": { "line": 172, "column": 4 }, "end": { "line": 172, "column": 19 } },
			"121": { "start": { "line": 176, "column": 3 }, "end": { "line": 178, "column": 4 } },
			"122": { "start": { "line": 177, "column": 4 }, "end": { "line": 177, "column": 45 } },
			"123": { "start": { "line": 180, "column": 3 }, "end": { "line": 182, "column": 4 } },
			"124": { "start": { "line": 181, "column": 4 }, "end": { "line": 181, "column": 55 } },
			"125": { "start": { "line": 184, "column": 3 }, "end": { "line": 186, "column": 4 } },
			"126": { "start": { "line": 185, "column": 4 }, "end": { "line": 185, "column": 55 } },
			"127": { "start": { "line": 188, "column": 3 }, "end": { "line": 190, "column": 4 } },
			"128": { "start": { "line": 189, "column": 4 }, "end": { "line": 189, "column": 46 } },
			"129": { "start": { "line": 192, "column": 3 }, "end": { "line": 194, "column": 4 } },
			"130": { "start": { "line": 193, "column": 4 }, "end": { "line": 193, "column": 46 } },
			"131": { "start": { "line": 196, "column": 3 }, "end": { "line": 198, "column": 4 } },
			"132": { "start": { "line": 197, "column": 4 }, "end": { "line": 197, "column": 46 } },
			"133": { "start": { "line": 203, "column": 3 }, "end": { "line": 203, "column": 35 } },
			"134": { "start": { "line": 203, "column": 18 }, "end": { "line": 203, "column": 35 } },
			"135": { "start": { "line": 204, "column": 3 }, "end": { "line": 204, "column": 19 } },
			"136": { "start": { "line": 205, "column": 3 }, "end": { "line": 205, "column": 20 } },
			"137": { "start": { "line": 209, "column": 1 }, "end": { "line": 215, "column": 4 } },
			"138": { "start": { "line": 217, "column": 1 }, "end": { "line": 217, "column": 14 } },
			"139": { "start": { "line": 222, "column": 40 }, "end": { "line": 222, "column": 47 } },
			"140": { "start": { "line": 223, "column": 1 }, "end": { "line": 223, "column": 36 } },
			"141": { "start": { "line": 224, "column": 13 }, "end": { "line": 224, "column": 22 } },
			"142": { "start": { "line": 225, "column": 16 }, "end": { "line": 225, "column": 23 } },
			"143": { "start": { "line": 226, "column": 19 }, "end": { "line": 226, "column": 26 } },
			"144": { "start": { "line": 227, "column": 22 }, "end": { "line": 227, "column": 29 } },
			"145": { "start": { "line": 228, "column": 17 }, "end": { "line": 228, "column": 37 } },
			"146": { "start": { "line": 229, "column": 1 }, "end": { "line": 229, "column": 40 } },
			"147": { "start": { "line": 230, "column": 1 }, "end": { "line": 230, "column": 86 } },
			"148": { "start": { "line": 230, "column": 49 }, "end": { "line": 230, "column": 84 } },
			"149": { "start": { "line": 231, "column": 20 }, "end": { "line": 231, "column": 25 } },
			"150": { "start": { "line": 232, "column": 13 }, "end": { "line": 232, "column": 15 } },
			"151": { "start": { "line": 233, "column": 14 }, "end": { "line": 233, "column": 21 } },
			"152": { "start": { "line": 235, "column": 30 }, "end": { "line": 248, "column": 2 } },
			"153": { "start": { "line": 236, "column": 17 }, "end": { "line": 236, "column": 38 } },
			"154": { "start": { "line": 238, "column": 2 }, "end": { "line": 240, "column": 3 } },
			"155": { "start": { "line": 239, "column": 3 }, "end": { "line": 239, "column": 10 } },
			"156": { "start": { "line": 242, "column": 2 }, "end": { "line": 242, "column": 48 } },
			"157": { "start": { "line": 244, "column": 2 }, "end": { "line": 247, "column": 3 } },
			"158": { "start": { "line": 245, "column": 3 }, "end": { "line": 245, "column": 79 } },
			"159": { "start": { "line": 246, "column": 3 }, "end": { "line": 246, "column": 50 } },
			"160": { "start": { "line": 250, "column": 1 }, "end": { "line": 262, "column": 4 } },
			"161": { "start": { "line": 251, "column": 2 }, "end": { "line": 253, "column": 3 } },
			"162": { "start": { "line": 252, "column": 3 }, "end": { "line": 252, "column": 68 } },
			"163": { "start": { "line": 255, "column": 2 }, "end": { "line": 257, "column": 3 } },
			"164": { "start": { "line": 256, "column": 3 }, "end": { "line": 256, "column": 71 } },
			"165": { "start": { "line": 259, "column": 2 }, "end": { "line": 261, "column": 3 } },
			"166": { "start": { "line": 260, "column": 3 }, "end": { "line": 260, "column": 74 } },
			"167": { "start": { "line": 264, "column": 24 }, "end": { "line": 264, "column": 57 } },
			"168": { "start": { "line": 266, "column": 1 }, "end": { "line": 268, "column": 4 } },
			"169": { "start": { "line": 267, "column": 2 }, "end": { "line": 267, "column": 146 } },
			"170": { "start": { "line": 267, "column": 83 }, "end": { "line": 267, "column": 146 } },
			"171": { "start": { "line": 271, "column": 2 }, "end": { "line": 271, "column": 20 } },
			"172": { "start": { "line": 272, "column": 2 }, "end": { "line": 272, "column": 24 } },
			"173": { "start": { "line": 276, "column": 2 }, "end": { "line": 276, "column": 31 } },
			"174": { "start": { "line": 277, "column": 2 }, "end": { "line": 277, "column": 27 } },
			"175": { "start": { "line": 280, "column": 1 }, "end": { "line": 284, "column": 3 } },
			"176": { "start": { "line": 281, "column": 2 }, "end": { "line": 281, "column": 62 } },
			"177": { "start": { "line": 281, "column": 25 }, "end": { "line": 281, "column": 62 } },
			"178": { "start": { "line": 282, "column": 2 }, "end": { "line": 282, "column": 71 } },
			"179": { "start": { "line": 282, "column": 28 }, "end": { "line": 282, "column": 71 } },
			"180": { "start": { "line": 283, "column": 2 }, "end": { "line": 283, "column": 80 } },
			"181": { "start": { "line": 283, "column": 31 }, "end": { "line": 283, "column": 80 } },
			"182": { "start": { "line": 286, "column": 1 }, "end": { "line": 298, "column": 4 } },
			"183": { "start": { "line": 286, "column": 32 }, "end": { "line": 298, "column": 2 } },
			"184": { "start": { "line": 300, "column": 1 }, "end": { "line": 308, "column": 3 } },
			"185": { "start": { "line": 301, "column": 2 }, "end": { "line": 301, "column": 62 } },
			"186": { "start": { "line": 301, "column": 25 }, "end": { "line": 301, "column": 62 } },
			"187": { "start": { "line": 302, "column": 2 }, "end": { "line": 302, "column": 71 } },
			"188": { "start": { "line": 302, "column": 28 }, "end": { "line": 302, "column": 71 } },
			"189": { "start": { "line": 303, "column": 2 }, "end": { "line": 303, "column": 80 } },
			"190": { "start": { "line": 303, "column": 31 }, "end": { "line": 303, "column": 80 } },
			"191": { "start": { "line": 304, "column": 2 }, "end": { "line": 304, "column": 77 } },
			"192": { "start": { "line": 304, "column": 30 }, "end": { "line": 304, "column": 77 } },
			"193": { "start": { "line": 305, "column": 2 }, "end": { "line": 305, "column": 86 } },
			"194": { "start": { "line": 305, "column": 33 }, "end": { "line": 305, "column": 86 } },
			"195": { "start": { "line": 306, "column": 2 }, "end": { "line": 306, "column": 65 } },
			"196": { "start": { "line": 306, "column": 26 }, "end": { "line": 306, "column": 65 } },
			"197": { "start": { "line": 307, "column": 2 }, "end": { "line": 307, "column": 68 } },
			"198": { "start": { "line": 307, "column": 27 }, "end": { "line": 307, "column": 68 } },
			"199": { "start": { "line": 310, "column": 1 }, "end": { "line": 312, "column": 2 } },
			"200": { "start": { "line": 311, "column": 2 }, "end": { "line": 311, "column": 41 } },
			"201": { "start": { "line": 314, "column": 1 }, "end": { "line": 318, "column": 3 } },
			"202": { "start": { "line": 315, "column": 2 }, "end": { "line": 317, "column": 3 } },
			"203": { "start": { "line": 316, "column": 3 }, "end": { "line": 316, "column": 51 } },
			"204": { "start": { "line": 316, "column": 6 }, "end": { "line": 316, "column": 51 } },
			"205": { "start": { "line": 320, "column": 1 }, "end": { "line": 332, "column": 3 } },
			"206": { "start": { "line": 337, "column": 2 }, "end": { "line": 337, "column": 17 } },
			"207": { "start": { "line": 338, "column": 2 }, "end": { "line": 338, "column": 114 } },
			"208": { "start": { "line": 340, "column": 2 }, "end": { "line": 345, "column": 5 } },
			"209": { "start": { "line": 349, "column": 2 }, "end": { "line": 349, "column": 24 } },
			"210": { "start": { "line": 353, "column": 2 }, "end": { "line": 353, "column": 23 } },
			"211": { "start": { "line": 354, "column": 2 }, "end": { "line": 354, "column": 10 } },
			"212": { "start": { "line": 358, "column": 2 }, "end": { "line": 358, "column": 24 } },
			"213": { "start": { "line": 362, "column": 2 }, "end": { "line": 362, "column": 26 } },
			"214": { "start": { "line": 363, "column": 2 }, "end": { "line": 363, "column": 10 } },
			"215": { "start": { "line": 367, "column": 2 }, "end": { "line": 367, "column": 24 } },
			"216": { "start": { "line": 371, "column": 2 }, "end": { "line": 371, "column": 29 } },
			"217": { "start": { "line": 372, "column": 2 }, "end": { "line": 372, "column": 10 } },
			"218": { "start": { "line": 376, "column": 0 }, "end": { "line": 376, "column": 24 } },
			"219": { "start": { "line": 376, "column": 24 }, "end": { "line": 376, "column": 86 } }
		},
		"fnMap": {
			"0": {
				"name": "add_css",
				"decl": { "start": { "line": 8, "column": 9 }, "end": { "line": 8, "column": 16 } },
				"loc": { "start": { "line": 8, "column": 25 }, "end": { "line": 10, "column": 1 } },
				"line": 8
			},
			"1": {
				"name": "create_fragment",
				"decl": { "start": { "line": 12, "column": 9 }, "end": { "line": 12, "column": 24 } },
				"loc": { "start": { "line": 12, "column": 30 }, "end": { "line": 218, "column": 1 } },
				"line": 12
			},
			"2": {
				"name": "create",
				"decl": { "start": { "line": 46, "column": 14 }, "end": { "line": 46, "column": 20 } },
				"loc": { "start": { "line": 46, "column": 23 }, "end": { "line": 132, "column": 3 } },
				"line": 46
			},
			"3": {
				"name": "(anonymous_3)",
				"decl": { "start": { "line": 115, "column": 58 }, "end": { "line": 115, "column": 59 } },
				"loc": { "start": { "line": 115, "column": 90 }, "end": { "line": 115, "column": 110 } },
				"line": 115
			},
			"4": {
				"name": "claim",
				"decl": { "start": { "line": 133, "column": 14 }, "end": { "line": 133, "column": 19 } },
				"loc": { "start": { "line": 133, "column": 27 }, "end": { "line": 135, "column": 3 } },
				"line": 133
			},
			"5": {
				"name": "mount",
				"decl": { "start": { "line": 136, "column": 14 }, "end": { "line": 136, "column": 19 } },
				"loc": { "start": { "line": 136, "column": 36 }, "end": { "line": 174, "column": 3 } },
				"line": 136
			},
			"6": {
				"name": "update",
				"decl": { "start": { "line": 175, "column": 14 }, "end": { "line": 175, "column": 20 } },
				"loc": { "start": { "line": 175, "column": 35 }, "end": { "line": 199, "column": 3 } },
				"line": 175
			},
			"7": {
				"name": "destroy",
				"decl": { "start": { "line": 202, "column": 14 }, "end": { "line": 202, "column": 21 } },
				"loc": { "start": { "line": 202, "column": 33 }, "end": { "line": 206, "column": 3 } },
				"line": 202
			},
			"8": {
				"name": "instance",
				"decl": { "start": { "line": 220, "column": 9 }, "end": { "line": 220, "column": 17 } },
				"loc": { "start": { "line": 220, "column": 49 }, "end": { "line": 333, "column": 1 } },
				"line": 220
			},
			"9": {
				"name": "(anonymous_9)",
				"decl": { "start": { "line": 230, "column": 40 }, "end": { "line": 230, "column": 41 } },
				"loc": { "start": { "line": 230, "column": 49 }, "end": { "line": 230, "column": 84 } },
				"line": 230
			},
			"10": {
				"name": "(anonymous_10)",
				"decl": { "start": { "line": 235, "column": 30 }, "end": { "line": 235, "column": 31 } },
				"loc": { "start": { "line": 235, "column": 63 }, "end": { "line": 248, "column": 2 } },
				"line": 235
			},
			"11": {
				"name": "(anonymous_11)",
				"decl": { "start": { "line": 250, "column": 25 }, "end": { "line": 250, "column": 26 } },
				"loc": { "start": { "line": 250, "column": 37 }, "end": { "line": 262, "column": 2 } },
				"line": 250
			},
			"12": {
				"name": "(anonymous_12)",
				"decl": { "start": { "line": 266, "column": 30 }, "end": { "line": 266, "column": 31 } },
				"loc": { "start": { "line": 266, "column": 37 }, "end": { "line": 268, "column": 2 } },
				"line": 266
			},
			"13": {
				"name": "input0_input_handler",
				"decl": { "start": { "line": 270, "column": 10 }, "end": { "line": 270, "column": 30 } },
				"loc": { "start": { "line": 270, "column": 33 }, "end": { "line": 273, "column": 2 } },
				"line": 270
			},
			"14": {
				"name": "select_change_handler",
				"decl": { "start": { "line": 275, "column": 10 }, "end": { "line": 275, "column": 31 } },
				"loc": { "start": { "line": 275, "column": 34 }, "end": { "line": 278, "column": 2 } },
				"line": 275
			},
			"15": {
				"name": "(anonymous_15)",
				"decl": { "start": { "line": 280, "column": 16 }, "end": { "line": 280, "column": 17 } },
				"loc": { "start": { "line": 280, "column": 27 }, "end": { "line": 284, "column": 2 } },
				"line": 280
			},
			"16": {
				"name": "(anonymous_16)",
				"decl": { "start": { "line": 286, "column": 25 }, "end": { "line": 286, "column": 26 } },
				"loc": { "start": { "line": 286, "column": 32 }, "end": { "line": 298, "column": 2 } },
				"line": 286
			},
			"17": {
				"name": "(anonymous_17)",
				"decl": { "start": { "line": 300, "column": 24 }, "end": { "line": 300, "column": 25 } },
				"loc": { "start": { "line": 300, "column": 35 }, "end": { "line": 308, "column": 2 } },
				"line": 300
			},
			"18": {
				"name": "(anonymous_18)",
				"decl": { "start": { "line": 314, "column": 20 }, "end": { "line": 314, "column": 21 } },
				"loc": { "start": { "line": 314, "column": 26 }, "end": { "line": 318, "column": 2 } },
				"line": 314
			},
			"19": {
				"name": "(anonymous_19)",
				"decl": { "start": { "line": 336, "column": 1 }, "end": { "line": 336, "column": 2 } },
				"loc": { "start": { "line": 336, "column": 22 }, "end": { "line": 346, "column": 2 } },
				"line": 336
			},
			"20": {
				"name": "(anonymous_20)",
				"decl": { "start": { "line": 348, "column": 1 }, "end": { "line": 348, "column": 2 } },
				"loc": { "start": { "line": 348, "column": 12 }, "end": { "line": 350, "column": 2 } },
				"line": 348
			},
			"21": {
				"name": "(anonymous_21)",
				"decl": { "start": { "line": 352, "column": 1 }, "end": { "line": 352, "column": 2 } },
				"loc": { "start": { "line": 352, "column": 16 }, "end": { "line": 355, "column": 2 } },
				"line": 352
			},
			"22": {
				"name": "(anonymous_22)",
				"decl": { "start": { "line": 357, "column": 1 }, "end": { "line": 357, "column": 2 } },
				"loc": { "start": { "line": 357, "column": 15 }, "end": { "line": 359, "column": 2 } },
				"line": 357
			},
			"23": {
				"name": "(anonymous_23)",
				"decl": { "start": { "line": 361, "column": 1 }, "end": { "line": 361, "column": 2 } },
				"loc": { "start": { "line": 361, "column": 22 }, "end": { "line": 364, "column": 2 } },
				"line": 361
			},
			"24": {
				"name": "(anonymous_24)",
				"decl": { "start": { "line": 366, "column": 1 }, "end": { "line": 366, "column": 2 } },
				"loc": { "start": { "line": 366, "column": 18 }, "end": { "line": 368, "column": 2 } },
				"line": 366
			},
			"25": {
				"name": "(anonymous_25)",
				"decl": { "start": { "line": 370, "column": 1 }, "end": { "line": 370, "column": 2 } },
				"loc": { "start": { "line": 370, "column": 28 }, "end": { "line": 373, "column": 2 } },
				"line": 370
			}
		},
		"branchMap": {
			"0": {
				"loc": { "start": { "line": 115, "column": 3 }, "end": { "line": 115, "column": 112 } },
				"type": "if",
				"locations": [
					{ "start": { "line": 115, "column": 3 }, "end": { "line": 115, "column": 112 } },
					{ "start": {}, "end": {} }
				],
				"line": 115
			},
			"1": {
				"loc": { "start": { "line": 166, "column": 3 }, "end": { "line": 173, "column": 4 } },
				"type": "if",
				"locations": [
					{ "start": { "line": 166, "column": 3 }, "end": { "line": 173, "column": 4 } },
					{ "start": {}, "end": {} }
				],
				"line": 166
			},
			"2": {
				"loc": { "start": { "line": 176, "column": 3 }, "end": { "line": 178, "column": 4 } },
				"type": "if",
				"locations": [
					{ "start": { "line": 176, "column": 3 }, "end": { "line": 178, "column": 4 } },
					{ "start": {}, "end": {} }
				],
				"line": 176
			},
			"3": {
				"loc": { "start": { "line": 176, "column": 7 }, "end": { "line": 176, "column": 61 } },
				"type": "binary-expr",
				"locations": [
					{ "start": { "line": 176, "column": 7 }, "end": { "line": 176, "column": 25 } },
					{ "start": { "line": 176, "column": 29 }, "end": { "line": 176, "column": 61 } }
				],
				"line": 176
			},
			"4": {
				"loc": { "start": { "line": 180, "column": 3 }, "end": { "line": 182, "column": 4 } },
				"type": "if",
				"locations": [
					{ "start": { "line": 180, "column": 3 }, "end": { "line": 182, "column": 4 } },
					{ "start": {}, "end": {} }
				],
				"line": 180
			},
			"5": {
				"loc": { "start": { "line": 180, "column": 7 }, "end": { "line": 180, "column": 77 } },
				"type": "binary-expr",
				"locations": [
					{ "start": { "line": 180, "column": 7 }, "end": { "line": 180, "column": 33 } },
					{ "start": { "line": 180, "column": 37 }, "end": { "line": 180, "column": 77 } }
				],
				"line": 180
			},
			"6": {
				"loc": { "start": { "line": 184, "column": 3 }, "end": { "line": 186, "column": 4 } },
				"type": "if",
				"locations": [
					{ "start": { "line": 184, "column": 3 }, "end": { "line": 186, "column": 4 } },
					{ "start": {}, "end": {} }
				],
				"line": 184
			},
			"7": {
				"loc": { "start": { "line": 188, "column": 3 }, "end": { "line": 190, "column": 4 } },
				"type": "if",
				"locations": [
					{ "start": { "line": 188, "column": 3 }, "end": { "line": 190, "column": 4 } },
					{ "start": {}, "end": {} }
				],
				"line": 188
			},
			"8": {
				"loc": { "start": { "line": 192, "column": 3 }, "end": { "line": 194, "column": 4 } },
				"type": "if",
				"locations": [
					{ "start": { "line": 192, "column": 3 }, "end": { "line": 194, "column": 4 } },
					{ "start": {}, "end": {} }
				],
				"line": 192
			},
			"9": {
				"loc": { "start": { "line": 192, "column": 7 }, "end": { "line": 192, "column": 133 } },
				"type": "binary-expr",
				"locations": [
					{ "start": { "line": 192, "column": 7 }, "end": { "line": 192, "column": 28 } },
					{ "start": { "line": 192, "column": 32 }, "end": { "line": 192, "column": 133 } }
				],
				"line": 192
			},
			"10": {
				"loc": { "start": { "line": 196, "column": 3 }, "end": { "line": 198, "column": 4 } },
				"type": "if",
				"locations": [
					{ "start": { "line": 196, "column": 3 }, "end": { "line": 198, "column": 4 } },
					{ "start": {}, "end": {} }
				],
				"line": 196
			},
			"11": {
				"loc": { "start": { "line": 203, "column": 3 }, "end": { "line": 203, "column": 35 } },
				"type": "if",
				"locations": [
					{ "start": { "line": 203, "column": 3 }, "end": { "line": 203, "column": 35 } },
					{ "start": {}, "end": {} }
				],
				"line": 203
			},
			"12": {
				"loc": { "start": { "line": 222, "column": 16 }, "end": { "line": 222, "column": 26 } },
				"type": "default-arg",
				"locations": [
					{ "start": { "line": 222, "column": 24 }, "end": { "line": 222, "column": 26 } }
				],
				"line": 222
			},
			"13": {
				"loc": { "start": { "line": 238, "column": 2 }, "end": { "line": 240, "column": 3 } },
				"type": "if",
				"locations": [
					{ "start": { "line": 238, "column": 2 }, "end": { "line": 240, "column": 3 } },
					{ "start": {}, "end": {} }
				],
				"line": 238
			},
			"14": {
				"loc": { "start": { "line": 244, "column": 2 }, "end": { "line": 247, "column": 3 } },
				"type": "if",
				"locations": [
					{ "start": { "line": 244, "column": 2 }, "end": { "line": 247, "column": 3 } },
					{ "start": {}, "end": {} }
				],
				"line": 244
			},
			"15": {
				"loc": { "start": { "line": 251, "column": 2 }, "end": { "line": 253, "column": 3 } },
				"type": "if",
				"locations": [
					{ "start": { "line": 251, "column": 2 }, "end": { "line": 253, "column": 3 } },
					{ "start": {}, "end": {} }
				],
				"line": 251
			},
			"16": {
				"loc": { "start": { "line": 251, "column": 6 }, "end": { "line": 251, "column": 92 } },
				"type": "binary-expr",
				"locations": [
					{ "start": { "line": 251, "column": 6 }, "end": { "line": 251, "column": 24 } },
					{ "start": { "line": 251, "column": 28 }, "end": { "line": 251, "column": 92 } }
				],
				"line": 251
			},
			"17": {
				"loc": { "start": { "line": 251, "column": 30 }, "end": { "line": 251, "column": 91 } },
				"type": "binary-expr",
				"locations": [
					{ "start": { "line": 251, "column": 30 }, "end": { "line": 251, "column": 47 } },
					{ "start": { "line": 251, "column": 51 }, "end": { "line": 251, "column": 91 } }
				],
				"line": 251
			},
			"18": {
				"loc": { "start": { "line": 255, "column": 2 }, "end": { "line": 257, "column": 3 } },
				"type": "if",
				"locations": [
					{ "start": { "line": 255, "column": 2 }, "end": { "line": 257, "column": 3 } },
					{ "start": {}, "end": {} }
				],
				"line": 255
			},
			"19": {
				"loc": { "start": { "line": 255, "column": 6 }, "end": { "line": 255, "column": 101 } },
				"type": "binary-expr",
				"locations": [
					{ "start": { "line": 255, "column": 6 }, "end": { "line": 255, "column": 27 } },
					{ "start": { "line": 255, "column": 31 }, "end": { "line": 255, "column": 101 } }
				],
				"line": 255
			},
			"20": {
				"loc": { "start": { "line": 255, "column": 33 }, "end": { "line": 255, "column": 100 } },
				"type": "binary-expr",
				"locations": [
					{ "start": { "line": 255, "column": 33 }, "end": { "line": 255, "column": 53 } },
					{ "start": { "line": 255, "column": 57 }, "end": { "line": 255, "column": 100 } }
				],
				"line": 255
			},
			"21": {
				"loc": { "start": { "line": 259, "column": 2 }, "end": { "line": 261, "column": 3 } },
				"type": "if",
				"locations": [
					{ "start": { "line": 259, "column": 2 }, "end": { "line": 261, "column": 3 } },
					{ "start": {}, "end": {} }
				],
				"line": 259
			},
			"22": {
				"loc": { "start": { "line": 259, "column": 6 }, "end": { "line": 259, "column": 110 } },
				"type": "binary-expr",
				"locations": [
					{ "start": { "line": 259, "column": 6 }, "end": { "line": 259, "column": 30 } },
					{ "start": { "line": 259, "column": 34 }, "end": { "line": 259, "column": 110 } }
				],
				"line": 259
			},
			"23": {
				"loc": { "start": { "line": 259, "column": 36 }, "end": { "line": 259, "column": 109 } },
				"type": "binary-expr",
				"locations": [
					{ "start": { "line": 259, "column": 36 }, "end": { "line": 259, "column": 59 } },
					{ "start": { "line": 259, "column": 63 }, "end": { "line": 259, "column": 109 } }
				],
				"line": 259
			},
			"24": {
				"loc": { "start": { "line": 267, "column": 2 }, "end": { "line": 267, "column": 146 } },
				"type": "if",
				"locations": [
					{ "start": { "line": 267, "column": 2 }, "end": { "line": 267, "column": 146 } },
					{ "start": {}, "end": {} }
				],
				"line": 267
			},
			"25": {
				"loc": { "start": { "line": 267, "column": 6 }, "end": { "line": 267, "column": 81 } },
				"type": "binary-expr",
				"locations": [
					{ "start": { "line": 267, "column": 6 }, "end": { "line": 267, "column": 35 } },
					{ "start": { "line": 267, "column": 39 }, "end": { "line": 267, "column": 63 } },
					{ "start": { "line": 267, "column": 67 }, "end": { "line": 267, "column": 81 } }
				],
				"line": 267
			},
			"26": {
				"loc": { "start": { "line": 281, "column": 2 }, "end": { "line": 281, "column": 62 } },
				"type": "if",
				"locations": [
					{ "start": { "line": 281, "column": 2 }, "end": { "line": 281, "column": 62 } },
					{ "start": {}, "end": {} }
				],
				"line": 281
			},
			"27": {
				"loc": { "start": { "line": 282, "column": 2 }, "end": { "line": 282, "column": 71 } },
				"type": "if",
				"locations": [
					{ "start": { "line": 282, "column": 2 }, "end": { "line": 282, "column": 71 } },
[...]
			"11": 0,
			"12": 0,
			"13": 0,
			"14": 0,
			"15": 4,
			"16": 0,
			"17": 0,
			"18": 0,
			"19": 0,
			"20": 4,
			"21": 0,
			"22": 4,
			"23": 0,
			"24": 0,
			"25": 8,
			"26": 0,
			"27": 0,
			"28": 8,
			"29": 8,
			"30": 0,
			"31": 0,
			"32": 0,
			"33": 0,
			"34": 24,
			"35": 0,
			"36": 0,
			"37": 40,
			"38": 40,
			"39": 10,
			"40": 10,
			"41": 0,
			"42": 0,
			"43": 0,
			"44": 0,
			"45": 0,
			"46": 0
		},
		"b": {
			"0": [2, 2, 2],
			"1": [2, 0],
			"2": [0, 0],
			"3": [2, 0],
			"4": [2, 2],
			"5": [0, 0],
			"6": [0, 0],
			"7": [0, 0],
			"8": [0, 0],
			"9": [2, 0, 0],
			"10": [2, 2, 2],
			"11": [2, 0],
			"12": [2, 2],
			"13": [2, 2, 2],
			"14": [2, 2, 2],
			"15": [0, 2],
			"16": [2, 2],
			"17": [0, 0],
			"18": [0],
			"19": [0, 0],
			"20": [0, 0],
			"21": [0, 0],
			"22": [0, 0],
			"23": [0, 0],
			"24": [1, 3],
			"25": [0, 3],
			"26": [3, 0],
			"27": [3, 0],
			"28": [1, 3],
			"29": [0, 3],
			"30": [0, 3],
			"31": [1, 3],
			"32": [0, 3],
			"33": [0, 3],
			"34": [3, 0],
			"35": [0, 0],
			"36": [0, 0],
			"37": [0, 0],
			"38": [0, 0],
			"39": [0, 0],
			"40": [0, 0],
			"41": [0, 40],
			"42": [10, 0],
			"43": [0, 0]
		},
		"_coverageSchema": "1a1c01bbd47fc00a2c39e90264f33305004495a9",
		"hash": "e3d456526c359a277b5dc578da78eb2420934c1a"
	},
	"/home/frondeus/Code/fvtt-syrin-control/src/services/syrin.ts": {
		"path": "/home/frondeus/Code/fvtt-syrin-control/src/services/syrin.ts",
		"statementMap": {
			"0": { "start": { "line": 2, "column": 17 }, "end": { "line": 7, "column": 1 } },
			"1": { "start": { "line": 3, "column": 12 }, "end": { "line": 3, "column": 28 } },
			"2": { "start": { "line": 3, "column": 34 }, "end": { "line": 3, "column": 125 } },
			"3": { "start": { "line": 4, "column": 4 }, "end": { "line": 5, "column": 150 } },
			"4": { "start": { "line": 4, "column": 79 }, "end": { "line": 4, "column": 131 } },
			"5": { "start": { "line": 5, "column": 9 }, "end": { "line": 5, "column": 150 } },
			"6": { "start": { "line": 5, "column": 22 }, "end": { "line": 5, "column": 43 } },
			"7": { "start": { "line": 5, "column": 58 }, "end": { "line": 5, "column": 150 } },
			"8": { "start": { "line": 5, "column": 81 }, "end": { "line": 5, "column": 150 } },
			"9": { "start": { "line": 6, "column": 4 }, "end": { "line": 6, "column": 66 } },
			"10": { "start": { "line": 8, "column": 17 }, "end": { "line": 10, "column": 1 } },
			"11": { "start": { "line": 9, "column": 4 }, "end": { "line": 9, "column": 109 } },
			"12": { "start": { "line": 9, "column": 79 }, "end": { "line": 9, "column": 109 } },
			"13": { "start": { "line": 11, "column": 14 }, "end": { "line": 13, "column": 1 } },
			"14": { "start": { "line": 12, "column": 4 }, "end": { "line": 12, "column": 73 } },
			"15": { "start": { "line": 12, "column": 36 }, "end": { "line": 12, "column": 71 } },
			"16": { "start": { "line": 14, "column": 0 }, "end": { "line": 14, "column": 62 } },
			"17": { "start": { "line": 15, "column": 0 }, "end": { "line": 15, "column": 48 } },
			"18": { "start": { "line": 16, "column": 19 }, "end": { "line": 16, "column": 38 } },
			"19": { "start": { "line": 17, "column": 17 }, "end": { "line": 17, "column": 36 } },
			"20": { "start": { "line": 18, "column": 16 }, "end": { "line": 18, "column": 34 } },
			"21": { "start": { "line": 19, "column": 17 }, "end": { "line": 19, "column": 36 } },
			"22": { "start": { "line": 20, "column": 14 }, "end": { "line": 20, "column": 30 } },
			"23": { "start": { "line": 21, "column": 18 }, "end": { "line": 21, "column": 38 } },
			"24": { "start": { "line": 23, "column": 0 }, "end": { "line": 28, "column": 77 } },
			"25": { "start": { "line": 24, "column": 4 }, "end": { "line": 24, "column": 72 } },
			"26": { "start": { "line": 25, "column": 4 }, "end": { "line": 25, "column": 64 } },
			"27": { "start": { "line": 26, "column": 4 }, "end": { "line": 26, "column": 64 } },
			"28": { "start": { "line": 27, "column": 4 }, "end": { "line": 27, "column": 64 } },
			"29": { "start": { "line": 29, "column": 12 }, "end": { "line": 99, "column": 1 } },
			"30": { "start": { "line": 35, "column": 8 }, "end": { "line": 35, "column": 25 } },
			"31": { "start": { "line": 36, "column": 8 }, "end": { "line": 36, "column": 27 } },
			"32": { "start": { "line": 37, "column": 8 }, "end": { "line": 37, "column": 23 } },
			"33": { "start": { "line": 38, "column": 8 }, "end": { "line": 38, "column": 29 } },
			"34": { "start": { "line": 41, "column": 8 }, "end": { "line": 44, "column": 11 } },
			"35": { "start": { "line": 47, "column": 8 }, "end": { "line": 50, "column": 9 } },
			"36": { "start": { "line": 48, "column": 12 }, "end": { "line": 48, "column": 71 } },
			"37": { "start": { "line": 49, "column": 12 }, "end": { "line": 49, "column": 19 } },
			"38": { "start": { "line": 51, "column": 8 }, "end": { "line": 51, "column": 44 } },
			"39": { "start": { "line": 52, "column": 8 }, "end": { "line": 52, "column": 55 } },
			"40": { "start": { "line": 55, "column": 8 }, "end": { "line": 59, "column": 9 } },
			"41": { "start": { "line": 56, "column": 24 }, "end": { "line": 56, "column": 30 } },
			"42": { "start": { "line": 57, "column": 12 }, "end": { "line": 57, "column": 77 } },
			"43": { "start": { "line": 58, "column": 12 }, "end": { "line": 58, "column": 19 } },
			"44": { "start": { "line": 60, "column": 8 }, "end": { "line": 60, "column": 57 } },
			"45": { "start": { "line": 61, "column": 8 }, "end": { "line": 61, "column": 52 } },
			"46": { "start": { "line": 64, "column": 8 }, "end": { "line": 68, "column": 9 } },
			"47": { "start": { "line": 65, "column": 24 }, "end": { "line": 65, "column": 41 } },
			"48": { "start": { "line": 66, "column": 12 }, "end": { "line": 66, "column": 88 } },
			"49": { "start": { "line": 67, "column": 12 }, "end": { "line": 67, "column": 19 } },
			"50": { "start": { "line": 69, "column": 8 }, "end": { "line": 69, "column": 69 } },
			"51": { "start": { "line": 70, "column": 8 }, "end": { "line": 70, "column": 81 } },
			"52": { "start": { "line": 70, "column": 57 }, "end": { "line": 70, "column": 78 } },
			"53": { "start": { "line": 73, "column": 8 }, "end": { "line": 76, "column": 9 } },
			"54": { "start": { "line": 74, "column": 12 }, "end": { "line": 74, "column": 97 } },
			"55": { "start": { "line": 75, "column": 12 }, "end": { "line": 75, "column": 19 } },
			"56": { "start": { "line": 77, "column": 8 }, "end": { "line": 77, "column": 71 } },
			"57": { "start": { "line": 78, "column": 8 }, "end": { "line": 81, "column": 11 } },
			"58": { "start": { "line": 79, "column": 12 }, "end": { "line": 79, "column": 25 } },
			"59": { "start": { "line": 80, "column": 12 }, "end": { "line": 80, "column": 21 } },
			"60": { "start": { "line": 84, "column": 8 }, "end": { "line": 88, "column": 9 } },
			"61": { "start": { "line": 85, "column": 24 }, "end": { "line": 85, "column": 26 } },
			"62": { "start": { "line": 86, "column": 12 }, "end": { "line": 86, "column": 86 } },
			"63": { "start": { "line": 87, "column": 12 }, "end": { "line": 87, "column": 19 } },
			"64": { "start": { "line": 89, "column": 8 }, "end": { "line": 89, "column": 39 } },
			"65": { "start": { "line": 92, "column": 8 }, "end": { "line": 96, "column": 9 } },
			"66": { "start": { "line": 93, "column": 24 }, "end": { "line": 93, "column": 26 } },
			"67": { "start": { "line": 94, "column": 12 }, "end": { "line": 94, "column": 86 } },
			"68": { "start": { "line": 95, "column": 12 }, "end": { "line": 95, "column": 19 } },
			"69": { "start": { "line": 97, "column": 8 }, "end": { "line": 97, "column": 39 } },
			"70": { "start": { "line": 100, "column": 0 }, "end": { "line": 106, "column": 10 } },
			"71": { "start": { "line": 107, "column": 0 }, "end": { "line": 107, "column": 22 } }
		},
		"fnMap": {
			"0": {
				"name": "(anonymous_0)",
				"decl": { "start": { "line": 2, "column": 46 }, "end": { "line": 2, "column": 47 } },
				"loc": { "start": { "line": 2, "column": 87 }, "end": { "line": 7, "column": 1 } },
				"line": 2
			},
			"1": {
				"name": "(anonymous_1)",
				"decl": { "start": { "line": 8, "column": 46 }, "end": { "line": 8, "column": 47 } },
				"loc": { "start": { "line": 8, "column": 62 }, "end": { "line": 10, "column": 1 } },
				"line": 8
			},
			"2": {
				"name": "(anonymous_2)",
				"decl": { "start": { "line": 11, "column": 40 }, "end": { "line": 11, "column": 41 } },
				"loc": { "start": { "line": 11, "column": 73 }, "end": { "line": 13, "column": 1 } },
				"line": 11
			},
			"3": {
				"name": "(anonymous_3)",
				"decl": { "start": { "line": 12, "column": 11 }, "end": { "line": 12, "column": 12 } },
				"loc": { "start": { "line": 12, "column": 34 }, "end": { "line": 12, "column": 73 } },
				"line": 12
			},
			"4": {
				"name": "(anonymous_4)",
				"decl": { "start": { "line": 23, "column": 1 }, "end": { "line": 23, "column": 2 } },
				"loc": { "start": { "line": 23, "column": 27 }, "end": { "line": 28, "column": 1 } },
				"line": 23
			},
			"5": {
				"name": "(anonymous_5)",
				"decl": { "start": { "line": 34, "column": 4 }, "end": { "line": 34, "column": 5 } },
				"loc": { "start": { "line": 34, "column": 42 }, "end": { "line": 39, "column": 5 } },
				"line": 34
			},
			"6": {
				"name": "(anonymous_6)",
				"decl": { "start": { "line": 40, "column": 4 }, "end": { "line": 40, "column": 5 } },
				"loc": { "start": { "line": 40, "column": 45 }, "end": { "line": 45, "column": 5 } },
				"line": 40
			},
			"7": {
				"name": "(anonymous_7)",
				"decl": { "start": { "line": 46, "column": 4 }, "end": { "line": 46, "column": 5 } },
				"loc": { "start": { "line": 46, "column": 14 }, "end": { "line": 53, "column": 5 } },
				"line": 46
			},
			"8": {
				"name": "(anonymous_8)",
				"decl": { "start": { "line": 54, "column": 4 }, "end": { "line": 54, "column": 5 } },
				"loc": { "start": { "line": 54, "column": 20 }, "end": { "line": 62, "column": 5 } },
				"line": 54
			},
			"9": {
				"name": "(anonymous_9)",
				"decl": { "start": { "line": 63, "column": 4 }, "end": { "line": 63, "column": 5 } },
				"loc": { "start": { "line": 63, "column": 32 }, "end": { "line": 71, "column": 5 } },
				"line": 63
			},
			"10": {
				"name": "(anonymous_10)",
				"decl": { "start": { "line": 70, "column": 49 }, "end": { "line": 70, "column": 50 } },
				"loc": { "start": { "line": 70, "column": 57 }, "end": { "line": 70, "column": 78 } },
				"line": 70
			},
			"11": {
				"name": "(anonymous_11)",
				"decl": { "start": { "line": 72, "column": 4 }, "end": { "line": 72, "column": 5 } },
				"loc": { "start": { "line": 72, "column": 33 }, "end": { "line": 82, "column": 5 } },
				"line": 72
			},
			"12": {
				"name": "(anonymous_12)",
				"decl": { "start": { "line": 78, "column": 49 }, "end": { "line": 78, "column": 50 } },
				"loc": { "start": { "line": 78, "column": 56 }, "end": { "line": 81, "column": 9 } },
				"line": 78
			},
			"13": {
				"name": "(anonymous_13)",
				"decl": { "start": { "line": 83, "column": 4 }, "end": { "line": 83, "column": 5 } },
				"loc": { "start": { "line": 83, "column": 26 }, "end": { "line": 90, "column": 5 } },
				"line": 83
			},
			"14": {
				"name": "(anonymous_14)",
				"decl": { "start": { "line": 91, "column": 4 }, "end": { "line": 91, "column": 5 } },
				"loc": { "start": { "line": 91, "column": 26 }, "end": { "line": 98, "column": 5 } },
				"line": 91
			}
		},
		"branchMap": {
			"0": {
				"loc": { "start": { "line": 2, "column": 17 }, "end": { "line": 7, "column": 1 } },
				"type": "binary-expr",
				"locations": [
					{ "start": { "line": 2, "column": 18 }, "end": { "line": 2, "column": 22 } },
					{ "start": { "line": 2, "column": 26 }, "end": { "line": 2, "column": 41 } },
					{ "start": { "line": 2, "column": 46 }, "end": { "line": 7, "column": 1 } }
				],
				"line": 2
			},
			"1": {
				"loc": { "start": { "line": 3, "column": 34 }, "end": { "line": 3, "column": 125 } },
				"type": "cond-expr",
				"locations": [
					{ "start": { "line": 3, "column": 42 }, "end": { "line": 3, "column": 48 } },
					{ "start": { "line": 3, "column": 51 }, "end": { "line": 3, "column": 125 } }
				],
				"line": 3
			},
			"2": {
				"loc": { "start": { "line": 3, "column": 51 }, "end": { "line": 3, "column": 125 } },
				"type": "cond-expr",
				"locations": [
					{ "start": { "line": 3, "column": 67 }, "end": { "line": 3, "column": 118 } },
					{ "start": { "line": 3, "column": 121 }, "end": { "line": 3, "column": 125 } }
				],
				"line": 3
			},
			"3": {
				"loc": { "start": { "line": 4, "column": 4 }, "end": { "line": 5, "column": 150 } },
				"type": "if",
				"locations": [
					{ "start": { "line": 4, "column": 4 }, "end": { "line": 5, "column": 150 } },
					{ "start": { "line": 5, "column": 9 }, "end": { "line": 5, "column": 150 } }
				],
				"line": 4
			},
			"4": {
				"loc": { "start": { "line": 4, "column": 8 }, "end": { "line": 4, "column": 77 } },
				"type": "binary-expr",
				"locations": [
					{ "start": { "line": 4, "column": 8 }, "end": { "line": 4, "column": 35 } },
					{ "start": { "line": 4, "column": 39 }, "end": { "line": 4, "column": 77 } }
				],
				"line": 4
			},
			"5": {
				"loc": { "start": { "line": 5, "column": 58 }, "end": { "line": 5, "column": 150 } },
				"type": "if",
				"locations": [
					{ "start": { "line": 5, "column": 58 }, "end": { "line": 5, "column": 150 } },
					{ "start": {}, "end": {} }
				],
				"line": 5
			},
			"6": {
				"loc": { "start": { "line": 5, "column": 85 }, "end": { "line": 5, "column": 149 } },
				"type": "binary-expr",
				"locations": [
					{ "start": { "line": 5, "column": 86 }, "end": { "line": 5, "column": 143 } },
					{ "start": { "line": 5, "column": 148 }, "end": { "line": 5, "column": 149 } }
				],
				"line": 5
			},
			"7": {
				"loc": { "start": { "line": 5, "column": 86 }, "end": { "line": 5, "column": 143 } },
				"type": "cond-expr",
				"locations": [
					{ "start": { "line": 5, "column": 94 }, "end": { "line": 5, "column": 98 } },
					{ "start": { "line": 5, "column": 101 }, "end": { "line": 5, "column": 143 } }
				],
				"line": 5
			},
			"8": {
				"loc": { "start": { "line": 5, "column": 101 }, "end": { "line": 5, "column": 143 } },
				"type": "cond-expr",
				"locations": [
					{ "start": { "line": 5, "column": 109 }, "end": { "line": 5, "column": 126 } },
					{ "start": { "line": 5, "column": 129 }, "end": { "line": 5, "column": 143 } }
				],
				"line": 5
			},
			"9": {
				"loc": { "start": { "line": 6, "column": 11 }, "end": { "line": 6, "column": 62 } },
				"type": "binary-expr",
				"locations": [
					{ "start": { "line": 6, "column": 11 }, "end": { "line": 6, "column": 16 } },
					{ "start": { "line": 6, "column": 20 }, "end": { "line": 6, "column": 21 } },
					{ "start": { "line": 6, "column": 25 }, "end": { "line": 6, "column": 62 } }
				],
				"line": 6
			},
			"10": {
				"loc": { "start": { "line": 8, "column": 17 }, "end": { "line": 10, "column": 1 } },
				"type": "binary-expr",
				"locations": [
					{ "start": { "line": 8, "column": 18 }, "end": { "line": 8, "column": 22 } },
					{ "start": { "line": 8, "column": 26 }, "end": { "line": 8, "column": 41 } },
					{ "start": { "line": 8, "column": 46 }, "end": { "line": 10, "column": 1 } }
				],
				"line": 8
			},
			"11": {
				"loc": { "start": { "line": 9, "column": 4 }, "end": { "line": 9, "column": 109 } },
				"type": "if",
				"locations": [
					{ "start": { "line": 9, "column": 4 }, "end": { "line": 9, "column": 109 } },
					{ "start": {}, "end": {} }
				],
				"line": 9
			},
			"12": {
				"loc": { "start": { "line": 9, "column": 8 }, "end": { "line": 9, "column": 77 } },
				"type": "binary-expr",
				"locations": [
					{ "start": { "line": 9, "column": 8 }, "end": { "line": 9, "column": 35 } },
					{ "start": { "line": 9, "column": 39 }, "end": { "line": 9, "column": 77 } }
				],
				"line": 9
			},
			"13": {
				"loc": { "start": { "line": 11, "column": 14 }, "end": { "line": 13, "column": 1 } },
				"type": "binary-expr",
				"locations": [
					{ "start": { "line": 11, "column": 15 }, "end": { "line": 11, "column": 19 } },
					{ "start": { "line": 11, "column": 23 }, "end": { "line": 11, "column": 35 } },
					{ "start": { "line": 11, "column": 40 }, "end": { "line": 13, "column": 1 } }
				],
				"line": 11
			},
			"14": {
				"loc": { "start": { "line": 28, "column": 20 }, "end": { "line": 28, "column": 75 } },
				"type": "binary-expr",
				"locations": [
					{ "start": { "line": 28, "column": 20 }, "end": { "line": 28, "column": 42 } },
					{ "start": { "line": 28, "column": 47 }, "end": { "line": 28, "column": 74 } }
				],
				"line": 28
			},
			"15": {
				"loc": { "start": { "line": 47, "column": 8 }, "end": { "line": 50, "column": 9 } },
				"type": "if",
				"locations": [
					{ "start": { "line": 47, "column": 8 }, "end": { "line": 50, "column": 9 } },
					{ "start": {}, "end": {} }
				],
				"line": 47
			},
			"16": {
				"loc": { "start": { "line": 55, "column": 8 }, "end": { "line": 59, "column": 9 } },
				"type": "if",
				"locations": [
					{ "start": { "line": 55, "column": 8 }, "end": { "line": 59, "column": 9 } },
					{ "start": {}, "end": {} }
				],
				"line": 55
			},
			"17": {
				"loc": { "start": { "line": 64, "column": 8 }, "end": { "line": 68, "column": 9 } },
				"type": "if",
				"locations": [
					{ "start": { "line": 64, "column": 8 }, "end": { "line": 68, "column": 9 } },
					{ "start": {}, "end": {} }
				],
				"line": 64
			},
			"18": {
				"loc": { "start": { "line": 73, "column": 8 }, "end": { "line": 76, "column": 9 } },
				"type": "if",
				"locations": [
					{ "start": { "line": 73, "column": 8 }, "end": { "line": 76, "column": 9 } },
					{ "start": {}, "end": {} }
				],
				"line": 73
			},
			"19": {
				"loc": { "start": { "line": 84, "column": 8 }, "end": { "line": 88, "column": 9 } },
				"type": "if",
				"locations": [
					{ "start": { "line": 84, "column": 8 }, "end": { "line": 88, "column": 9 } },
					{ "start": {}, "end": {} }
				],
				"line": 84
			},
			"20": {
				"loc": { "start": { "line": 92, "column": 8 }, "end": { "line": 96, "column": 9 } },
				"type": "if",
				"locations": [
					{ "start": { "line": 92, "column": 8 }, "end": { "line": 96, "column": 9 } },
					{ "start": {}, "end": {} }
				],
				"line": 92
			}
		},
		"s": {
			"0": 2,
			"1": 2,
			"2": 2,
			"3": 2,
			"4": 2,
			"5": 0,
			"6": 0,
			"7": 0,
			"8": 0,
			"9": 2,
			"10": 2,
			"11": 2,
			"12": 2,
			"13": 2,
			"14": 2,
			"15": 2,
			"16": 2,
			"17": 2,
			"18": 2,
			"19": 2,
			"20": 2,
			"21": 2,
			"22": 2,
			"23": 2,
			"24": 2,
			"25": 2,
			"26": 2,
			"27": 2,
			"28": 2,
			"29": 2,
			"30": 8,
			"31": 8,
			"32": 8,
			"33": 8,
			"34": 0,
			"35": 0,
			"36": 0,
			"37": 0,
			"38": 0,
			"39": 0,
			"40": 0,
			"41": 0,
			"42": 0,
			"43": 0,
			"44": 0,
			"45": 0,
			"46": 0,
			"47": 0,
			"48": 0,
			"49": 0,
			"50": 0,
			"51": 0,
			"52": 0,
			"53": 0,
			"54": 0,
			"55": 0,
			"56": 0,
			"57": 0,
			"58": 0,
			"59": 0,
			"60": 0,
			"61": 0,
			"62": 0,
			"63": 0,
			"64": 0,
			"65": 0,
			"66": 0,
			"67": 0,
			"68": 0,
			"69": 0,
			"70": 2,
			"71": 2
		},
		"f": {
			"0": 2,
			"1": 2,
			"2": 2,
			"3": 2,
			"4": 2,
			"5": 8,
			"6": 0,
			"7": 0,
			"8": 0,
			"9": 0,
			"10": 0,
			"11": 0,
			"12": 0,
			"13": 0,
			"14": 0
		},
		"b": {
			"0": [2, 2, 2],
			"1": [2, 0],
			"2": [0, 0],
			"3": [2, 0],
			"4": [2, 2],
			"5": [0, 0],
			"6": [0, 0],
			"7": [0, 0],
			"8": [0, 0],
			"9": [2, 0, 0],
			"10": [2, 2, 2],
			"11": [2, 0],
			"12": [2, 2],
			"13": [2, 2, 2],
			"14": [2, 2],
			"15": [0, 0],
			"16": [0, 0],
			"17": [0, 0],
			"18": [0, 0],
			"19": [0, 0],
			"20": [0, 0]
		},
		"_coverageSchema": "1a1c01bbd47fc00a2c39e90264f33305004495a9",
		"hash": "f4c687c76a00f061a5349130bab79dd0e8a0ad29"
	}
}
