TN:
SF:src/mock.ts
FN:9,mockedApi
FN:14,(anonymous_1)
FN:15,(anonymous_2)
FN:16,(anonymous_3)
FN:17,(anonymous_4)
FN:29,mockedGame
FN:31,(anonymous_6)
FN:40,(anonymous_7)
FN:58,(anonymous_8)
FN:75,mocked
FNF:10
FNH:7
FNDA:8,mockedApi
FNDA:0,(anonymous_1)
FNDA:3,(anonymous_2)
FNDA:0,(anonymous_3)
FNDA:0,(anonymous_4)
FNDA:8,mockedGame
FNDA:40,(anonymous_6)
FNDA:28,(anonymous_7)
FNDA:50,(anonymous_8)
FNDA:8,mocked
DA:2,2
DA:3,2
DA:4,2
DA:5,2
DA:6,2
DA:7,2
DA:8,2
DA:10,8
DA:14,0
DA:15,3
DA:16,0
DA:17,0
DA:28,2
DA:30,8
DA:32,40
DA:33,40
DA:35,0
DA:36,0
DA:40,28
DA:58,50
DA:74,2
DA:76,8
DA:77,8
DA:78,8
DA:79,8
DA:80,8
DA:82,2
LF:27
LH:22
BRDA:32,0,0,40
BRDA:32,0,1,0
BRDA:75,1,0,4
BRDA:75,2,0,4
BRF:4
BRH:3
end_of_record
TN:
SF:src/socket.ts
FN:7,(anonymous_0)
FN:17,(anonymous_1)
FN:20,setupSocket
FN:21,(anonymous_3)
FN:22,(anonymous_4)
FN:26,(anonymous_5)
FN:29,(anonymous_6)
FN:33,(anonymous_7)
FN:37,(anonymous_8)
FN:40,(anonymous_9)
FN:43,(anonymous_10)
FN:47,(anonymous_11)
FN:53,(anonymous_12)
FN:54,(anonymous_13)
FN:55,(anonymous_14)
FN:56,(anonymous_15)
FN:57,(anonymous_16)
FN:58,(anonymous_17)
FN:59,(anonymous_18)
FNF:19
FNH:1
FNDA:2,(anonymous_0)
FNDA:0,(anonymous_1)
FNDA:0,setupSocket
FNDA:0,(anonymous_3)
FNDA:0,(anonymous_4)
FNDA:0,(anonymous_5)
FNDA:0,(anonymous_6)
FNDA:0,(anonymous_7)
FNDA:0,(anonymous_8)
FNDA:0,(anonymous_9)
FNDA:0,(anonymous_10)
FNDA:0,(anonymous_11)
FNDA:0,(anonymous_12)
FNDA:0,(anonymous_13)
FNDA:0,(anonymous_14)
FNDA:0,(anonymous_15)
FNDA:0,(anonymous_16)
FNDA:0,(anonymous_17)
FNDA:0,(anonymous_18)
DA:2,2
DA:3,2
DA:4,2
DA:5,2
DA:7,2
DA:8,2
DA:9,2
DA:10,2
DA:11,2
DA:12,2
DA:13,2
DA:14,2
DA:16,2
DA:17,2
DA:18,0
DA:21,0
DA:22,0
DA:23,0
DA:24,0
DA:25,0
DA:26,0
DA:27,0
DA:29,0
DA:30,0
DA:31,0
DA:33,0
DA:34,0
DA:35,0
DA:37,0
DA:38,0
DA:40,0
DA:41,0
DA:43,0
DA:44,0
DA:45,0
DA:47,0
DA:48,0
DA:50,0
DA:53,0
DA:54,0
DA:55,0
DA:56,0
DA:57,0
DA:58,0
DA:59,0
DA:60,0
DA:62,0
DA:63,0
DA:68,2
LF:49
LH:15
BRDA:15,0,0,2
BRDA:15,0,1,2
BRDA:24,1,0,0
BRDA:24,1,1,0
BRDA:25,2,0,0
BRDA:25,2,1,0
BRF:6
BRH:2
end_of_record
TN:
SF:src/components/WithSyrinContext.svelte
FN:9,create_fragment
FN:16,switch_props
FN:34,create
FN:38,claim
FN:41,mount
FN:46,update
FN:56,(anonymous_6)
FN:75,intro
FN:80,outro
FN:84,destroy
FN:101,instance
FN:110,(anonymous_11)
FN:120,(anonymous_12)
FN:127,(anonymous_13)
FN:129,(anonymous_14)
FN:142,(anonymous_15)
FN:154,(anonymous_16)
FN:158,(anonymous_17)
FN:163,(anonymous_18)
FN:167,(anonymous_19)
FNF:20
FNH:8
FNDA:8,create_fragment
FNDA:8,switch_props
FNDA:8,create
FNDA:0,claim
FNDA:8,mount
FNDA:0,update
FNDA:0,(anonymous_6)
FNDA:0,intro
FNDA:0,outro
FNDA:8,destroy
FNDA:8,instance
FNDA:8,(anonymous_11)
FNDA:0,(anonymous_12)
FNDA:0,(anonymous_13)
FNDA:0,(anonymous_14)
FNDA:8,(anonymous_15)
FNDA:0,(anonymous_16)
FNDA:0,(anonymous_17)
FNDA:0,(anonymous_18)
FNDA:0,(anonymous_19)
DA:4,2
DA:5,2
DA:6,2
DA:7,2
DA:13,8
DA:14,8
DA:17,8
DA:19,8
DA:20,8
DA:23,8
DA:29,8
DA:30,8
DA:33,8
DA:35,8
DA:36,8
DA:39,0
DA:42,8
DA:43,8
DA:44,8
DA:47,0
DA:51,0
DA:52,0
DA:53,0
DA:54,0
DA:56,0
DA:57,0
DA:60,0
DA:63,0
DA:64,0
DA:65,0
DA:66,0
DA:67,0
DA:69,0
DA:71,0
DA:72,0
DA:76,0
DA:77,0
DA:78,0
DA:81,0
DA:82,0
DA:85,8
DA:86,8
DA:90,8
DA:98,8
DA:102,8
DA:103,8
DA:104,8
DA:105,8
DA:106,8
DA:107,8
DA:108,8
DA:110,8
DA:111,8
DA:112,0
DA:115,8
DA:116,0
DA:120,8
DA:121,0
DA:122,0
DA:123,0
DA:124,0
DA:127,8
DA:129,8
DA:130,0
DA:131,0
DA:134,8
DA:135,0
DA:138,8
DA:143,8
DA:144,8
DA:146,8
DA:155,0
DA:159,0
DA:160,0
DA:164,0
DA:168,0
DA:169,0
DA:173,2
LF:78
LH:41
BRDA:29,0,0,8
BRDA:29,0,1,0
BRDA:35,1,0,8
BRDA:35,1,1,0
BRDA:42,2,0,8
BRDA:42,2,1,0
BRDA:47,3,0,0
BRDA:47,3,1,0
BRDA:51,4,0,0
BRDA:51,4,1,0
BRDA:52,5,0,0
BRDA:52,5,1,0
BRDA:63,6,0,0
BRDA:63,6,1,0
BRDA:71,7,0,0
BRDA:71,7,1,0
BRDA:76,8,0,0
BRDA:76,8,1,0
BRDA:77,9,0,0
BRDA:77,9,1,0
BRDA:81,10,0,0
BRDA:81,10,1,0
BRDA:85,11,0,8
BRDA:85,11,1,0
BRDA:86,12,0,8
BRDA:86,12,1,0
BRDA:104,13,0,8
BRDA:111,14,0,0
BRDA:111,14,1,8
BRDA:111,15,0,8
BRDA:111,15,1,0
BRDA:111,16,0,0
BRDA:111,16,1,0
BRDA:115,17,0,0
BRDA:115,17,1,8
BRDA:115,18,0,8
BRDA:115,18,1,0
BRDA:115,19,0,0
BRDA:115,19,1,0
BRDA:123,20,0,0
BRDA:123,20,1,0
BRDA:124,21,0,0
BRDA:124,21,1,0
BRDA:130,22,0,0
BRDA:130,22,1,0
BRDA:131,23,0,0
BRDA:131,23,1,0
BRDA:134,24,0,0
BRDA:134,24,1,8
BRDA:134,25,0,8
BRDA:134,25,1,8
BRF:51
BRH:13
end_of_record
TN:
SF:src/components/config/playlist/index.svelte
FN:8,add_css
FN:12,create_fragment
FN:46,create
FN:115,(anonymous_3)
FN:133,claim
FN:136,mount
FN:175,update
FN:202,destroy
FN:220,instance
FN:230,(anonymous_9)
FN:235,(anonymous_10)
FN:250,(anonymous_11)
FN:266,(anonymous_12)
FN:270,input0_input_handler
FN:275,select_change_handler
FN:280,(anonymous_15)
FN:286,(anonymous_16)
FN:300,(anonymous_17)
FN:314,(anonymous_18)
FN:336,(anonymous_19)
FN:348,(anonymous_20)
FN:352,(anonymous_21)
FN:357,(anonymous_22)
FN:361,(anonymous_23)
FN:366,(anonymous_24)
FN:370,(anonymous_25)
FNF:26
FNH:15
FNDA:4,add_css
FNDA:4,create_fragment
FNDA:4,create
FNDA:2,(anonymous_3)
FNDA:0,claim
FNDA:4,mount
FNDA:2,update
FNDA:4,destroy
FNDA:4,instance
FNDA:4,(anonymous_9)
FNDA:4,(anonymous_10)
FNDA:4,(anonymous_11)
FNDA:10,(anonymous_12)
FNDA:0,input0_input_handler
FNDA:2,select_change_handler
FNDA:0,(anonymous_15)
FNDA:0,(anonymous_16)
FNDA:0,(anonymous_17)
FNDA:6,(anonymous_18)
FNDA:4,(anonymous_19)
FNDA:0,(anonymous_20)
FNDA:0,(anonymous_21)
FNDA:0,(anonymous_22)
FNDA:0,(anonymous_23)
FNDA:0,(anonymous_24)
FNDA:0,(anonymous_25)
DA:4,1
DA:5,1
DA:6,1
DA:9,4
DA:39,4
DA:45,4
DA:47,4
DA:48,4
DA:49,4
DA:50,4
DA:51,4
DA:52,4
DA:53,4
DA:54,4
DA:55,4
DA:56,4
DA:57,4
DA:58,4
DA:59,4
DA:60,4
DA:61,4
DA:62,4
DA:63,4
DA:64,4
DA:65,4
DA:66,4
DA:67,4
DA:68,4
DA:69,4
DA:70,4
DA:71,4
DA:72,4
DA:74,4
DA:78,4
DA:79,4
DA:80,4
DA:81,4
DA:82,4
DA:83,4
DA:84,4
DA:85,4
DA:86,4
DA:87,4
DA:88,4
DA:89,4
DA:90,4
DA:91,4
DA:92,4
DA:93,4
DA:94,4
DA:95,4
DA:96,4
DA:97,4
DA:98,4
DA:99,4
DA:100,4
DA:101,4
DA:102,4
DA:103,4
DA:104,4
DA:105,4
DA:106,4
DA:107,4
DA:108,4
DA:109,4
DA:110,4
DA:111,4
DA:112,4
DA:113,4
DA:114,4
DA:115,4
DA:116,4
DA:117,4
DA:118,4
DA:119,4
DA:120,4
DA:121,4
DA:122,4
DA:123,4
DA:124,4
DA:125,4
DA:126,4
DA:127,4
DA:128,4
DA:129,4
DA:130,4
DA:131,4
DA:134,0
DA:137,4
DA:138,4
DA:139,4
DA:140,4
DA:141,4
DA:142,4
DA:143,4
DA:144,4
DA:145,4
DA:146,4
DA:147,4
DA:148,4
DA:149,4
DA:150,4
DA:151,4
DA:152,4
DA:153,4
DA:154,4
DA:155,4
DA:156,4
DA:157,4
DA:158,4
DA:159,4
DA:160,4
DA:161,4
DA:162,4
DA:163,4
DA:164,4
DA:166,4
DA:167,4
DA:172,4
DA:176,2
DA:177,0
DA:180,2
DA:181,0
DA:184,2
DA:185,0
DA:188,2
DA:189,2
DA:192,2
DA:193,0
DA:196,2
DA:197,0
DA:203,4
DA:204,4
DA:205,4
DA:209,4
DA:217,4
DA:222,4
DA:223,4
DA:224,4
DA:225,4
DA:226,4
DA:227,4
DA:228,4
DA:229,4
DA:230,4
DA:231,4
DA:232,4
DA:233,4
DA:235,4
DA:236,4
DA:238,4
DA:239,1
DA:242,3
DA:244,3
DA:245,2
DA:246,2
DA:250,4
DA:251,4
DA:252,0
DA:255,4
DA:256,0
DA:259,4
DA:260,0
DA:264,4
DA:266,4
DA:267,10
DA:271,0
DA:272,0
DA:276,2
DA:277,2
DA:280,4
DA:281,0
DA:282,0
DA:283,0
DA:286,4
DA:300,4
DA:301,0
DA:302,0
DA:303,0
DA:304,0
DA:305,0
DA:306,0
DA:307,0
DA:310,4
DA:311,0
DA:314,4
DA:315,6
DA:316,4
DA:320,4
DA:337,4
DA:338,4
DA:340,4
DA:349,0
DA:353,0
DA:354,0
DA:358,0
DA:362,0
DA:363,0
DA:367,0
DA:371,0
DA:372,0
DA:376,1
LF:202
LH:171
BRDA:115,0,0,2
BRDA:115,0,1,2
BRDA:166,1,0,4
BRDA:166,1,1,0
BRDA:176,2,0,0
BRDA:176,2,1,2
BRDA:176,3,0,2
BRDA:176,3,1,0
BRDA:180,4,0,0
BRDA:180,4,1,2
BRDA:180,5,0,2
BRDA:180,5,1,0
BRDA:184,6,0,0
BRDA:184,6,1,2
BRDA:188,7,0,2
BRDA:188,7,1,0
BRDA:192,8,0,0
BRDA:192,8,1,2
BRDA:192,9,0,2
BRDA:192,9,1,0
BRDA:196,10,0,0
BRDA:196,10,1,2
BRDA:203,11,0,4
BRDA:203,11,1,0
BRDA:222,12,0,4
BRDA:238,13,0,1
BRDA:238,13,1,3
BRDA:244,14,0,2
BRDA:244,14,1,1
BRDA:251,15,0,0
BRDA:251,15,1,4
BRDA:251,16,0,4
BRDA:251,16,1,0
BRDA:251,17,0,0
BRDA:251,17,1,0
BRDA:255,18,0,0
BRDA:255,18,1,4
BRDA:255,19,0,4
BRDA:255,19,1,0
BRDA:255,20,0,0
BRDA:255,20,1,0
BRDA:259,21,0,0
BRDA:259,21,1,4
BRDA:259,22,0,4
BRDA:259,22,1,0
BRDA:259,23,0,0
BRDA:259,23,1,0
BRDA:267,24,0,0
BRDA:267,24,1,10
BRDA:267,25,0,10
BRDA:267,25,1,0
BRDA:267,25,2,0
BRDA:281,26,0,0
BRDA:281,26,1,0
BRDA:282,27,0,0
BRDA:282,27,1,0
BRDA:283,28,0,0
BRDA:283,28,1,0
BRDA:301,29,0,0
BRDA:301,29,1,0
BRDA:302,30,0,0
BRDA:302,30,1,0
BRDA:303,31,0,0
BRDA:303,31,1,0
BRDA:304,32,0,0
BRDA:304,32,1,0
BRDA:305,33,0,0
BRDA:305,33,1,0
BRDA:306,34,0,0
BRDA:306,34,1,0
BRDA:307,35,0,0
BRDA:307,35,1,0
BRDA:310,36,0,0
BRDA:310,36,1,4
BRDA:310,37,0,4
BRDA:310,37,1,4
BRDA:315,38,0,4
BRDA:315,38,1,2
BRF:78
BRH:31
end_of_record
TN:
SF:src/components/config/playlist-sound/index.svelte
FN:8,add_css
FN:12,create_fragment
FN:46,create
FN:133,claim
FN:136,mount
FN:170,update
FN:201,destroy
FN:219,instance
FN:228,(anonymous_8)
FN:234,(anonymous_9)
FN:251,(anonymous_10)
FN:263,(anonymous_11)
FN:267,input0_input_handler
FN:272,(anonymous_13)
FN:277,(anonymous_14)
FN:291,(anonymous_15)
FN:305,(anonymous_16)
FN:326,(anonymous_17)
FN:338,(anonymous_18)
FN:342,(anonymous_19)
FN:347,(anonymous_20)
FN:351,(anonymous_21)
FNF:22
FNH:13
FNDA:4,add_css
FNDA:4,create_fragment
FNDA:4,create
FNDA:0,claim
FNDA:4,mount
FNDA:3,update
FNDA:4,destroy
FNDA:4,instance
FNDA:4,(anonymous_8)
FNDA:4,(anonymous_9)
FNDA:4,(anonymous_10)
FNDA:8,(anonymous_11)
FNDA:0,input0_input_handler
FNDA:0,(anonymous_13)
FNDA:0,(anonymous_14)
FNDA:0,(anonymous_15)
FNDA:7,(anonymous_16)
FNDA:4,(anonymous_17)
FNDA:0,(anonymous_18)
FNDA:0,(anonymous_19)
FNDA:0,(anonymous_20)
FNDA:0,(anonymous_21)
DA:4,1
DA:5,1
DA:6,1
DA:9,4
DA:39,4
DA:45,4
DA:47,4
DA:48,4
DA:49,4
DA:50,4
DA:51,4
DA:52,4
DA:53,4
DA:54,4
DA:55,4
DA:56,4
DA:57,4
DA:58,4
DA:59,4
DA:60,4
DA:61,4
DA:62,4
DA:63,4
DA:64,4
DA:65,4
DA:66,4
DA:67,4
DA:68,4
DA:69,4
DA:70,4
DA:72,4
DA:76,4
DA:77,4
DA:78,4
DA:79,4
DA:80,4
DA:81,4
DA:82,4
DA:83,4
DA:84,4
DA:85,4
DA:86,4
DA:87,4
DA:88,4
DA:89,4
DA:90,4
DA:91,4
DA:92,4
DA:93,4
DA:94,4
DA:95,4
DA:96,4
DA:97,4
DA:98,4
DA:99,4
DA:100,4
DA:101,4
DA:102,4
DA:103,4
DA:104,4
DA:105,4
DA:106,4
DA:107,4
DA:108,4
DA:109,4
DA:110,4
DA:111,4
DA:112,4
DA:113,4
DA:114,4
DA:115,4
DA:116,4
DA:117,4
DA:118,4
DA:119,4
DA:120,4
DA:121,4
DA:122,4
DA:123,4
DA:124,4
DA:125,4
DA:126,4
DA:127,4
DA:128,4
DA:129,4
DA:130,4
DA:131,4
DA:134,0
DA:137,4
DA:138,4
DA:139,4
DA:140,4
DA:141,4
DA:142,4
DA:143,4
DA:144,4
DA:145,4
DA:146,4
DA:147,4
DA:148,4
DA:149,4
DA:150,4
DA:151,4
DA:152,4
DA:153,4
DA:154,4
DA:155,4
DA:156,4
DA:157,4
DA:158,4
DA:159,4
DA:160,4
DA:161,4
DA:162,4
DA:163,4
DA:165,4
DA:166,4
DA:167,4
DA:171,3
DA:172,0
DA:175,3
DA:176,3
DA:179,3
DA:180,3
DA:183,3
DA:184,3
DA:187,3
DA:188,3
DA:191,3
DA:192,3
DA:195,3
DA:196,3
DA:202,4
DA:203,4
DA:204,4
DA:208,4
DA:216,4
DA:221,4
DA:222,4
DA:223,4
DA:224,4
DA:225,4
DA:226,4
DA:227,4
DA:228,4
DA:229,4
DA:230,4
DA:231,4
DA:232,4
DA:234,4
DA:235,4
DA:237,4
DA:238,1
DA:241,3
DA:242,3
DA:243,3
DA:245,3
DA:246,3
DA:247,3
DA:251,4
DA:252,4
DA:253,0
DA:256,4
DA:257,0
DA:261,4
DA:263,4
DA:264,8
DA:268,0
DA:269,0
DA:272,4
DA:273,0
DA:274,0
DA:277,4
DA:291,4
DA:292,0
DA:293,0
DA:294,0
DA:295,0
DA:296,0
DA:297,0
DA:298,0
DA:301,4
DA:302,0
DA:305,4
DA:306,7
DA:307,4
DA:311,4
DA:327,4
DA:328,4
DA:330,4
DA:339,0
DA:343,0
DA:344,0
DA:348,0
DA:352,0
DA:353,0
DA:357,1
LF:197
LH:175
BRDA:165,0,0,4
BRDA:165,0,1,0
BRDA:171,1,0,0
BRDA:171,1,1,3
BRDA:171,2,0,3
BRDA:171,2,1,0
BRDA:175,3,0,3
BRDA:175,3,1,0
BRDA:175,4,0,3
BRDA:175,4,1,3
BRDA:179,5,0,3
BRDA:179,5,1,0
BRDA:183,6,0,3
BRDA:183,6,1,0
BRDA:183,7,0,3
BRDA:183,7,1,3
BRDA:187,8,0,3
BRDA:187,8,1,0
BRDA:191,9,0,3
BRDA:191,9,1,0
BRDA:191,10,0,3
BRDA:191,10,1,3
BRDA:195,11,0,3
BRDA:195,11,1,0
BRDA:202,12,0,4
BRDA:202,12,1,0
BRDA:221,13,0,4
BRDA:235,14,0,4
BRDA:235,14,1,1
BRDA:237,15,0,1
BRDA:237,15,1,3
BRDA:245,16,0,3
BRDA:245,16,1,0
BRDA:252,17,0,0
BRDA:252,17,1,4
BRDA:252,18,0,4
BRDA:252,18,1,0
BRDA:252,19,0,0
BRDA:252,19,1,0
BRDA:256,20,0,0
BRDA:256,20,1,4
BRDA:256,21,0,4
BRDA:256,21,1,0
BRDA:256,22,0,0
BRDA:256,22,1,0
BRDA:264,23,0,0
BRDA:264,23,1,8
BRDA:264,24,0,8
BRDA:264,24,1,0
BRDA:264,24,2,0
BRDA:273,25,0,0
BRDA:273,25,1,0
BRDA:274,26,0,0
BRDA:274,26,1,0
BRDA:292,27,0,0
BRDA:292,27,1,0
BRDA:293,28,0,0
BRDA:293,28,1,0
BRDA:294,29,0,0
BRDA:294,29,1,0
BRDA:295,30,0,0
BRDA:295,30,1,0
BRDA:296,31,0,0
BRDA:296,31,1,0
BRDA:297,32,0,0
BRDA:297,32,1,0
BRDA:298,33,0,0
BRDA:298,33,1,0
BRDA:301,34,0,0
BRDA:301,34,1,4
BRDA:301,35,0,4
BRDA:301,35,1,4
BRDA:306,36,0,4
BRDA:306,36,1,3
BRF:74
BRH:33
end_of_record
TN:
SF:src/services/api.ts
FN:2,(anonymous_0)
FN:8,(anonymous_1)
FN:11,(anonymous_2)
FN:12,(anonymous_3)
FN:19,api
FN:25,(anonymous_5)
FN:28,(anonymous_6)
FN:31,(anonymous_7)
FN:35,(anonymous_8)
FN:40,(anonymous_9)
FN:44,(anonymous_10)
FN:46,(anonymous_11)
FN:50,(anonymous_12)
FN:55,(anonymous_13)
FN:60,(anonymous_14)
FN:70,(anonymous_15)
FN:75,(anonymous_16)
FN:80,(anonymous_17)
FN:81,(anonymous_18)
FN:90,(anonymous_19)
FN:96,(anonymous_20)
FN:105,(anonymous_21)
FN:108,(anonymous_22)
FN:111,(anonymous_23)
FN:114,(anonymous_24)
FN:118,(anonymous_25)
FN:122,(anonymous_26)
FN:126,(anonymous_27)
FN:130,(anonymous_28)
FN:133,(anonymous_29)
FNF:30
FNH:7
FNDA:2,(anonymous_0)
FNDA:2,(anonymous_1)
FNDA:2,(anonymous_2)
FNDA:2,(anonymous_3)
FNDA:0,api
FNDA:8,(anonymous_5)
FNDA:0,(anonymous_6)
FNDA:4,(anonymous_7)
FNDA:0,(anonymous_8)
FNDA:0,(anonymous_9)
FNDA:0,(anonymous_10)
FNDA:0,(anonymous_11)
FNDA:0,(anonymous_12)
FNDA:0,(anonymous_13)
FNDA:0,(anonymous_14)
FNDA:0,(anonymous_15)
FNDA:0,(anonymous_16)
FNDA:0,(anonymous_17)
FNDA:0,(anonymous_18)
FNDA:3,(anonymous_19)
FNDA:0,(anonymous_20)
FNDA:0,(anonymous_21)
FNDA:0,(anonymous_22)
FNDA:0,(anonymous_23)
FNDA:0,(anonymous_24)
FNDA:0,(anonymous_25)
FNDA:0,(anonymous_26)
FNDA:0,(anonymous_27)
FNDA:0,(anonymous_28)
FNDA:0,(anonymous_29)
DA:2,2
DA:3,2
DA:4,2
DA:5,0
DA:6,2
DA:8,2
DA:9,2
DA:11,2
DA:12,2
DA:14,2
DA:15,2
DA:16,2
DA:17,2
DA:18,2
DA:20,0
DA:22,2
DA:23,2
DA:26,8
DA:29,0
DA:32,4
DA:33,4
DA:37,0
DA:39,0
DA:41,0
DA:44,0
DA:46,0
DA:51,0
DA:52,0
DA:57,0
DA:59,0
DA:61,0
DA:71,0
DA:72,0
DA:77,0
DA:79,0
DA:80,0
DA:82,0
DA:92,3
DA:94,3
DA:97,0
DA:106,0
DA:109,0
DA:112,0
DA:116,0
DA:120,0
DA:124,0
DA:128,0
DA:131,0
DA:134,0
DA:137,2
DA:142,2
LF:51
LH:22
BRDA:2,0,0,2
BRDA:2,0,1,2
BRDA:2,0,2,2
BRDA:3,1,0,2
BRDA:3,1,1,0
BRDA:3,2,0,0
BRDA:3,2,1,0
BRDA:4,3,0,2
BRDA:4,3,1,0
BRDA:4,4,0,2
BRDA:4,4,1,2
BRDA:5,5,0,0
BRDA:5,5,1,0
BRDA:5,6,0,0
BRDA:5,6,1,0
BRDA:5,7,0,0
BRDA:5,7,1,0
BRDA:5,8,0,0
BRDA:5,8,1,0
BRDA:6,9,0,2
BRDA:6,9,1,0
BRDA:6,9,2,0
BRDA:8,10,0,2
BRDA:8,10,1,2
BRDA:8,10,2,2
BRDA:9,11,0,2
BRDA:9,11,1,0
BRDA:9,12,0,2
BRDA:9,12,1,2
BRDA:11,13,0,2
BRDA:11,13,1,2
BRDA:11,13,2,2
BRDA:86,14,0,0
BRDA:86,14,1,0
BRDA:101,15,0,0
BRDA:101,15,1,0
BRF:36
BRH:17
end_of_record
TN:
SF:src/services/context.ts
FN:2,(anonymous_0)
FN:8,(anonymous_1)
FN:11,(anonymous_2)
FN:12,(anonymous_3)
FN:28,(anonymous_4)
FN:35,(anonymous_5)
FN:49,resolve
FN:59,context
FNF:8
FNH:6
FNDA:2,(anonymous_0)
FNDA:2,(anonymous_1)
FNDA:2,(anonymous_2)
FNDA:2,(anonymous_3)
FNDA:8,(anonymous_4)
FNDA:0,(anonymous_5)
FNDA:0,resolve
FNDA:8,context
DA:2,2
DA:3,2
DA:4,2
DA:5,0
DA:6,2
DA:8,2
DA:9,2
DA:11,2
DA:12,2
DA:14,2
DA:15,2
DA:16,2
DA:17,2
DA:18,2
DA:19,2
DA:20,2
DA:21,2
DA:22,2
DA:29,8
DA:30,8
DA:31,8
DA:32,8
DA:33,8
DA:36,0
DA:37,0
DA:40,2
DA:48,2
DA:55,0
DA:58,2
DA:60,8
DA:62,2
LF:31
LH:27
BRDA:2,0,0,2
BRDA:2,0,1,2
BRDA:2,0,2,2
BRDA:3,1,0,2
BRDA:3,1,1,0
BRDA:3,2,0,0
BRDA:3,2,1,0
BRDA:4,3,0,2
BRDA:4,3,1,0
BRDA:4,4,0,2
BRDA:4,4,1,2
BRDA:5,5,0,0
BRDA:5,5,1,0
BRDA:5,6,0,0
BRDA:5,6,1,0
BRDA:5,7,0,0
BRDA:5,7,1,0
BRDA:5,8,0,0
BRDA:5,8,1,0
BRDA:6,9,0,2
BRDA:6,9,1,0
BRDA:6,9,2,0
BRDA:8,10,0,2
BRDA:8,10,1,2
BRDA:8,10,2,2
BRDA:9,11,0,2
BRDA:9,11,1,0
BRDA:9,12,0,2
BRDA:9,12,1,2
BRDA:11,13,0,2
BRDA:11,13,1,2
BRDA:11,13,2,2
BRF:32
BRH:17
end_of_record
TN:
SF:src/services/stores.ts
FN:2,(anonymous_0)
FN:8,(anonymous_1)
FN:11,(anonymous_2)
FN:12,(anonymous_3)
FN:14,(anonymous_4)
FN:47,(anonymous_5)
FN:59,(anonymous_6)
FN:60,(anonymous_7)
FN:75,(anonymous_8)
FN:87,(anonymous_9)
FN:93,(anonymous_10)
FN:95,(anonymous_11)
FN:105,(anonymous_12)
FN:109,(anonymous_13)
FN:120,(anonymous_14)
FN:123,(anonymous_15)
FN:141,(anonymous_16)
FN:142,(anonymous_17)
FN:150,(anonymous_18)
FN:155,(anonymous_19)
FN:164,(anonymous_20)
FN:177,(anonymous_21)
FN:181,(anonymous_22)
FN:196,(anonymous_23)
FN:200,(anonymous_24)
FN:218,(anonymous_25)
FN:222,(anonymous_26)
FN:229,(anonymous_27)
FN:242,(anonymous_28)
FN:249,delayed
FN:253,(anonymous_30)
FN:259,(anonymous_31)
FN:263,(anonymous_32)
FN:268,(anonymous_33)
FN:277,deduped_readable
FN:278,(anonymous_35)
FN:280,(anonymous_36)
FN:295,createFoundryStore
FN:297,(anonymous_38)
FN:303,(anonymous_39)
FN:310,(anonymous_40)
FN:314,(anonymous_41)
FN:317,(anonymous_42)
FN:318,(anonymous_43)
FN:324,(anonymous_44)
FN:329,(anonymous_45)
FN:336,(anonymous_46)
FNF:47
FNH:17
FNDA:2,(anonymous_0)
FNDA:2,(anonymous_1)
FNDA:2,(anonymous_2)
FNDA:2,(anonymous_3)
FNDA:2,(anonymous_4)
FNDA:8,(anonymous_5)
FNDA:0,(anonymous_6)
FNDA:0,(anonymous_7)
FNDA:0,(anonymous_8)
FNDA:0,(anonymous_9)
FNDA:0,(anonymous_10)
FNDA:0,(anonymous_11)
FNDA:0,(anonymous_12)
FNDA:0,(anonymous_13)
FNDA:0,(anonymous_14)
FNDA:4,(anonymous_15)
FNDA:0,(anonymous_16)
FNDA:0,(anonymous_17)
FNDA:0,(anonymous_18)
FNDA:0,(anonymous_19)
FNDA:4,(anonymous_20)
FNDA:0,(anonymous_21)
FNDA:4,(anonymous_22)
FNDA:0,(anonymous_23)
FNDA:0,(anonymous_24)
FNDA:8,(anonymous_25)
FNDA:0,(anonymous_26)
FNDA:0,(anonymous_27)
FNDA:8,(anonymous_28)
FNDA:8,delayed
FNDA:0,(anonymous_30)
FNDA:0,(anonymous_31)
FNDA:0,(anonymous_32)
FNDA:0,(anonymous_33)
FNDA:24,deduped_readable
FNDA:0,(anonymous_35)
FNDA:0,(anonymous_36)
FNDA:40,createFoundryStore
FNDA:40,(anonymous_38)
FNDA:10,(anonymous_39)
FNDA:10,(anonymous_40)
FNDA:0,(anonymous_41)
FNDA:0,(anonymous_42)
FNDA:0,(anonymous_43)
FNDA:0,(anonymous_44)
FNDA:0,(anonymous_45)
FNDA:0,(anonymous_46)
DA:2,2
DA:3,2
DA:4,2
DA:5,0
DA:6,2
DA:8,2
DA:9,2
DA:11,2
DA:12,2
DA:14,2
DA:15,2
DA:17,2
DA:18,2
DA:19,2
DA:20,2
DA:21,2
DA:22,2
DA:23,2
DA:30,2
DA:48,8
DA:49,8
DA:50,8
DA:51,8
DA:52,8
DA:53,8
DA:54,8
DA:55,8
DA:56,8
DA:57,8
DA:58,8
DA:59,8
DA:60,0
DA:61,0
DA:62,0
DA:63,0
DA:65,0
DA:66,0
DA:67,0
DA:72,0
DA:75,8
DA:77,0
DA:78,0
DA:79,0
DA:81,0
DA:82,0
DA:83,0
DA:85,0
DA:87,8
DA:89,0
DA:90,0
DA:91,0
DA:93,0
DA:94,0
DA:95,0
DA:96,0
DA:97,0
DA:98,0
DA:106,0
DA:107,0
DA:110,0
DA:111,0
DA:112,0
DA:113,0
DA:114,0
DA:115,0
DA:116,0
DA:117,0
DA:118,0
DA:121,0
DA:124,4
DA:125,4
DA:126,4
DA:127,4
DA:128,4
DA:129,1
DA:131,3
DA:132,3
DA:133,0
DA:135,3
DA:136,3
DA:138,3
DA:139,3
DA:140,3
DA:141,3
DA:142,0
DA:143,0
DA:144,0
DA:148,3
DA:151,0
DA:152,0
DA:153,0
DA:155,0
DA:156,0
DA:157,0
DA:158,0
DA:159,0
DA:160,0
DA:162,0
DA:166,4
DA:167,1
DA:168,3
DA:169,0
DA:171,3
DA:172,3
DA:173,0
DA:175,3
DA:178,0
DA:179,0
DA:183,4
DA:184,1
DA:185,3
DA:186,0
DA:187,3
DA:188,0
DA:190,3
DA:191,3
DA:192,3
DA:194,0
DA:197,0
DA:198,0
DA:201,0
DA:203,0
DA:204,0
DA:205,0
DA:208,2
DA:213,2
DA:215,8
DA:219,8
DA:220,8
DA:224,0
DA:225,0
DA:227,0
DA:230,0
DA:231,0
DA:233,0
DA:236,2
DA:243,8
DA:244,8
DA:245,8
DA:248,2
DA:250,8
DA:251,8
DA:252,8
DA:253,8
DA:254,0
DA:255,0
DA:256,0
DA:259,8
DA:260,0
DA:261,0
DA:263,8
DA:264,0
DA:265,0
DA:266,0
DA:268,8
DA:269,0
DA:271,8
DA:278,24
DA:279,0
DA:280,0
DA:281,0
DA:282,0
DA:284,0
DA:287,0
DA:290,24
DA:294,2
DA:296,40
DA:297,40
DA:298,40
DA:299,0
DA:301,40
DA:303,40
DA:304,10
DA:305,10
DA:308,40
DA:309,40
DA:310,40
DA:311,10
DA:312,10
DA:314,40
DA:315,0
DA:317,40
DA:318,0
DA:319,0
DA:320,0
DA:321,0
DA:324,40
DA:325,0
DA:326,0
DA:327,0
DA:329,40
DA:330,0
DA:331,0
DA:332,0
DA:333,0
DA:336,40
DA:337,0
DA:339,40
LF:198
LH:99
BRDA:2,0,0,2
BRDA:2,0,1,2
BRDA:2,0,2,2
BRDA:3,1,0,2
BRDA:3,1,1,0
BRDA:3,2,0,0
BRDA:3,2,1,0
BRDA:4,3,0,2
BRDA:4,3,1,0
BRDA:4,4,0,2
BRDA:4,4,1,2
BRDA:5,5,0,0
BRDA:5,5,1,0
BRDA:5,6,0,0
BRDA:5,6,1,0
BRDA:5,7,0,0
BRDA:5,7,1,0
BRDA:5,8,0,0
BRDA:5,8,1,0
BRDA:6,9,0,2
BRDA:6,9,1,0
BRDA:6,9,2,0
BRDA:8,10,0,2
BRDA:8,10,1,2
BRDA:8,10,2,2
BRDA:9,11,0,2
BRDA:9,11,1,0
BRDA:9,12,0,2
BRDA:9,12,1,2
BRDA:11,13,0,2
BRDA:11,13,1,2
BRDA:11,13,2,2
BRDA:14,14,0,2
BRDA:14,14,1,2
BRDA:14,14,2,2
BRDA:15,15,0,0
BRDA:15,15,1,2
BRDA:15,16,0,2
BRDA:15,16,1,2
BRDA:62,17,0,0
BRDA:62,17,1,0
BRDA:63,18,0,0
BRDA:77,19,0,0
BRDA:77,19,1,0
BRDA:81,20,0,0
BRDA:81,20,1,0
BRDA:89,21,0,0
BRDA:89,21,1,0
BRDA:94,22,0,0
BRDA:94,22,1,0
BRDA:96,23,0,0
BRDA:96,23,1,0
BRDA:128,24,0,1
BRDA:128,24,1,3
BRDA:132,25,0,0
BRDA:132,25,1,3
BRDA:135,26,0,3
BRDA:135,26,1,0
BRDA:138,27,0,3
BRDA:138,27,1,0
BRDA:166,28,0,1
BRDA:166,28,1,3
BRDA:168,29,0,0
BRDA:168,29,1,3
BRDA:172,30,0,0
BRDA:172,30,1,3
BRDA:183,31,0,1
BRDA:183,31,1,3
BRDA:185,32,0,0
BRDA:185,32,1,3
BRDA:187,33,0,0
BRDA:187,33,1,3
BRDA:191,34,0,3
BRDA:191,34,1,0
BRDA:203,35,0,0
BRDA:203,35,1,0
BRDA:224,36,0,0
BRDA:224,36,1,0
BRDA:230,37,0,0
BRDA:230,37,1,0
BRDA:254,38,0,0
BRDA:254,38,1,0
BRDA:281,39,0,0
BRDA:281,39,1,0
BRDA:281,40,0,0
BRDA:281,40,1,0
BRDA:298,41,0,0
BRDA:298,41,1,40
BRDA:304,42,0,10
BRDA:304,42,1,0
BRDA:330,43,0,0
BRDA:330,43,1,0
BRF:92
BRH:39
end_of_record
TN:
SF:src/services/syrin.ts
FN:2,(anonymous_0)
FN:8,(anonymous_1)
FN:11,(anonymous_2)
FN:12,(anonymous_3)
FN:23,(anonymous_4)
FN:34,(anonymous_5)
FN:40,(anonymous_6)
FN:46,(anonymous_7)
FN:54,(anonymous_8)
FN:63,(anonymous_9)
FN:70,(anonymous_10)
FN:72,(anonymous_11)
FN:78,(anonymous_12)
FN:83,(anonymous_13)
FN:91,(anonymous_14)
FNF:15
FNH:6
FNDA:2,(anonymous_0)
FNDA:2,(anonymous_1)
FNDA:2,(anonymous_2)
FNDA:2,(anonymous_3)
FNDA:2,(anonymous_4)
FNDA:8,(anonymous_5)
FNDA:0,(anonymous_6)
FNDA:0,(anonymous_7)
FNDA:0,(anonymous_8)
FNDA:0,(anonymous_9)
FNDA:0,(anonymous_10)
FNDA:0,(anonymous_11)
FNDA:0,(anonymous_12)
FNDA:0,(anonymous_13)
FNDA:0,(anonymous_14)
DA:2,2
DA:3,2
DA:4,2
DA:5,0
DA:6,2
DA:8,2
DA:9,2
DA:11,2
DA:12,2
DA:14,2
DA:15,2
DA:16,2
DA:17,2
DA:18,2
DA:19,2
DA:20,2
DA:21,2
DA:23,2
DA:24,2
DA:25,2
DA:26,2
DA:27,2
DA:29,2
DA:35,8
DA:36,8
DA:37,8
DA:38,8
DA:41,0
DA:47,0
DA:48,0
DA:49,0
DA:51,0
DA:52,0
DA:55,0
DA:56,0
DA:57,0
DA:58,0
DA:60,0
DA:61,0
DA:64,0
DA:65,0
DA:66,0
DA:67,0
DA:69,0
DA:70,0
DA:73,0
DA:74,0
DA:75,0
DA:77,0
DA:78,0
DA:79,0
DA:80,0
DA:84,0
DA:85,0
DA:86,0
DA:87,0
DA:89,0
DA:92,0
DA:93,0
DA:94,0
DA:95,0
DA:97,0
DA:100,2
DA:107,2
LF:64
LH:28
BRDA:2,0,0,2
BRDA:2,0,1,2
BRDA:2,0,2,2
BRDA:3,1,0,2
BRDA:3,1,1,0
BRDA:3,2,0,0
BRDA:3,2,1,0
BRDA:4,3,0,2
BRDA:4,3,1,0
BRDA:4,4,0,2
BRDA:4,4,1,2
BRDA:5,5,0,0
BRDA:5,5,1,0
BRDA:5,6,0,0
BRDA:5,6,1,0
BRDA:5,7,0,0
BRDA:5,7,1,0
BRDA:5,8,0,0
BRDA:5,8,1,0
BRDA:6,9,0,2
BRDA:6,9,1,0
BRDA:6,9,2,0
BRDA:8,10,0,2
BRDA:8,10,1,2
BRDA:8,10,2,2
BRDA:9,11,0,2
BRDA:9,11,1,0
BRDA:9,12,0,2
BRDA:9,12,1,2
BRDA:11,13,0,2
BRDA:11,13,1,2
BRDA:11,13,2,2
BRDA:28,14,0,2
BRDA:28,14,1,2
BRDA:47,15,0,0
BRDA:47,15,1,0
BRDA:55,16,0,0
BRDA:55,16,1,0
BRDA:64,17,0,0
BRDA:64,17,1,0
BRDA:73,18,0,0
BRDA:73,18,1,0
BRDA:84,19,0,0
BRDA:84,19,1,0
BRDA:92,20,0,0
BRDA:92,20,1,0
BRF:46
BRH:19
end_of_record
