TN:
SF:src/global.d.ts
FNF:0
FNH:0
LF:0
LH:0
BRF:0
BRH:0
end_of_record
TN:
SF:src/index.js
FNF:0
FNH:0
DA:2,0
DA:4,0
LF:2
LH:0
BRF:0
BRH:0
end_of_record
TN:
SF:src/main.ts
FN:20,(anonymous_0)
FN:37,(anonymous_1)
FN:52,(anonymous_2)
FN:55,(anonymous_3)
FN:59,(anonymous_4)
FN:65,(anonymous_5)
FN:75,(anonymous_6)
FN:82,(anonymous_7)
FN:85,(anonymous_8)
FN:88,(anonymous_9)
FN:91,(anonymous_10)
FN:94,(anonymous_11)
FN:100,(anonymous_12)
FN:106,onDropData
FN:128,(anonymous_14)
FNF:15
FNH:0
FNDA:0,(anonymous_0)
FNDA:0,(anonymous_1)
FNDA:0,(anonymous_2)
FNDA:0,(anonymous_3)
FNDA:0,(anonymous_4)
FNDA:0,(anonymous_5)
FNDA:0,(anonymous_6)
FNDA:0,(anonymous_7)
FNDA:0,(anonymous_8)
FNDA:0,(anonymous_9)
FNDA:0,(anonymous_10)
FNDA:0,(anonymous_11)
FNDA:0,(anonymous_12)
FNDA:0,onDropData
FNDA:0,(anonymous_14)
DA:2,0
DA:3,0
DA:4,0
DA:5,0
DA:6,0
DA:7,0
DA:8,0
DA:9,0
DA:10,0
DA:11,0
DA:12,0
DA:13,0
DA:14,0
DA:15,0
DA:16,0
DA:17,0
DA:18,0
DA:19,0
DA:20,0
DA:21,0
DA:22,0
DA:25,0
DA:28,0
DA:29,0
DA:30,0
DA:31,0
DA:32,0
DA:33,0
DA:35,0
DA:36,0
DA:37,0
DA:38,0
DA:39,0
DA:52,0
DA:53,0
DA:55,0
DA:56,0
DA:57,0
DA:59,0
DA:60,0
DA:66,0
DA:75,0
DA:76,0
DA:77,0
DA:79,0
DA:80,0
DA:82,0
DA:83,0
DA:85,0
DA:86,0
DA:88,0
DA:89,0
DA:91,0
DA:92,0
DA:94,0
DA:95,0
DA:96,0
DA:98,0
DA:100,0
DA:101,0
DA:102,0
DA:103,0
DA:107,0
DA:108,0
DA:109,0
DA:111,0
DA:112,0
DA:113,0
DA:114,0
DA:122,0
DA:127,0
DA:128,0
DA:129,0
DA:130,0
DA:131,0
DA:134,0
DA:137,0
DA:138,0
DA:139,0
DA:140,0
DA:142,0
DA:143,0
DA:144,0
DA:146,0
LF:84
LH:0
BRDA:35,0,0,0
BRDA:35,0,1,0
BRDA:38,1,0,0
BRDA:38,1,1,0
BRDA:56,2,0,0
BRDA:56,2,1,0
BRDA:76,3,0,0
BRDA:76,3,1,0
BRDA:95,4,0,0
BRDA:95,4,1,0
BRDA:108,5,0,0
BRDA:108,5,1,0
BRDA:112,6,0,0
BRDA:112,6,1,0
BRDA:130,7,0,0
BRDA:130,7,1,0
BRDA:138,8,0,0
BRDA:138,8,1,0
BRF:18
BRH:0
end_of_record
TN:
SF:src/migrations.ts
FN:5,migrateAmbientSoundPaths
FN:27,migratePlaylistSoundPaths
FN:28,(anonymous_2)
FNF:3
FNH:0
FNDA:0,migrateAmbientSoundPaths
FNDA:0,migratePlaylistSoundPaths
FNDA:0,(anonymous_2)
DA:2,0
DA:3,0
DA:4,0
DA:6,0
DA:7,0
DA:8,0
DA:9,0
DA:10,0
DA:11,0
DA:12,0
DA:13,0
DA:14,0
DA:23,0
DA:28,0
DA:29,0
DA:30,0
DA:31,0
DA:32,0
DA:33,0
DA:36,0
DA:40,0
LF:21
LH:0
BRDA:6,0,0,0
BRDA:6,0,1,0
BRDA:9,1,0,0
BRDA:9,1,1,0
BRDA:28,2,0,0
BRDA:28,2,1,0
BRDA:31,3,0,0
BRDA:31,3,1,0
BRF:8
BRH:0
end_of_record
TN:
SF:src/mock.ts
FN:9,mockedApi
FN:14,(anonymous_1)
FN:15,(anonymous_2)
FN:16,(anonymous_3)
FN:17,(anonymous_4)
FN:29,mockedGame
FN:31,(anonymous_6)
FN:40,(anonymous_7)
FN:58,(anonymous_8)
FN:75,mocked
FNF:10
FNH:7
FNDA:8,mockedApi
FNDA:0,(anonymous_1)
FNDA:3,(anonymous_2)
FNDA:0,(anonymous_3)
FNDA:0,(anonymous_4)
FNDA:8,mockedGame
FNDA:40,(anonymous_6)
FNDA:28,(anonymous_7)
FNDA:50,(anonymous_8)
FNDA:8,mocked
DA:2,2
DA:3,2
DA:4,2
DA:5,2
DA:6,2
DA:7,2
DA:8,2
DA:10,8
DA:14,0
DA:15,3
DA:16,0
DA:17,0
DA:28,2
DA:30,8
DA:32,40
DA:33,40
DA:35,0
DA:36,0
DA:40,28
DA:58,50
DA:74,2
DA:76,8
DA:77,8
DA:78,8
DA:79,8
DA:80,8
DA:82,2
LF:27
LH:22
BRDA:32,0,0,40
BRDA:32,0,1,0
BRDA:75,1,0,4
BRDA:75,2,0,4
BRF:4
BRH:3
end_of_record
TN:
SF:src/settings.ts
FN:6,initSettings
FN:11,(anonymous_1)
FN:14,(anonymous_2)
FN:17,(anonymous_3)
FN:20,(anonymous_4)
FN:28,(anonymous_5)
FN:31,(anonymous_6)
FN:34,(anonymous_7)
FN:37,(anonymous_8)
FN:40,(anonymous_9)
FN:43,(anonymous_10)
FN:46,(anonymous_11)
FN:51,(anonymous_12)
FN:107,onCloseSettings
FNF:14
FNH:0
FNDA:0,initSettings
FNDA:0,(anonymous_1)
FNDA:0,(anonymous_2)
FNDA:0,(anonymous_3)
FNDA:0,(anonymous_4)
FNDA:0,(anonymous_5)
FNDA:0,(anonymous_6)
FNDA:0,(anonymous_7)
FNDA:0,(anonymous_8)
FNDA:0,(anonymous_9)
FNDA:0,(anonymous_10)
FNDA:0,(anonymous_11)
FNDA:0,(anonymous_12)
FNDA:0,onCloseSettings
DA:2,0
DA:3,0
DA:4,0
DA:5,0
DA:7,0
DA:8,0
DA:9,0
DA:10,0
DA:12,0
DA:15,0
DA:18,0
DA:21,0
DA:22,0
DA:23,0
DA:25,0
DA:26,0
DA:29,0
DA:32,0
DA:35,0
DA:38,0
DA:41,0
DA:44,0
DA:47,0
DA:50,0
DA:51,0
DA:55,0
DA:62,0
DA:68,0
DA:75,0
DA:80,0
DA:85,0
DA:90,0
DA:95,0
DA:100,0
DA:106,0
DA:108,0
DA:109,0
DA:110,0
DA:111,0
DA:113,0
DA:115,0
LF:41
LH:0
BRDA:21,0,0,0
BRDA:21,0,1,0
BRDA:110,1,0,0
BRDA:110,1,1,0
BRF:4
BRH:0
end_of_record
TN:
SF:src/socket.ts
FN:7,(anonymous_0)
FN:17,(anonymous_1)
FN:20,setupSocket
FN:21,(anonymous_3)
FN:22,(anonymous_4)
FN:26,(anonymous_5)
FN:29,(anonymous_6)
FN:33,(anonymous_7)
FN:37,(anonymous_8)
FN:40,(anonymous_9)
FN:43,(anonymous_10)
FN:47,(anonymous_11)
FN:53,(anonymous_12)
FN:54,(anonymous_13)
FN:55,(anonymous_14)
FN:56,(anonymous_15)
FN:57,(anonymous_16)
FN:58,(anonymous_17)
FN:59,(anonymous_18)
FNF:19
FNH:1
FNDA:3,(anonymous_0)
FNDA:0,(anonymous_1)
FNDA:0,setupSocket
FNDA:0,(anonymous_3)
FNDA:0,(anonymous_4)
FNDA:0,(anonymous_5)
FNDA:0,(anonymous_6)
FNDA:0,(anonymous_7)
FNDA:0,(anonymous_8)
FNDA:0,(anonymous_9)
FNDA:0,(anonymous_10)
FNDA:0,(anonymous_11)
FNDA:0,(anonymous_12)
FNDA:0,(anonymous_13)
FNDA:0,(anonymous_14)
FNDA:0,(anonymous_15)
FNDA:0,(anonymous_16)
FNDA:0,(anonymous_17)
FNDA:0,(anonymous_18)
DA:2,3
DA:3,3
DA:4,3
DA:5,3
DA:7,3
DA:8,3
DA:9,3
DA:10,3
DA:11,3
DA:12,3
DA:13,3
DA:14,3
DA:16,3
DA:17,3
DA:18,0
DA:21,0
DA:22,0
DA:23,0
DA:24,0
DA:25,0
DA:26,0
DA:27,0
DA:29,0
DA:30,0
DA:31,0
DA:33,0
DA:34,0
DA:35,0
DA:37,0
DA:38,0
DA:40,0
DA:41,0
DA:43,0
DA:44,0
DA:45,0
DA:47,0
DA:48,0
DA:50,0
DA:53,0
DA:54,0
DA:55,0
DA:56,0
DA:57,0
DA:58,0
DA:59,0
DA:60,0
DA:62,0
DA:63,0
DA:68,3
LF:49
LH:15
BRDA:15,0,0,3
BRDA:15,0,1,3
BRDA:24,1,0,0
BRDA:24,1,1,0
BRDA:25,2,0,0
BRDA:25,2,1,0
BRF:6
BRH:2
end_of_record
TN:
SF:src/sounds.ts
FN:9,(anonymous_0)
FN:19,(anonymous_1)
FN:22,(anonymous_2)
FN:63,(anonymous_3)
FN:70,(anonymous_4)
FN:84,(anonymous_5)
FN:102,(anonymous_6)
FN:105,(anonymous_7)
FN:114,(anonymous_8)
FN:118,(anonymous_9)
FN:128,(anonymous_10)
FN:131,(anonymous_11)
FN:136,(anonymous_12)
FN:142,handler
FN:144,(anonymous_14)
FN:158,createProxies
FNF:16
FNH:0
FNDA:0,(anonymous_0)
FNDA:0,(anonymous_1)
FNDA:0,(anonymous_2)
FNDA:0,(anonymous_3)
FNDA:0,(anonymous_4)
FNDA:0,(anonymous_5)
FNDA:0,(anonymous_6)
FNDA:0,(anonymous_7)
FNDA:0,(anonymous_8)
FNDA:0,(anonymous_9)
FNDA:0,(anonymous_10)
FNDA:0,(anonymous_11)
FNDA:0,(anonymous_12)
FNDA:0,handler
FNDA:0,(anonymous_14)
FNDA:0,createProxies
DA:2,0
DA:3,0
DA:4,0
DA:5,0
DA:10,0
DA:11,0
DA:12,0
DA:13,0
DA:15,0
DA:16,0
DA:17,0
DA:20,0
DA:23,0
DA:24,0
DA:26,0
DA:27,0
DA:28,0
DA:29,0
DA:31,0
DA:32,0
DA:38,0
DA:41,0
DA:42,0
DA:48,0
DA:54,0
DA:64,0
DA:65,0
DA:66,0
DA:67,0
DA:69,0
DA:70,0
DA:71,0
DA:72,0
DA:73,0
DA:74,0
DA:75,0
DA:76,0
DA:85,0
DA:86,0
DA:88,0
DA:89,0
DA:91,0
DA:92,0
DA:95,0
DA:97,0
DA:103,0
DA:106,0
DA:107,0
DA:115,0
DA:116,0
DA:117,0
DA:118,0
DA:119,0
DA:120,0
DA:121,0
DA:122,0
DA:123,0
DA:129,0
DA:133,0
DA:134,0
DA:137,0
DA:138,0
DA:139,0
DA:143,0
DA:145,0
DA:146,0
DA:147,0
DA:148,0
DA:150,0
DA:151,0
DA:153,0
DA:154,0
DA:159,0
DA:160,0
DA:161,0
DA:162,0
DA:168,0
LF:77
LH:0
BRDA:11,0,0,0
BRDA:11,0,1,0
BRDA:11,1,0,0
BRDA:11,1,1,0
BRDA:23,2,0,0
BRDA:23,2,1,0
BRDA:27,3,0,0
BRDA:27,3,1,0
BRDA:28,4,0,0
BRDA:28,4,1,0
BRDA:29,5,0,0
BRDA:29,5,1,0
BRDA:69,6,0,0
BRDA:69,6,1,0
BRDA:69,7,0,0
BRDA:69,7,1,0
BRDA:72,8,0,0
BRDA:72,8,1,0
BRDA:73,9,0,0
BRDA:73,9,1,0
BRDA:85,10,0,0
BRDA:85,10,1,0
BRDA:85,11,0,0
BRDA:85,11,1,0
BRDA:88,12,0,0
BRDA:88,12,1,0
BRDA:89,13,0,0
BRDA:91,14,0,0
BRDA:91,14,1,0
BRDA:120,15,0,0
BRDA:120,15,1,0
BRDA:122,16,0,0
BRDA:122,16,1,0
BRDA:147,17,0,0
BRDA:147,17,1,0
BRDA:150,18,0,0
BRDA:150,18,1,0
BRF:37
BRH:0
end_of_record
TN:
SF:src/components/Debug.svelte
FN:8,create_fragment
FN:54,create
FN:119,claim
FN:122,mount
FN:161,update
FN:171,destroy
FN:187,instance
FN:199,(anonymous_7)
FN:202,(anonymous_8)
FN:205,(anonymous_9)
FN:208,(anonymous_10)
FN:211,(anonymous_11)
FN:214,(anonymous_12)
FN:218,(anonymous_13)
FN:249,(anonymous_14)
FNF:15
FNH:0
FNDA:0,create_fragment
FNDA:0,create
FNDA:0,claim
FNDA:0,mount
FNDA:0,update
FNDA:0,destroy
FNDA:0,instance
FNDA:0,(anonymous_7)
FNDA:0,(anonymous_8)
FNDA:0,(anonymous_9)
FNDA:0,(anonymous_10)
FNDA:0,(anonymous_11)
FNDA:0,(anonymous_12)
FNDA:0,(anonymous_13)
FNDA:0,(anonymous_14)
DA:4,1
DA:5,1
DA:6,1
DA:19,0
DA:26,0
DA:33,0
DA:40,0
DA:47,0
DA:50,0
DA:53,0
DA:55,0
DA:56,0
DA:57,0
DA:58,0
DA:59,0
DA:60,0
DA:61,0
DA:62,0
DA:63,0
DA:64,0
DA:65,0
DA:66,0
DA:67,0
DA:68,0
DA:69,0
DA:70,0
DA:71,0
DA:72,0
DA:73,0
DA:74,0
DA:75,0
DA:76,0
DA:77,0
DA:78,0
DA:79,0
DA:80,0
DA:81,0
DA:82,0
DA:83,0
DA:84,0
DA:85,0
DA:86,0
DA:87,0
DA:88,0
DA:89,0
DA:90,0
DA:91,0
DA:92,0
DA:93,0
DA:94,0
DA:95,0
DA:96,0
DA:97,0
DA:98,0
DA:99,0
DA:100,0
DA:101,0
DA:102,0
DA:103,0
DA:104,0
DA:105,0
DA:106,0
DA:107,0
DA:108,0
DA:109,0
DA:110,0
DA:111,0
DA:112,0
DA:113,0
DA:114,0
DA:115,0
DA:116,0
DA:117,0
DA:120,0
DA:123,0
DA:124,0
DA:125,0
DA:126,0
DA:127,0
DA:128,0
DA:129,0
DA:130,0
DA:131,0
DA:132,0
DA:133,0
DA:134,0
DA:135,0
DA:136,0
DA:137,0
DA:138,0
DA:139,0
DA:140,0
DA:141,0
DA:142,0
DA:143,0
DA:144,0
DA:145,0
DA:146,0
DA:147,0
DA:148,0
DA:149,0
DA:150,0
DA:151,0
DA:152,0
DA:153,0
DA:154,0
DA:155,0
DA:156,0
DA:157,0
DA:158,0
DA:159,0
DA:162,0
DA:163,0
DA:164,0
DA:165,0
DA:166,0
DA:167,0
DA:172,0
DA:176,0
DA:184,0
DA:193,0
DA:194,0
DA:195,0
DA:196,0
DA:197,0
DA:198,0
DA:199,0
DA:200,0
DA:201,0
DA:202,0
DA:203,0
DA:204,0
DA:205,0
DA:206,0
DA:207,0
DA:208,0
DA:209,0
DA:210,0
DA:211,0
DA:212,0
DA:214,0
DA:215,0
DA:218,0
DA:234,0
DA:250,0
DA:251,0
DA:253,0
DA:262,1
LF:148
LH:4
BRDA:162,0,0,0
BRDA:162,0,1,0
BRDA:162,1,0,0
BRDA:162,1,1,0
BRDA:163,2,0,0
BRDA:163,2,1,0
BRDA:163,3,0,0
BRDA:163,3,1,0
BRDA:164,4,0,0
BRDA:164,4,1,0
BRDA:164,5,0,0
BRDA:164,5,1,0
BRDA:165,6,0,0
BRDA:165,6,1,0
BRDA:165,7,0,0
BRDA:165,7,1,0
BRDA:166,8,0,0
BRDA:166,8,1,0
BRDA:166,9,0,0
BRDA:166,9,1,0
BRDA:167,10,0,0
BRDA:167,10,1,0
BRDA:167,11,0,0
BRDA:167,11,1,0
BRDA:172,12,0,0
BRDA:172,12,1,0
BRDA:193,13,0,0
BRDA:215,14,0,0
BRDA:215,14,1,0
BRDA:215,15,0,0
BRDA:215,15,1,0
BRDA:215,15,2,0
BRF:32
BRH:0
end_of_record
TN:
SF:src/components/Elements.svelte
FN:10,add_css
FN:14,get_each_context
FN:21,get_each_context_1
FN:29,create_if_block
FN:36,create
FN:45,mount
FN:58,update
FN:61,destroy
FN:80,create_each_block_1
FN:91,click_handler
FN:95,keypress_handler
FN:102,create
FN:117,mount
FN:134,update
FN:159,destroy
FN:179,create_each_block
FN:192,create
FN:195,mount
FN:199,update
FN:205,intro
FN:210,outro
FN:214,destroy
FN:230,create_fragment
FN:251,(anonymous_23)
FN:251,(anonymous_24)
FN:256,create
FN:275,claim
FN:278,mount
FN:294,update
FN:347,intro
FN:356,outro
FN:365,destroy
FN:383,instance
FN:390,(anonymous_33)
FN:395,(anonymous_34)
FN:399,(anonymous_35)
FN:400,(anonymous_36)
FN:407,remove
FN:408,(anonymous_38)
FN:409,(anonymous_39)
FN:418,(anonymous_40)
FN:422,(anonymous_41)
FN:426,(anonymous_42)
FN:430,(anonymous_43)
FN:444,(anonymous_44)
FN:453,(anonymous_45)
FN:475,(anonymous_46)
FNF:47
FNH:0
FNDA:0,add_css
FNDA:0,get_each_context
FNDA:0,get_each_context_1
FNDA:0,create_if_block
FNDA:0,create
FNDA:0,mount
FNDA:0,update
FNDA:0,destroy
FNDA:0,create_each_block_1
FNDA:0,click_handler
FNDA:0,keypress_handler
FNDA:0,create
FNDA:0,mount
FNDA:0,update
FNDA:0,destroy
FNDA:0,create_each_block
FNDA:0,create
FNDA:0,mount
FNDA:0,update
FNDA:0,intro
FNDA:0,outro
FNDA:0,destroy
FNDA:0,create_fragment
FNDA:0,(anonymous_23)
FNDA:0,(anonymous_24)
FNDA:0,create
FNDA:0,claim
FNDA:0,mount
FNDA:0,update
FNDA:0,intro
FNDA:0,outro
FNDA:0,destroy
FNDA:0,instance
FNDA:0,(anonymous_33)
FNDA:0,(anonymous_34)
FNDA:0,(anonymous_35)
FNDA:0,(anonymous_36)
FNDA:0,remove
FNDA:0,(anonymous_38)
FNDA:0,(anonymous_39)
FNDA:0,(anonymous_40)
FNDA:0,(anonymous_41)
FNDA:0,(anonymous_42)
FNDA:0,(anonymous_43)
FNDA:0,(anonymous_44)
FNDA:0,(anonymous_45)
FNDA:0,(anonymous_46)
DA:4,1
DA:5,1
DA:6,1
DA:7,1
DA:8,1
DA:11,0
DA:15,0
DA:16,0
DA:17,0
DA:18,0
DA:22,0
DA:23,0
DA:24,0
DA:25,0
DA:35,0
DA:37,0
DA:38,0
DA:39,0
DA:40,0
DA:41,0
DA:42,0
DA:43,0
DA:46,0
DA:47,0
DA:49,0
DA:50,0
DA:55,0
DA:59,0
DA:62,0
DA:63,0
DA:64,0
DA:68,0
DA:76,0
DA:83,0
DA:92,0
DA:96,0
DA:99,0
DA:101,0
DA:103,0
DA:104,0
DA:105,0
DA:106,0
DA:107,0
DA:108,0
DA:109,0
DA:110,0
DA:111,0
DA:112,0
DA:113,0
DA:114,0
DA:115,0
DA:118,0
DA:119,0
DA:120,0
DA:121,0
DA:122,0
DA:123,0
DA:125,0
DA:126,0
DA:131,0
DA:135,0
DA:136,0
DA:138,0
DA:139,0
DA:142,0
DA:143,0
DA:146,0
DA:147,0
DA:148,0
DA:150,0
DA:151,0
DA:152,0
DA:154,0
DA:155,0
DA:156,0
DA:160,0
DA:161,0
DA:162,0
DA:163,0
DA:167,0
DA:175,0
DA:183,0
DA:191,0
DA:193,0
DA:196,0
DA:197,0
DA:200,0
DA:201,0
DA:202,0
DA:203,0
DA:206,0
DA:207,0
DA:208,0
DA:211,0
DA:212,0
DA:215,0
DA:219,0
DA:227,0
DA:235,0
DA:236,0
DA:237,0
DA:239,0
DA:240,0
DA:243,0
DA:244,0
DA:245,0
DA:247,0
DA:248,0
DA:251,0
DA:252,0
DA:255,0
DA:257,0
DA:258,0
DA:260,0
DA:261,0
DA:264,0
DA:266,0
DA:267,0
DA:270,0
DA:271,0
DA:272,0
DA:273,0
DA:276,0
DA:279,0
DA:280,0
DA:282,0
DA:283,0
DA:286,0
DA:288,0
DA:289,0
DA:292,0
DA:295,0
DA:296,0
DA:297,0
DA:300,0
DA:301,0
DA:303,0
DA:304,0
DA:306,0
DA:307,0
DA:308,0
DA:312,0
DA:313,0
DA:316,0
DA:319,0
DA:320,0
DA:321,0
DA:324,0
DA:325,0
DA:327,0
DA:328,0
DA:329,0
DA:331,0
DA:332,0
DA:333,0
DA:334,0
DA:338,0
DA:340,0
DA:341,0
DA:344,0
DA:348,0
DA:350,0
DA:351,0
DA:354,0
DA:357,0
DA:359,0
DA:360,0
DA:363,0
DA:366,0
DA:367,0
DA:368,0
DA:372,0
DA:380,0
DA:385,0
DA:386,0
DA:387,0
DA:388,0
DA:389,0
DA:390,0
DA:391,0
DA:392,0
DA:395,0
DA:396,0
DA:399,0
DA:400,0
DA:408,0
DA:409,0
DA:410,0
DA:411,0
DA:416,0
DA:418,0
DA:419,0
DA:422,0
DA:423,0
DA:426,0
DA:427,0
DA:430,0
DA:444,0
DA:445,0
DA:446,0
DA:449,0
DA:450,0
DA:453,0
DA:454,0
DA:455,0
DA:458,0
DA:459,0
DA:463,0
DA:476,0
DA:477,0
DA:479,0
DA:488,1
LF:212
LH:6
BRDA:49,0,0,0
BRDA:49,0,1,0
BRDA:62,1,0,0
BRDA:62,1,1,0
BRDA:99,2,0,0
BRDA:99,2,1,0
BRDA:107,3,0,0
BRDA:107,3,1,0
BRDA:122,4,0,0
BRDA:122,4,1,0
BRDA:125,5,0,0
BRDA:125,5,1,0
BRDA:136,6,0,0
BRDA:136,6,1,0
BRDA:136,7,0,0
BRDA:136,7,1,0
BRDA:138,8,0,0
BRDA:138,8,1,0
BRDA:138,9,0,0
BRDA:138,9,1,0
BRDA:142,10,0,0
BRDA:142,10,1,0
BRDA:146,11,0,0
BRDA:146,11,1,0
BRDA:147,12,0,0
BRDA:147,12,1,0
BRDA:154,13,0,0
BRDA:154,13,1,0
BRDA:160,14,0,0
BRDA:160,14,1,0
BRDA:161,15,0,0
BRDA:161,15,1,0
BRDA:201,16,0,0
BRDA:201,16,1,0
BRDA:202,17,0,0
BRDA:202,17,1,0
BRDA:206,18,0,0
BRDA:206,18,1,0
BRDA:295,19,0,0
BRDA:295,19,1,0
BRDA:303,20,0,0
BRDA:303,20,1,0
BRDA:319,21,0,0
BRDA:319,21,1,0
BRDA:327,22,0,0
BRDA:327,22,1,0
BRDA:348,23,0,0
BRDA:348,23,1,0
BRDA:366,24,0,0
BRDA:366,24,1,0
BRDA:385,25,0,0
BRDA:401,26,0,0
BRDA:401,26,1,0
BRDA:419,27,0,0
BRDA:419,27,1,0
BRDA:419,28,0,0
BRDA:419,28,1,0
BRDA:419,28,2,0
BRDA:445,29,0,0
BRDA:445,29,1,0
BRDA:446,30,0,0
BRDA:446,30,1,0
BRDA:449,31,0,0
BRDA:449,31,1,0
BRDA:449,32,0,0
BRDA:449,32,1,0
BRDA:454,33,0,0
BRDA:454,33,1,0
BRDA:458,34,0,0
BRDA:458,34,1,0
BRF:70
BRH:0
end_of_record
TN:
SF:src/components/ElementsTab.svelte
FN:9,add_css
FN:13,get_each_context
FN:20,create_if_block
FN:40,create
FN:44,mount
FN:47,(anonymous_5)
FN:51,update
FN:61,intro
FN:66,outro
FN:74,destroy
FN:94,create_catch_block
FN:116,create_then_block
FN:129,(anonymous_12)
FN:129,(anonymous_13)
FN:134,create
FN:146,mount
FN:157,update
FN:199,intro
FN:208,outro
FN:217,destroy
FN:237,create_if_block_1
FN:242,create
FN:245,mount
FN:249,destroy
FN:266,create_each_block
FN:276,create
FN:279,mount
FN:283,update
FN:288,intro
FN:293,outro
FN:297,destroy
FN:314,create_pending_block
FN:319,create
FN:322,mount
FN:328,destroy
FN:344,create_fragment
FN:350,create
FN:354,claim
FN:357,mount
FN:362,update
FN:379,(anonymous_40)
FN:386,intro
FN:391,outro
FN:395,destroy
FN:412,instance
FN:419,(anonymous_45)
FN:428,reactiveSoundset
FN:440,reactivePromise
FN:441,(anonymous_48)
FN:446,reactiveElementsPromise
FN:453,(anonymous_50)
FN:453,(anonymous_51)
FN:456,(anonymous_52)
FN:464,(anonymous_53)
FN:468,(anonymous_54)
FN:473,(anonymous_55)
FN:490,(anonymous_56)
FN:502,(anonymous_57)
FN:529,(anonymous_58)
FN:541,(anonymous_59)
FN:545,(anonymous_60)
FN:550,(anonymous_61)
FN:554,(anonymous_62)
FNF:63
FNH:0
FNDA:0,add_css
FNDA:0,get_each_context
FNDA:0,create_if_block
FNDA:0,create
FNDA:0,mount
FNDA:0,(anonymous_5)
FNDA:0,update
FNDA:0,intro
FNDA:0,outro
FNDA:0,destroy
FNDA:0,create_catch_block
FNDA:0,create_then_block
FNDA:0,(anonymous_12)
FNDA:0,(anonymous_13)
FNDA:0,create
FNDA:0,mount
FNDA:0,update
FNDA:0,intro
FNDA:0,outro
FNDA:0,destroy
FNDA:0,create_if_block_1
FNDA:0,create
FNDA:0,mount
FNDA:0,destroy
FNDA:0,create_each_block
FNDA:0,create
FNDA:0,mount
FNDA:0,update
FNDA:0,intro
FNDA:0,outro
FNDA:0,destroy
FNDA:0,create_pending_block
FNDA:0,create
FNDA:0,mount
FNDA:0,destroy
FNDA:0,create_fragment
FNDA:0,create
FNDA:0,claim
FNDA:0,mount
FNDA:0,update
FNDA:0,(anonymous_40)
FNDA:0,intro
FNDA:0,outro
FNDA:0,destroy
FNDA:0,instance
FNDA:0,(anonymous_45)
FNDA:0,reactiveSoundset
FNDA:0,reactivePromise
FNDA:0,(anonymous_48)
FNDA:0,reactiveElementsPromise
FNDA:0,(anonymous_50)
FNDA:0,(anonymous_51)
FNDA:0,(anonymous_52)
FNDA:0,(anonymous_53)
FNDA:0,(anonymous_54)
FNDA:0,(anonymous_55)
FNDA:0,(anonymous_56)
FNDA:0,(anonymous_57)
FNDA:0,(anonymous_58)
FNDA:0,(anonymous_59)
FNDA:0,(anonymous_60)
FNDA:0,(anonymous_61)
FNDA:0,(anonymous_62)
DA:4,1
DA:5,1
DA:6,1
DA:7,1
DA:10,0
DA:14,0
DA:15,0
DA:16,0
DA:25,0
DA:37,0
DA:39,0
DA:41,0
DA:42,0
DA:45,0
DA:46,0
DA:47,0
DA:48,0
DA:49,0
DA:52,0
DA:53,0
DA:55,0
DA:58,0
DA:62,0
DA:63,0
DA:64,0
DA:67,0
DA:68,0
DA:69,0
DA:72,0
DA:75,0
DA:76,0
DA:77,0
DA:78,0
DA:82,0
DA:90,0
DA:95,0
DA:104,0
DA:112,0
DA:120,0
DA:121,0
DA:122,0
DA:123,0
DA:125,0
DA:126,0
DA:129,0
DA:130,0
DA:133,0
DA:135,0
DA:136,0
DA:137,0
DA:139,0
DA:140,0
DA:143,0
DA:144,0
DA:147,0
DA:148,0
DA:149,0
DA:151,0
DA:152,0
DA:155,0
DA:158,0
DA:159,0
DA:160,0
DA:162,0
DA:163,0
DA:164,0
DA:166,0
DA:167,0
DA:168,0
DA:171,0
DA:172,0
DA:173,0
DA:176,0
DA:177,0
DA:179,0
DA:180,0
DA:181,0
DA:183,0
DA:184,0
DA:185,0
DA:186,0
DA:190,0
DA:192,0
DA:193,0
DA:196,0
DA:200,0
DA:202,0
DA:203,0
DA:206,0
DA:209,0
DA:211,0
DA:212,0
DA:215,0
DA:218,0
DA:219,0
DA:220,0
DA:221,0
DA:225,0
DA:233,0
DA:238,0
DA:241,0
DA:243,0
DA:246,0
DA:250,0
DA:254,0
DA:262,0
DA:270,0
DA:275,0
DA:277,0
DA:280,0
DA:281,0
DA:284,0
DA:285,0
DA:286,0
DA:289,0
DA:290,0
DA:291,0
DA:294,0
DA:295,0
DA:298,0
DA:302,0
DA:310,0
DA:315,0
DA:318,0
DA:320,0
DA:323,0
DA:329,0
DA:333,0
DA:341,0
DA:347,0
DA:349,0
DA:351,0
DA:352,0
DA:355,0
DA:358,0
DA:359,0
DA:360,0
DA:363,0
DA:364,0
DA:365,0
DA:367,0
DA:368,0
DA:371,0
DA:372,0
DA:373,0
DA:374,0
DA:376,0
DA:377,0
DA:379,0
DA:380,0
DA:383,0
DA:387,0
DA:388,0
DA:389,0
DA:392,0
DA:393,0
DA:396,0
DA:397,0
DA:401,0
DA:409,0
DA:414,0
DA:415,0
DA:416,0
DA:417,0
DA:418,0
DA:419,0
DA:420,0
DA:421,0
DA:422,0
DA:429,0
DA:431,0
DA:432,0
DA:434,0
DA:437,0
DA:441,0
DA:442,0
DA:447,0
DA:449,0
DA:453,0
DA:456,0
DA:457,0
DA:458,0
DA:462,0
DA:464,0
DA:465,0
DA:468,0
DA:469,0
DA:470,0
DA:473,0
DA:490,0
DA:491,0
DA:492,0
DA:493,0
DA:494,0
DA:495,0
DA:498,0
DA:499,0
DA:502,0
DA:503,0
DA:504,0
DA:507,0
DA:508,0
DA:511,0
DA:512,0
DA:516,0
DA:530,0
DA:531,0
DA:533,0
DA:542,0
DA:546,0
DA:547,0
DA:551,0
DA:555,0
DA:556,0
DA:560,1
LF:215
LH:5
BRDA:55,0,0,0
BRDA:55,0,1,0
BRDA:55,1,0,0
BRDA:55,1,1,0
BRDA:55,1,2,0
BRDA:62,2,0,0
BRDA:62,2,1,0
BRDA:75,3,0,0
BRDA:75,3,1,0
BRDA:120,4,0,0
BRDA:120,4,1,0
BRDA:135,5,0,0
BRDA:135,5,1,0
BRDA:147,6,0,0
BRDA:147,6,1,0
BRDA:158,7,0,0
BRDA:158,7,1,0
BRDA:159,8,0,0
BRDA:159,8,1,0
BRDA:166,9,0,0
BRDA:166,9,1,0
BRDA:171,10,0,0
BRDA:171,10,1,0
BRDA:179,11,0,0
BRDA:179,11,1,0
BRDA:200,12,0,0
BRDA:200,12,1,0
BRDA:218,13,0,0
BRDA:218,13,1,0
BRDA:219,14,0,0
BRDA:219,14,1,0
BRDA:220,15,0,0
BRDA:220,15,1,0
BRDA:250,16,0,0
BRDA:250,16,1,0
BRDA:285,17,0,0
BRDA:285,17,1,0
BRDA:289,18,0,0
BRDA:289,18,1,0
BRDA:329,19,0,0
BRDA:329,19,1,0
BRDA:347,20,0,0
BRDA:347,20,1,0
BRDA:351,21,0,0
BRDA:351,21,1,0
BRDA:358,22,0,0
BRDA:358,22,1,0
BRDA:363,23,0,0
BRDA:363,23,1,0
BRDA:364,24,0,0
BRDA:364,24,1,0
BRDA:367,25,0,0
BRDA:367,25,1,0
BRDA:376,26,0,0
BRDA:376,26,1,0
BRDA:387,27,0,0
BRDA:387,27,1,0
BRDA:396,28,0,0
BRDA:396,28,1,0
BRDA:397,29,0,0
BRDA:397,29,1,0
BRDA:414,30,0,0
BRDA:421,31,0,0
BRDA:431,32,0,0
BRDA:431,32,1,0
BRDA:449,33,0,0
BRDA:449,33,1,0
BRDA:457,34,0,0
BRDA:457,34,1,0
BRDA:457,35,0,0
BRDA:457,35,1,0
BRDA:457,36,0,0
BRDA:457,36,1,0
BRDA:465,37,0,0
BRDA:465,37,1,0
BRDA:465,38,0,0
BRDA:465,38,1,0
BRDA:465,38,2,0
BRDA:469,39,0,0
BRDA:469,39,1,0
BRDA:470,40,0,0
BRDA:470,40,1,0
BRDA:491,41,0,0
BRDA:491,41,1,0
BRDA:492,42,0,0
BRDA:492,42,1,0
BRDA:493,43,0,0
BRDA:493,43,1,0
BRDA:494,44,0,0
BRDA:494,44,1,0
BRDA:495,45,0,0
BRDA:495,45,1,0
BRDA:498,46,0,0
BRDA:498,46,1,0
BRDA:498,47,0,0
BRDA:498,47,1,0
BRDA:503,48,0,0
BRDA:503,48,1,0
BRDA:507,49,0,0
BRDA:507,49,1,0
BRDA:511,50,0,0
BRDA:511,50,1,0
BRF:102
BRH:0
end_of_record
TN:
SF:src/components/GMVolume.svelte
FN:9,create_fragment
FN:17,volumeslider0_volume_binding
FN:35,(anonymous_2)
FN:38,volumeslider1_volume_binding
FN:56,(anonymous_4)
FN:60,create
FN:65,claim
FN:68,mount
FN:74,update
FN:80,(anonymous_9)
FN:89,(anonymous_10)
FN:94,intro
FN:100,outro
FN:105,destroy
FN:123,instance
FN:134,(anonymous_15)
FN:137,(anonymous_16)
FN:140,onGlobalVolumeChange
FN:144,onOneshotsVolumeChange
FN:150,(anonymous_19)
FN:154,volumeslider0_volume_binding
FN:159,volumeslider1_volume_binding
FN:164,(anonymous_22)
FN:176,(anonymous_23)
FN:199,(anonymous_24)
FNF:25
FNH:0
FNDA:0,create_fragment
FNDA:0,volumeslider0_volume_binding
FNDA:0,(anonymous_2)
FNDA:0,volumeslider1_volume_binding
FNDA:0,(anonymous_4)
FNDA:0,create
FNDA:0,claim
FNDA:0,mount
FNDA:0,update
FNDA:0,(anonymous_9)
FNDA:0,(anonymous_10)
FNDA:0,intro
FNDA:0,outro
FNDA:0,destroy
FNDA:0,instance
FNDA:0,(anonymous_15)
FNDA:0,(anonymous_16)
FNDA:0,onGlobalVolumeChange
FNDA:0,onOneshotsVolumeChange
FNDA:0,(anonymous_19)
FNDA:0,volumeslider0_volume_binding
FNDA:0,volumeslider1_volume_binding
FNDA:0,(anonymous_22)
FNDA:0,(anonymous_23)
FNDA:0,(anonymous_24)
DA:4,1
DA:5,1
DA:6,1
DA:7,1
DA:18,0
DA:21,0
DA:26,0
DA:27,0
DA:30,0
DA:35,0
DA:36,0
DA:39,0
DA:42,0
DA:47,0
DA:48,0
DA:51,0
DA:56,0
DA:57,0
DA:59,0
DA:61,0
DA:62,0
DA:63,0
DA:66,0
DA:69,0
DA:70,0
DA:71,0
DA:72,0
DA:75,0
DA:77,0
DA:78,0
DA:79,0
DA:80,0
DA:83,0
DA:84,0
DA:86,0
DA:87,0
DA:88,0
DA:89,0
DA:92,0
DA:95,0
DA:96,0
DA:97,0
DA:98,0
DA:101,0
DA:102,0
DA:103,0
DA:106,0
DA:107,0
DA:108,0
DA:112,0
DA:120,0
DA:126,0
DA:127,0
DA:128,0
DA:131,0
DA:133,0
DA:134,0
DA:135,0
DA:136,0
DA:137,0
DA:141,0
DA:145,0
DA:148,0
DA:150,0
DA:151,0
DA:155,0
DA:156,0
DA:160,0
DA:161,0
DA:164,0
DA:176,0
DA:177,0
DA:178,0
DA:181,0
DA:182,0
DA:185,0
DA:200,0
DA:201,0
DA:203,0
DA:212,1
LF:80
LH:5
BRDA:26,0,0,0
BRDA:26,0,1,0
BRDA:47,1,0,0
BRDA:47,1,1,0
BRDA:77,2,0,0
BRDA:77,2,1,0
BRDA:77,3,0,0
BRDA:77,3,1,0
BRDA:86,4,0,0
BRDA:86,4,1,0
BRDA:86,5,0,0
BRDA:86,5,1,0
BRDA:95,6,0,0
BRDA:95,6,1,0
BRDA:107,7,0,0
BRDA:107,7,1,0
BRDA:126,8,0,0
BRDA:151,9,0,0
BRDA:151,9,1,0
BRDA:151,10,0,0
BRDA:151,10,1,0
BRDA:151,10,2,0
BRDA:177,11,0,0
BRDA:177,11,1,0
BRDA:178,12,0,0
BRDA:178,12,1,0
BRDA:181,13,0,0
BRDA:181,13,1,0
BRDA:181,14,0,0
BRDA:181,14,1,0
BRF:30
BRH:0
end_of_record
TN:
SF:src/components/Importer.svelte
FN:11,add_css
FN:15,get_each_context
FN:22,create_each_block
FN:34,(anonymous_3)
FN:39,create
FN:42,mount
FN:46,update
FN:53,intro
FN:58,outro
FN:62,destroy
FN:79,create_if_block
FN:89,create
FN:100,mount
FN:111,destroy
FN:129,create_fragment
FN:168,(anonymous_15)
FN:168,(anonymous_16)
FN:175,create
FN:250,claim
FN:253,mount
FN:300,update
FN:358,intro
FN:367,outro
FN:376,destroy
FN:396,soundsetsListSet
FN:397,(anonymous_25)
FN:398,(anonymous_26)
FN:402,instance
FN:410,(anonymous_28)
FN:413,(anonymous_29)
FN:429,(anonymous_30)
FN:433,(anonymous_31)
FN:437,(anonymous_32)
FN:438,(anonymous_33)
FN:444,(anonymous_34)
FN:446,(anonymous_35)
FN:446,(anonymous_36)
FN:451,(anonymous_37)
FN:455,(anonymous_38)
FN:456,(anonymous_39)
FN:459,(anonymous_40)
FN:464,onExpand
FN:465,(anonymous_42)
FN:482,onSelectAll
FN:484,(anonymous_44)
FN:494,onCreatePlaylist
FN:495,(anonymous_46)
FN:495,(anonymous_47)
FN:514,(anonymous_48)
FN:519,onRefresh
FN:529,(anonymous_50)
FN:533,input0_input_handler
FN:538,input1_change_handler
FN:543,(anonymous_53)
FN:572,(anonymous_54)
FN:586,(anonymous_55)
FN:635,(anonymous_56)
FNF:57
FNH:0
FNDA:0,add_css
FNDA:0,get_each_context
FNDA:0,create_each_block
FNDA:0,(anonymous_3)
FNDA:0,create
FNDA:0,mount
FNDA:0,update
FNDA:0,intro
FNDA:0,outro
FNDA:0,destroy
FNDA:0,create_if_block
FNDA:0,create
FNDA:0,mount
FNDA:0,destroy
FNDA:0,create_fragment
FNDA:0,(anonymous_15)
FNDA:0,(anonymous_16)
FNDA:0,create
FNDA:0,claim
FNDA:0,mount
FNDA:0,update
FNDA:0,intro
FNDA:0,outro
FNDA:0,destroy
FNDA:0,soundsetsListSet
FNDA:0,(anonymous_25)
FNDA:0,(anonymous_26)
FNDA:0,instance
FNDA:0,(anonymous_28)
FNDA:0,(anonymous_29)
FNDA:0,(anonymous_30)
FNDA:0,(anonymous_31)
FNDA:0,(anonymous_32)
FNDA:0,(anonymous_33)
FNDA:0,(anonymous_34)
FNDA:0,(anonymous_35)
FNDA:0,(anonymous_36)
FNDA:0,(anonymous_37)
FNDA:0,(anonymous_38)
FNDA:0,(anonymous_39)
FNDA:0,(anonymous_40)
FNDA:0,onExpand
FNDA:0,(anonymous_42)
FNDA:0,onSelectAll
FNDA:0,(anonymous_44)
FNDA:0,onCreatePlaylist
FNDA:0,(anonymous_46)
FNDA:0,(anonymous_47)
FNDA:0,(anonymous_48)
FNDA:0,onRefresh
FNDA:0,(anonymous_50)
FNDA:0,input0_input_handler
FNDA:0,input1_change_handler
FNDA:0,(anonymous_53)
FNDA:0,(anonymous_54)
FNDA:0,(anonymous_55)
FNDA:0,(anonymous_56)
DA:4,1
DA:5,1
DA:6,1
DA:7,1
DA:8,1
DA:9,1
DA:12,0
DA:16,0
DA:17,0
DA:18,0
DA:26,0
DA:34,0
DA:35,0
DA:38,0
DA:40,0
DA:43,0
DA:44,0
DA:47,0
DA:48,0
DA:49,0
DA:50,0
DA:51,0
DA:54,0
DA:55,0
DA:56,0
DA:59,0
DA:60,0
DA:63,0
DA:67,0
DA:75,0
DA:82,0
DA:88,0
DA:90,0
DA:91,0
DA:92,0
DA:93,0
DA:94,0
DA:95,0
DA:96,0
DA:97,0
DA:98,0
DA:101,0
DA:102,0
DA:103,0
DA:105,0
DA:106,0
DA:107,0
DA:112,0
DA:113,0
DA:114,0
DA:118,0
DA:126,0
DA:160,0
DA:161,0
DA:162,0
DA:164,0
DA:165,0
DA:168,0
DA:169,0
DA:172,0
DA:174,0
DA:176,0
DA:177,0
DA:178,0
DA:179,0
DA:180,0
DA:181,0
DA:182,0
DA:183,0
DA:184,0
DA:185,0
DA:186,0
DA:187,0
DA:188,0
DA:189,0
DA:190,0
DA:191,0
DA:192,0
DA:193,0
DA:194,0
DA:195,0
DA:196,0
DA:197,0
DA:198,0
DA:199,0
DA:200,0
DA:202,0
DA:203,0
DA:206,0
DA:207,0
DA:208,0
DA:209,0
DA:210,0
DA:211,0
DA:212,0
DA:213,0
DA:214,0
DA:215,0
DA:216,0
DA:217,0
DA:218,0
DA:219,0
DA:220,0
DA:221,0
DA:222,0
DA:223,0
DA:224,0
DA:225,0
DA:226,0
DA:227,0
DA:228,0
DA:229,0
DA:230,0
DA:231,0
DA:232,0
DA:233,0
DA:234,0
DA:235,0
DA:236,0
DA:237,0
DA:238,0
DA:239,0
DA:240,0
DA:241,0
DA:242,0
DA:243,0
DA:244,0
DA:245,0
DA:246,0
DA:247,0
DA:248,0
DA:251,0
DA:254,0
DA:255,0
DA:256,0
DA:257,0
DA:258,0
DA:259,0
DA:260,0
DA:261,0
DA:262,0
DA:263,0
DA:264,0
DA:265,0
DA:266,0
DA:267,0
DA:268,0
DA:269,0
DA:270,0
DA:271,0
DA:272,0
DA:273,0
DA:274,0
DA:275,0
DA:276,0
DA:277,0
DA:278,0
DA:280,0
DA:281,0
DA:284,0
DA:285,0
DA:286,0
DA:288,0
DA:289,0
DA:297,0
DA:301,0
DA:302,0
DA:305,0
DA:306,0
DA:309,0
DA:310,0
DA:313,0
DA:314,0
DA:317,0
DA:318,0
DA:319,0
DA:322,0
DA:323,0
DA:325,0
DA:326,0
DA:327,0
DA:329,0
DA:330,0
DA:331,0
DA:332,0
DA:336,0
DA:338,0
DA:339,0
DA:342,0
DA:345,0
DA:346,0
DA:347,0
DA:349,0
DA:350,0
DA:351,0
DA:353,0
DA:354,0
DA:355,0
DA:359,0
DA:361,0
DA:362,0
DA:365,0
DA:368,0
DA:370,0
DA:371,0
DA:374,0
DA:377,0
DA:378,0
DA:379,0
DA:380,0
DA:381,0
DA:385,0
DA:393,0
DA:397,0
DA:398,0
DA:405,0
DA:406,0
DA:407,0
DA:408,0
DA:409,0
DA:410,0
DA:411,0
DA:412,0
DA:413,0
DA:416,0
DA:418,0
DA:419,0
DA:420,0
DA:421,0
DA:422,0
DA:423,0
DA:425,0
DA:426,0
DA:429,0
DA:430,0
DA:433,0
DA:434,0
DA:437,0
DA:438,0
DA:439,0
DA:440,0
DA:443,0
DA:444,0
DA:446,0
DA:451,0
DA:452,0
DA:455,0
DA:456,0
DA:459,0
DA:460,0
DA:465,0
DA:466,0
DA:467,0
DA:470,0
DA:472,0
DA:473,0
DA:474,0
DA:477,0
DA:483,0
DA:484,0
DA:485,0
DA:486,0
DA:488,0
DA:491,0
DA:495,0
DA:496,0
DA:498,0
DA:499,0
DA:500,0
DA:501,0
DA:504,0
DA:505,0
DA:507,0
DA:508,0
DA:511,0
DA:514,0
DA:515,0
DA:520,0
DA:521,0
DA:522,0
DA:523,0
DA:524,0
DA:527,0
DA:529,0
DA:530,0
DA:534,0
DA:535,0
DA:539,0
DA:540,0
DA:543,0
DA:572,0
DA:573,0
DA:574,0
DA:575,0
DA:576,0
DA:577,0
DA:578,0
DA:579,0
DA:582,0
DA:583,0
DA:586,0
DA:587,0
DA:588,0
DA:591,0
DA:592,0
DA:595,0
DA:596,0
DA:599,0
DA:600,0
DA:603,0
DA:604,0
DA:607,0
DA:608,0
DA:612,0
DA:636,0
DA:637,0
DA:639,0
DA:648,1
LF:318
LH:7
BRDA:35,0,0,0
BRDA:35,0,1,0
BRDA:49,1,0,0
BRDA:49,1,1,0
BRDA:50,2,0,0
BRDA:50,2,1,0
BRDA:54,3,0,0
BRDA:54,3,1,0
BRDA:105,4,0,0
BRDA:105,4,1,0
BRDA:112,5,0,0
BRDA:112,5,1,0
BRDA:172,6,0,0
BRDA:172,6,1,0
BRDA:207,7,0,0
BRDA:207,7,1,0
BRDA:285,8,0,0
BRDA:285,8,1,0
BRDA:288,9,0,0
BRDA:288,9,1,0
BRDA:301,10,0,0
BRDA:301,10,1,0
BRDA:301,11,0,0
BRDA:301,11,1,0
BRDA:305,12,0,0
BRDA:305,12,1,0
BRDA:309,13,0,0
BRDA:309,13,1,0
BRDA:309,14,0,0
BRDA:309,14,1,0
BRDA:309,14,2,0
BRDA:313,15,0,0
BRDA:313,15,1,0
BRDA:313,16,0,0
BRDA:313,16,1,0
BRDA:317,17,0,0
BRDA:317,17,1,0
BRDA:325,18,0,0
BRDA:325,18,1,0
BRDA:345,19,0,0
BRDA:345,19,1,0
BRDA:346,20,0,0
BRDA:346,20,1,0
BRDA:353,21,0,0
BRDA:353,21,1,0
BRDA:359,22,0,0
BRDA:359,22,1,0
BRDA:377,23,0,0
BRDA:377,23,1,0
BRDA:379,24,0,0
BRDA:379,24,1,0
BRDA:405,25,0,0
BRDA:425,26,0,0
BRDA:425,26,1,0
BRDA:430,27,0,0
BRDA:430,27,1,0
BRDA:439,28,0,0
BRDA:439,28,1,0
BRDA:443,29,0,0
BRDA:443,29,1,0
BRDA:472,30,0,0
BRDA:472,30,1,0
BRDA:483,31,0,0
BRDA:483,31,1,0
BRDA:504,32,0,0
BRDA:504,32,1,0
BRDA:530,33,0,0
BRDA:530,33,1,0
BRDA:530,34,0,0
BRDA:530,34,1,0
BRDA:530,34,2,0
BRDA:573,35,0,0
BRDA:573,35,1,0
BRDA:574,36,0,0
BRDA:574,36,1,0
BRDA:575,37,0,0
BRDA:575,37,1,0
BRDA:576,38,0,0
BRDA:576,38,1,0
BRDA:577,39,0,0
BRDA:577,39,1,0
BRDA:578,40,0,0
BRDA:578,40,1,0
BRDA:579,41,0,0
BRDA:579,41,1,0
BRDA:582,42,0,0
BRDA:582,42,1,0
BRDA:582,43,0,0
BRDA:582,43,1,0
BRDA:587,44,0,0
BRDA:587,44,1,0
BRDA:591,45,0,0
BRDA:591,45,1,0
BRDA:595,46,0,0
BRDA:595,46,1,0
BRDA:599,47,0,0
BRDA:599,47,1,0
BRDA:603,48,0,0
BRDA:603,48,1,0
BRDA:607,49,0,0
BRDA:607,49,1,0
BRF:101
BRH:0
end_of_record
TN:
SF:src/components/PlayerVolume.svelte
FN:9,create_fragment
FN:14,volumeslider_volume_binding
FN:32,(anonymous_2)
FN:36,create
FN:39,claim
FN:42,mount
FN:46,update
FN:52,(anonymous_7)
FN:57,intro
FN:62,outro
FN:66,destroy
FN:82,instance
FN:92,(anonymous_12)
FN:95,onVolumeChange
FN:101,(anonymous_14)
FN:105,volumeslider_volume_binding
FN:110,(anonymous_16)
FN:119,(anonymous_17)
FN:131,(anonymous_18)
FNF:19
FNH:0
FNDA:0,create_fragment
FNDA:0,volumeslider_volume_binding
FNDA:0,(anonymous_2)
FNDA:0,create
FNDA:0,claim
FNDA:0,mount
FNDA:0,update
FNDA:0,(anonymous_7)
FNDA:0,intro
FNDA:0,outro
FNDA:0,destroy
FNDA:0,instance
FNDA:0,(anonymous_12)
FNDA:0,onVolumeChange
FNDA:0,(anonymous_14)
FNDA:0,volumeslider_volume_binding
FNDA:0,(anonymous_16)
FNDA:0,(anonymous_17)
FNDA:0,(anonymous_18)
DA:4,1
DA:5,1
DA:6,1
DA:7,1
DA:15,0
DA:18,0
DA:23,0
DA:24,0
DA:27,0
DA:32,0
DA:33,0
DA:35,0
DA:37,0
DA:40,0
DA:43,0
DA:44,0
DA:47,0
DA:49,0
DA:50,0
DA:51,0
DA:52,0
DA:55,0
DA:58,0
DA:59,0
DA:60,0
DA:63,0
DA:64,0
DA:67,0
DA:71,0
DA:79,0
DA:84,0
DA:85,0
DA:86,0
DA:89,0
DA:91,0
DA:92,0
DA:96,0
DA:99,0
DA:101,0
DA:102,0
DA:106,0
DA:107,0
DA:110,0
DA:119,0
DA:120,0
DA:123,0
DA:124,0
DA:127,0
DA:132,0
DA:133,0
DA:135,0
DA:144,1
LF:52
LH:5
BRDA:23,0,0,0
BRDA:23,0,1,0
BRDA:49,1,0,0
BRDA:49,1,1,0
BRDA:49,2,0,0
BRDA:49,2,1,0
BRDA:58,3,0,0
BRDA:58,3,1,0
BRDA:84,4,0,0
BRDA:102,5,0,0
BRDA:102,5,1,0
BRDA:102,6,0,0
BRDA:102,6,1,0
BRDA:102,6,2,0
BRDA:120,7,0,0
BRDA:120,7,1,0
BRDA:123,8,0,0
BRDA:123,8,1,0
BRDA:123,9,0,0
BRDA:123,9,1,0
BRF:20
BRH:0
end_of_record
TN:
SF:src/components/Playlist.svelte
FN:11,add_css
FN:16,create_if_block
FN:43,create
FN:74,mount
FN:96,update
FN:119,intro
FN:124,outro
FN:128,destroy
FN:147,create_fragment
FN:153,create
FN:157,claim
FN:160,mount
FN:165,update
FN:182,(anonymous_13)
FN:189,intro
FN:194,outro
FN:198,destroy
FN:215,intoItem
FN:223,instance
FN:230,(anonymous_19)
FN:237,isNotInPlaylist
FN:243,(anonymous_21)
FN:243,(anonymous_22)
FN:243,(anonymous_23)
FN:243,(anonymous_24)
FN:248,toggleCollapsed
FN:252,stopMood
FN:256,openItemElements
FN:257,(anonymous_28)
FN:269,importItem
FN:285,(anonymous_30)
FN:289,(anonymous_31)
FN:306,(anonymous_32)
FN:315,(anonymous_33)
FN:345,(anonymous_34)
FNF:35
FNH:0
FNDA:0,add_css
FNDA:0,create_if_block
FNDA:0,create
FNDA:0,mount
FNDA:0,update
FNDA:0,intro
FNDA:0,outro
FNDA:0,destroy
FNDA:0,create_fragment
FNDA:0,create
FNDA:0,claim
FNDA:0,mount
FNDA:0,update
FNDA:0,(anonymous_13)
FNDA:0,intro
FNDA:0,outro
FNDA:0,destroy
FNDA:0,intoItem
FNDA:0,instance
FNDA:0,(anonymous_19)
FNDA:0,isNotInPlaylist
FNDA:0,(anonymous_21)
FNDA:0,(anonymous_22)
FNDA:0,(anonymous_23)
FNDA:0,(anonymous_24)
FNDA:0,toggleCollapsed
FNDA:0,stopMood
FNDA:0,openItemElements
FNDA:0,(anonymous_28)
FNDA:0,importItem
FNDA:0,(anonymous_30)
FNDA:0,(anonymous_31)
FNDA:0,(anonymous_32)
FNDA:0,(anonymous_33)
FNDA:0,(anonymous_34)
DA:4,1
DA:5,1
DA:6,1
DA:7,1
DA:8,1
DA:9,1
DA:12,0
DA:33,0
DA:38,0
DA:39,0
DA:40,0
DA:42,0
DA:44,0
DA:45,0
DA:46,0
DA:47,0
DA:48,0
DA:49,0
DA:50,0
DA:51,0
DA:52,0
DA:53,0
DA:54,0
DA:55,0
DA:56,0
DA:57,0
DA:58,0
DA:59,0
DA:60,0
DA:61,0
DA:62,0
DA:64,0
DA:68,0
DA:69,0
DA:70,0
DA:71,0
DA:72,0
DA:75,0
DA:76,0
DA:77,0
DA:78,0
DA:79,0
DA:80,0
DA:81,0
DA:82,0
DA:83,0
DA:84,0
DA:85,0
DA:87,0
DA:88,0
DA:93,0
DA:97,0
DA:98,0
DA:101,0
DA:102,0
DA:105,0
DA:106,0
DA:107,0
DA:109,0
DA:112,0
DA:115,0
DA:116,0
DA:120,0
DA:121,0
DA:122,0
DA:125,0
DA:126,0
DA:129,0
DA:130,0
DA:131,0
DA:132,0
DA:136,0
DA:144,0
DA:150,0
DA:152,0
DA:154,0
DA:155,0
DA:158,0
DA:161,0
DA:162,0
DA:163,0
DA:166,0
DA:167,0
DA:168,0
DA:170,0
DA:171,0
DA:174,0
DA:175,0
DA:176,0
DA:177,0
DA:179,0
DA:180,0
DA:182,0
DA:183,0
DA:186,0
DA:190,0
DA:191,0
DA:192,0
DA:195,0
DA:196,0
DA:199,0
DA:200,0
DA:204,0
DA:212,0
DA:216,0
DA:225,0
DA:226,0
DA:227,0
DA:228,0
DA:229,0
DA:230,0
DA:233,0
DA:235,0
DA:238,0
DA:239,0
DA:242,0
DA:243,0
DA:244,0
DA:249,0
DA:253,0
DA:257,0
DA:258,0
DA:263,0
DA:266,0
DA:270,0
DA:271,0
DA:272,0
DA:274,0
DA:275,0
DA:276,0
DA:280,0
DA:283,0
DA:285,0
DA:286,0
DA:289,0
DA:306,0
DA:307,0
DA:308,0
DA:311,0
DA:312,0
DA:315,0
DA:316,0
DA:318,0
DA:319,0
DA:320,0
DA:322,0
DA:332,0
DA:346,0
DA:347,0
DA:349,0
DA:358,1
LF:151
LH:7
BRDA:54,0,0,0
BRDA:54,0,1,0
BRDA:64,1,0,0
BRDA:64,1,1,0
BRDA:87,2,0,0
BRDA:87,2,1,0
BRDA:97,3,0,0
BRDA:97,3,1,0
BRDA:97,4,0,0
BRDA:97,4,1,0
BRDA:97,4,2,0
BRDA:97,5,0,0
BRDA:97,5,1,0
BRDA:101,6,0,0
BRDA:101,6,1,0
BRDA:101,7,0,0
BRDA:101,7,1,0
BRDA:106,8,0,0
BRDA:106,8,1,0
BRDA:109,9,0,0
BRDA:109,9,1,0
BRDA:109,10,0,0
BRDA:109,10,1,0
BRDA:109,10,2,0
BRDA:109,11,0,0
BRDA:109,11,1,0
BRDA:115,12,0,0
BRDA:115,12,1,0
BRDA:115,13,0,0
BRDA:115,13,1,0
BRDA:120,14,0,0
BRDA:120,14,1,0
BRDA:129,15,0,0
BRDA:129,15,1,0
BRDA:150,16,0,0
BRDA:150,16,1,0
BRDA:154,17,0,0
BRDA:154,17,1,0
BRDA:161,18,0,0
BRDA:161,18,1,0
BRDA:166,19,0,0
BRDA:166,19,1,0
BRDA:167,20,0,0
BRDA:167,20,1,0
BRDA:170,21,0,0
BRDA:170,21,1,0
BRDA:179,22,0,0
BRDA:179,22,1,0
BRDA:190,23,0,0
BRDA:190,23,1,0
BRDA:199,24,0,0
BRDA:199,24,1,0
BRDA:200,25,0,0
BRDA:200,25,1,0
BRDA:225,26,0,0
BRDA:238,27,0,0
BRDA:238,27,1,0
BRDA:275,28,0,0
BRDA:275,28,1,0
BRDA:280,29,0,0
BRDA:280,29,1,0
BRDA:286,30,0,0
BRDA:286,30,1,0
BRDA:286,31,0,0
BRDA:286,31,1,0
BRDA:286,31,2,0
BRDA:307,32,0,0
BRDA:307,32,1,0
BRDA:308,33,0,0
BRDA:308,33,1,0
BRDA:311,34,0,0
BRDA:311,34,1,0
BRDA:311,35,0,0
BRDA:311,35,1,0
BRDA:316,36,0,0
BRDA:316,36,1,0
BRDA:320,37,0,0
BRDA:320,37,1,0
BRF:78
BRH:0
end_of_record
TN:
SF:src/components/PlaylistItem.svelte
FN:10,add_css
FN:14,create_fragment
FN:52,create
FN:89,claim
FN:92,mount
FN:121,update
FN:133,intro
FN:138,outro
FN:142,destroy
FN:161,instance
FN:169,onPlay
FN:173,onElements
FN:177,onImport
FN:181,(anonymous_13)
FN:189,(anonymous_14)
FN:193,(anonymous_15)
FN:197,(anonymous_16)
FN:209,(anonymous_17)
FN:221,(anonymous_18)
FN:233,(anonymous_19)
FN:237,(anonymous_20)
FNF:21
FNH:0
FNDA:0,add_css
FNDA:0,create_fragment
FNDA:0,create
FNDA:0,claim
FNDA:0,mount
FNDA:0,update
FNDA:0,intro
FNDA:0,outro
FNDA:0,destroy
FNDA:0,instance
FNDA:0,onPlay
FNDA:0,onElements
FNDA:0,onImport
FNDA:0,(anonymous_13)
FNDA:0,(anonymous_14)
FNDA:0,(anonymous_15)
FNDA:0,(anonymous_16)
FNDA:0,(anonymous_17)
FNDA:0,(anonymous_18)
FNDA:0,(anonymous_19)
FNDA:0,(anonymous_20)
DA:4,1
DA:5,1
DA:6,1
DA:7,1
DA:8,1
DA:11,0
DA:18,0
DA:21,0
DA:39,0
DA:49,0
DA:51,0
DA:53,0
DA:54,0
DA:55,0
DA:56,0
DA:57,0
DA:58,0
DA:59,0
DA:60,0
DA:61,0
DA:62,0
DA:63,0
DA:64,0
DA:65,0
DA:66,0
DA:67,0
DA:68,0
DA:69,0
DA:70,0
DA:71,0
DA:72,0
DA:73,0
DA:74,0
DA:75,0
DA:76,0
DA:77,0
DA:78,0
DA:79,0
DA:80,0
DA:81,0
DA:82,0
DA:83,0
DA:84,0
DA:85,0
DA:86,0
DA:87,0
DA:90,0
DA:93,0
DA:94,0
DA:95,0
DA:96,0
DA:97,0
DA:98,0
DA:99,0
DA:100,0
DA:101,0
DA:102,0
DA:103,0
DA:104,0
DA:105,0
DA:106,0
DA:107,0
DA:108,0
DA:110,0
DA:111,0
DA:118,0
DA:122,0
DA:123,0
DA:125,0
DA:126,0
DA:129,0
DA:130,0
DA:131,0
DA:134,0
DA:135,0
DA:136,0
DA:139,0
DA:140,0
DA:143,0
DA:144,0
DA:145,0
DA:146,0
DA:150,0
DA:158,0
DA:162,0
DA:163,0
DA:164,0
DA:165,0
DA:166,0
DA:170,0
DA:174,0
DA:178,0
DA:181,0
DA:182,0
DA:183,0
DA:187,0
DA:189,0
DA:190,0
DA:193,0
DA:194,0
DA:197,0
DA:209,0
DA:210,0
DA:213,0
DA:214,0
DA:217,0
DA:222,0
DA:223,0
DA:225,0
DA:234,0
DA:238,0
DA:239,0
DA:243,1
LF:113
LH:6
BRDA:110,0,0,0
BRDA:110,0,1,0
BRDA:122,1,0,0
BRDA:122,1,1,0
BRDA:122,2,0,0
BRDA:122,2,1,0
BRDA:122,2,2,0
BRDA:123,3,0,0
BRDA:123,3,1,0
BRDA:123,4,0,0
BRDA:123,4,1,0
BRDA:123,4,2,0
BRDA:125,5,0,0
BRDA:125,5,1,0
BRDA:125,6,0,0
BRDA:125,6,1,0
BRDA:125,6,2,0
BRDA:130,7,0,0
BRDA:130,7,1,0
BRDA:134,8,0,0
BRDA:134,8,1,0
BRDA:143,9,0,0
BRDA:143,9,1,0
BRDA:162,10,0,0
BRDA:182,11,0,0
BRDA:182,11,1,0
BRDA:182,12,0,0
BRDA:182,12,1,0
BRDA:182,13,0,0
BRDA:182,13,1,0
BRDA:190,14,0,0
BRDA:190,14,1,0
BRDA:190,15,0,0
BRDA:190,15,1,0
BRDA:190,15,2,0
BRDA:194,16,0,0
BRDA:194,16,1,0
BRDA:210,17,0,0
BRDA:210,17,1,0
BRDA:213,18,0,0
BRDA:213,18,1,0
BRDA:213,19,0,0
BRDA:213,19,1,0
BRF:43
BRH:0
end_of_record
TN:
SF:src/components/Toggable.svelte
FN:7,add_css
FN:12,create_if_block
FN:20,create
FN:31,mount
FN:44,update
FN:57,destroy
FN:75,create_fragment
FN:80,create
FN:84,claim
FN:87,mount
FN:91,update
FN:107,destroy
FN:124,instance
FN:136,(anonymous_13)
FN:140,(anonymous_14)
FN:144,(anonymous_15)
FN:160,(anonymous_16)
FN:164,click_handler
FN:168,keypress_handler
FN:172,(anonymous_19)
FN:180,(anonymous_20)
FN:192,(anonymous_21)
FN:206,(anonymous_22)
FN:220,(anonymous_23)
FN:247,(anonymous_24)
FN:251,(anonymous_25)
FN:256,(anonymous_26)
FN:260,(anonymous_27)
FN:265,(anonymous_28)
FN:269,(anonymous_29)
FN:274,(anonymous_30)
FN:278,(anonymous_31)
FN:283,(anonymous_32)
FN:287,(anonymous_33)
FNF:34
FNH:0
FNDA:0,add_css
FNDA:0,create_if_block
FNDA:0,create
FNDA:0,mount
FNDA:0,update
FNDA:0,destroy
FNDA:0,create_fragment
FNDA:0,create
FNDA:0,claim
FNDA:0,mount
FNDA:0,update
FNDA:0,destroy
FNDA:0,instance
FNDA:0,(anonymous_13)
FNDA:0,(anonymous_14)
FNDA:0,(anonymous_15)
FNDA:0,(anonymous_16)
FNDA:0,click_handler
FNDA:0,keypress_handler
FNDA:0,(anonymous_19)
FNDA:0,(anonymous_20)
FNDA:0,(anonymous_21)
FNDA:0,(anonymous_22)
FNDA:0,(anonymous_23)
FNDA:0,(anonymous_24)
FNDA:0,(anonymous_25)
FNDA:0,(anonymous_26)
FNDA:0,(anonymous_27)
FNDA:0,(anonymous_28)
FNDA:0,(anonymous_29)
FNDA:0,(anonymous_30)
FNDA:0,(anonymous_31)
FNDA:0,(anonymous_32)
FNDA:0,(anonymous_33)
DA:4,1
DA:5,1
DA:8,0
DA:19,0
DA:21,0
DA:22,0
DA:23,0
DA:24,0
DA:25,0
DA:26,0
DA:27,0
DA:28,0
DA:29,0
DA:32,0
DA:33,0
DA:35,0
DA:36,0
DA:41,0
DA:45,0
DA:46,0
DA:49,0
DA:50,0
DA:53,0
DA:54,0
DA:58,0
DA:59,0
DA:60,0
DA:64,0
DA:72,0
DA:77,0
DA:79,0
DA:81,0
DA:82,0
DA:85,0
DA:88,0
DA:89,0
DA:92,0
DA:93,0
DA:94,0
DA:96,0
DA:97,0
DA:98,0
DA:100,0
DA:101,0
DA:102,0
DA:108,0
DA:109,0
DA:113,0
DA:121,0
DA:125,0
DA:126,0
DA:127,0
DA:128,0
DA:129,0
DA:130,0
DA:131,0
DA:132,0
DA:133,0
DA:136,0
DA:137,0
DA:140,0
DA:141,0
DA:144,0
DA:145,0
DA:146,0
DA:149,0
DA:150,0
DA:153,0
DA:154,0
DA:158,0
DA:160,0
DA:161,0
DA:165,0
DA:169,0
DA:172,0
DA:173,0
DA:174,0
DA:175,0
DA:176,0
DA:177,0
DA:180,0
DA:192,0
DA:193,0
DA:194,0
DA:195,0
DA:196,0
DA:197,0
DA:198,0
DA:199,0
DA:202,0
DA:203,0
DA:206,0
DA:207,0
DA:208,0
DA:211,0
DA:212,0
DA:216,0
DA:221,0
DA:223,0
DA:239,0
DA:248,0
DA:252,0
DA:253,0
DA:257,0
DA:261,0
DA:262,0
DA:266,0
DA:270,0
DA:271,0
DA:275,0
DA:279,0
DA:280,0
DA:284,0
DA:288,0
DA:289,0
DA:293,1
LF:116
LH:3
BRDA:35,0,0,0
BRDA:35,0,1,0
BRDA:45,1,0,0
BRDA:45,1,1,0
BRDA:45,2,0,0
BRDA:45,2,1,0
BRDA:49,3,0,0
BRDA:49,3,1,0
BRDA:53,4,0,0
BRDA:53,4,1,0
BRDA:58,5,0,0
BRDA:58,5,1,0
BRDA:77,6,0,0
BRDA:77,6,1,0
BRDA:81,7,0,0
BRDA:81,7,1,0
BRDA:88,8,0,0
BRDA:88,8,1,0
BRDA:92,9,0,0
BRDA:92,9,1,0
BRDA:93,10,0,0
BRDA:93,10,1,0
BRDA:100,11,0,0
BRDA:100,11,1,0
BRDA:108,12,0,0
BRDA:108,12,1,0
BRDA:109,13,0,0
BRDA:109,13,1,0
BRDA:125,14,0,0
BRDA:129,15,0,0
BRDA:130,16,0,0
BRDA:137,17,0,0
BRDA:137,17,1,0
BRDA:141,18,0,0
BRDA:141,18,1,0
BRDA:145,19,0,0
BRDA:145,19,1,0
BRDA:145,20,0,0
BRDA:145,20,1,0
BRDA:145,21,0,0
BRDA:145,21,1,0
BRDA:149,22,0,0
BRDA:149,22,1,0
BRDA:149,23,0,0
BRDA:149,23,1,0
BRDA:149,24,0,0
BRDA:149,24,1,0
BRDA:153,25,0,0
BRDA:153,25,1,0
BRDA:153,26,0,0
BRDA:153,26,1,0
BRDA:153,27,0,0
BRDA:153,27,1,0
BRDA:161,28,0,0
BRDA:161,28,1,0
BRDA:161,29,0,0
BRDA:161,29,1,0
BRDA:161,29,2,0
BRDA:173,30,0,0
BRDA:173,30,1,0
BRDA:174,31,0,0
BRDA:174,31,1,0
BRDA:175,32,0,0
BRDA:175,32,1,0
BRDA:176,33,0,0
BRDA:176,33,1,0
BRDA:177,34,0,0
BRDA:177,34,1,0
BRDA:193,35,0,0
BRDA:193,35,1,0
BRDA:194,36,0,0
BRDA:194,36,1,0
BRDA:195,37,0,0
BRDA:195,37,1,0
BRDA:196,38,0,0
BRDA:196,38,1,0
BRDA:197,39,0,0
BRDA:197,39,1,0
BRDA:198,40,0,0
BRDA:198,40,1,0
BRDA:199,41,0,0
BRDA:199,41,1,0
BRDA:202,42,0,0
BRDA:202,42,1,0
BRDA:202,43,0,0
BRDA:202,43,1,0
BRDA:207,44,0,0
BRDA:207,44,1,0
BRDA:211,45,0,0
BRDA:211,45,1,0
BRF:90
BRH:0
end_of_record
TN:
SF:src/components/VolumeSlider.svelte
FN:7,create_fragment
FN:19,create
FN:42,claim
FN:45,mount
FN:65,update
FN:78,destroy
FN:96,instance
FN:103,(anonymous_7)
FN:119,(anonymous_8)
FN:123,change_handler
FN:127,input_change_input_handler
FN:132,(anonymous_11)
FN:138,(anonymous_12)
FN:140,(anonymous_13)
FN:154,(anonymous_14)
FN:166,(anonymous_15)
FN:170,(anonymous_16)
FN:175,(anonymous_17)
FN:179,(anonymous_18)
FN:184,(anonymous_19)
FN:188,(anonymous_20)
FNF:21
FNH:0
FNDA:0,create_fragment
FNDA:0,create
FNDA:0,claim
FNDA:0,mount
FNDA:0,update
FNDA:0,destroy
FNDA:0,instance
FNDA:0,(anonymous_7)
FNDA:0,(anonymous_8)
FNDA:0,change_handler
FNDA:0,input_change_input_handler
FNDA:0,(anonymous_11)
FNDA:0,(anonymous_12)
FNDA:0,(anonymous_13)
FNDA:0,(anonymous_14)
FNDA:0,(anonymous_15)
FNDA:0,(anonymous_16)
FNDA:0,(anonymous_17)
FNDA:0,(anonymous_18)
FNDA:0,(anonymous_19)
FNDA:0,(anonymous_20)
DA:4,1
DA:5,1
DA:18,0
DA:20,0
DA:21,0
DA:22,0
DA:23,0
DA:24,0
DA:25,0
DA:26,0
DA:27,0
DA:28,0
DA:29,0
DA:30,0
DA:31,0
DA:32,0
DA:33,0
DA:34,0
DA:35,0
DA:36,0
DA:37,0
DA:38,0
DA:39,0
DA:40,0
DA:43,0
DA:46,0
DA:47,0
DA:48,0
DA:49,0
DA:50,0
DA:51,0
DA:52,0
DA:53,0
DA:55,0
DA:56,0
DA:62,0
DA:66,0
DA:68,0
DA:69,0
DA:72,0
DA:73,0
DA:79,0
DA:80,0
DA:81,0
DA:85,0
DA:93,0
DA:97,0
DA:98,0
DA:99,0
DA:100,0
DA:101,0
DA:103,0
DA:104,0
DA:105,0
DA:108,0
DA:109,0
DA:112,0
DA:113,0
DA:117,0
DA:119,0
DA:120,0
DA:124,0
DA:128,0
DA:129,0
DA:132,0
DA:133,0
DA:134,0
DA:135,0
DA:138,0
DA:140,0
DA:141,0
DA:142,0
DA:143,0
DA:146,0
DA:147,0
DA:150,0
DA:155,0
DA:156,0
DA:158,0
DA:167,0
DA:171,0
DA:172,0
DA:176,0
DA:180,0
DA:181,0
DA:185,0
DA:189,0
DA:190,0
DA:194,1
LF:89
LH:3
BRDA:55,0,0,0
BRDA:55,0,1,0
BRDA:66,1,0,0
BRDA:66,1,1,0
BRDA:68,2,0,0
BRDA:68,2,1,0
BRDA:72,3,0,0
BRDA:72,3,1,0
BRDA:79,4,0,0
BRDA:79,4,1,0
BRDA:97,5,0,0
BRDA:104,6,0,0
BRDA:104,6,1,0
BRDA:104,7,0,0
BRDA:104,7,1,0
BRDA:104,8,0,0
BRDA:104,8,1,0
BRDA:108,9,0,0
BRDA:108,9,1,0
BRDA:108,10,0,0
BRDA:108,10,1,0
BRDA:108,11,0,0
BRDA:108,11,1,0
BRDA:112,12,0,0
BRDA:112,12,1,0
BRDA:112,13,0,0
BRDA:112,13,1,0
BRDA:112,14,0,0
BRDA:112,14,1,0
BRDA:120,15,0,0
BRDA:120,15,1,0
BRDA:120,16,0,0
BRDA:120,16,1,0
BRDA:120,16,2,0
BRDA:133,17,0,0
BRDA:133,17,1,0
BRDA:134,18,0,0
BRDA:134,18,1,0
BRDA:135,19,0,0
BRDA:135,19,1,0
BRDA:141,20,0,0
BRDA:141,20,1,0
BRDA:142,21,0,0
BRDA:142,21,1,0
BRDA:143,22,0,0
BRDA:143,22,1,0
BRDA:146,23,0,0
BRDA:146,23,1,0
BRDA:146,24,0,0
BRDA:146,24,1,0
BRF:50
BRH:0
end_of_record
TN:
SF:src/components/WithSyrinContext.svelte
FN:9,create_fragment
FN:16,switch_props
FN:34,create
FN:38,claim
FN:41,mount
FN:46,update
FN:56,(anonymous_6)
FN:75,intro
FN:80,outro
FN:84,destroy
FN:101,instance
FN:110,(anonymous_11)
FN:120,(anonymous_12)
FN:127,(anonymous_13)
FN:129,(anonymous_14)
FN:142,(anonymous_15)
FN:154,(anonymous_16)
FN:158,(anonymous_17)
FN:163,(anonymous_18)
FN:167,(anonymous_19)
FNF:20
FNH:8
FNDA:8,create_fragment
FNDA:8,switch_props
FNDA:8,create
FNDA:0,claim
FNDA:8,mount
FNDA:0,update
FNDA:0,(anonymous_6)
FNDA:0,intro
FNDA:0,outro
FNDA:8,destroy
FNDA:8,instance
FNDA:8,(anonymous_11)
FNDA:0,(anonymous_12)
FNDA:0,(anonymous_13)
FNDA:0,(anonymous_14)
FNDA:8,(anonymous_15)
FNDA:0,(anonymous_16)
FNDA:0,(anonymous_17)
FNDA:0,(anonymous_18)
FNDA:0,(anonymous_19)
DA:4,3
DA:5,3
DA:6,3
DA:7,3
DA:13,8
DA:14,8
DA:17,8
DA:19,8
DA:20,8
DA:23,8
DA:29,8
DA:30,8
DA:33,8
DA:35,8
DA:36,8
DA:39,0
DA:42,8
DA:43,8
DA:44,8
DA:47,0
DA:51,0
DA:52,0
DA:53,0
DA:54,0
DA:56,0
DA:57,0
DA:60,0
DA:63,0
DA:64,0
DA:65,0
DA:66,0
DA:67,0
DA:69,0
DA:71,0
DA:72,0
DA:76,0
DA:77,0
DA:78,0
DA:81,0
DA:82,0
DA:85,8
DA:86,8
DA:90,8
DA:98,8
DA:102,8
DA:103,8
DA:104,8
DA:105,8
DA:106,8
DA:107,8
DA:108,8
DA:110,8
DA:111,8
DA:112,0
DA:115,8
DA:116,0
DA:120,8
DA:121,0
DA:122,0
DA:123,0
DA:124,0
DA:127,8
DA:129,8
DA:130,0
DA:131,0
DA:134,8
DA:135,0
DA:138,8
DA:143,8
DA:144,8
DA:146,8
DA:155,0
DA:159,0
DA:160,0
DA:164,0
DA:168,0
DA:169,0
DA:173,3
LF:78
LH:41
BRDA:29,0,0,8
BRDA:29,0,1,0
BRDA:35,1,0,8
BRDA:35,1,1,0
BRDA:42,2,0,8
BRDA:42,2,1,0
BRDA:47,3,0,0
BRDA:47,3,1,0
BRDA:51,4,0,0
BRDA:51,4,1,0
BRDA:52,5,0,0
BRDA:52,5,1,0
BRDA:63,6,0,0
BRDA:63,6,1,0
BRDA:71,7,0,0
BRDA:71,7,1,0
BRDA:76,8,0,0
BRDA:76,8,1,0
BRDA:77,9,0,0
BRDA:77,9,1,0
BRDA:81,10,0,0
BRDA:81,10,1,0
BRDA:85,11,0,8
BRDA:85,11,1,0
BRDA:86,12,0,8
BRDA:86,12,1,0
BRDA:104,13,0,8
BRDA:111,14,0,0
BRDA:111,14,1,8
BRDA:111,15,0,8
BRDA:111,15,1,0
BRDA:111,16,0,0
BRDA:111,16,1,0
BRDA:115,17,0,0
BRDA:115,17,1,8
BRDA:115,18,0,8
BRDA:115,18,1,0
BRDA:115,19,0,0
BRDA:115,19,1,0
BRDA:123,20,0,0
BRDA:123,20,1,0
BRDA:124,21,0,0
BRDA:124,21,1,0
BRDA:130,22,0,0
BRDA:130,22,1,0
BRDA:131,23,0,0
BRDA:131,23,1,0
BRDA:134,24,0,0
BRDA:134,24,1,8
BRDA:134,25,0,8
BRDA:134,25,1,8
BRF:51
BRH:13
end_of_record
TN:
SF:src/components/config/ambient-sound/index.svelte
FN:8,add_css
FN:13,create_if_block_1
FN:18,create
FN:26,mount
FN:29,update
FN:34,destroy
FN:51,create_else_block
FN:56,create
FN:59,mount
FN:63,destroy
FN:80,create_if_block
FN:85,create
FN:88,mount
FN:92,destroy
FN:108,create_fragment
FN:197,select_block_type
FN:206,create
FN:414,claim
FN:417,mount
FN:508,update
FN:590,destroy
FN:610,instance
FN:624,(anonymous_22)
FN:630,(anonymous_23)
FN:649,(anonymous_24)
FN:681,(anonymous_25)
FN:685,input2_input_handler
FN:690,input3_input_handler
FN:695,input4_input_handler
FN:700,input5_change_handler
FN:705,(anonymous_30)
FN:715,(anonymous_31)
FN:734,(anonymous_32)
FN:753,(anonymous_33)
FN:782,(anonymous_34)
FN:811,(anonymous_35)
FN:815,(anonymous_36)
FN:820,(anonymous_37)
FN:824,(anonymous_38)
FN:829,(anonymous_39)
FN:833,(anonymous_40)
FN:838,(anonymous_41)
FN:842,(anonymous_42)
FN:847,(anonymous_43)
FN:851,(anonymous_44)
FN:856,(anonymous_45)
FN:860,(anonymous_46)
FN:865,(anonymous_47)
FN:869,(anonymous_48)
FNF:49
FNH:0
FNDA:0,add_css
FNDA:0,create_if_block_1
FNDA:0,create
FNDA:0,mount
FNDA:0,update
FNDA:0,destroy
FNDA:0,create_else_block
FNDA:0,create
FNDA:0,mount
FNDA:0,destroy
FNDA:0,create_if_block
FNDA:0,create
FNDA:0,mount
FNDA:0,destroy
FNDA:0,create_fragment
FNDA:0,select_block_type
FNDA:0,create
FNDA:0,claim
FNDA:0,mount
FNDA:0,update
FNDA:0,destroy
FNDA:0,instance
FNDA:0,(anonymous_22)
FNDA:0,(anonymous_23)
FNDA:0,(anonymous_24)
FNDA:0,(anonymous_25)
FNDA:0,input2_input_handler
FNDA:0,input3_input_handler
FNDA:0,input4_input_handler
FNDA:0,input5_change_handler
FNDA:0,(anonymous_30)
FNDA:0,(anonymous_31)
FNDA:0,(anonymous_32)
FNDA:0,(anonymous_33)
FNDA:0,(anonymous_34)
FNDA:0,(anonymous_35)
FNDA:0,(anonymous_36)
FNDA:0,(anonymous_37)
FNDA:0,(anonymous_38)
FNDA:0,(anonymous_39)
FNDA:0,(anonymous_40)
FNDA:0,(anonymous_41)
FNDA:0,(anonymous_42)
FNDA:0,(anonymous_43)
FNDA:0,(anonymous_44)
FNDA:0,(anonymous_45)
FNDA:0,(anonymous_46)
FNDA:0,(anonymous_47)
FNDA:0,(anonymous_48)
DA:4,1
DA:5,1
DA:6,1
DA:9,0
DA:17,0
DA:19,0
DA:20,0
DA:21,0
DA:22,0
DA:23,0
DA:24,0
DA:27,0
DA:30,0
DA:31,0
DA:35,0
DA:39,0
DA:47,0
DA:52,0
DA:55,0
DA:57,0
DA:60,0
DA:64,0
DA:68,0
DA:76,0
DA:81,0
DA:84,0
DA:86,0
DA:89,0
DA:93,0
DA:97,0
DA:105,0
DA:120,0
DA:128,0
DA:138,0
DA:183,0
DA:195,0
DA:198,0
DA:199,0
DA:202,0
DA:203,0
DA:205,0
DA:207,0
DA:208,0
DA:209,0
DA:210,0
DA:211,0
DA:212,0
DA:213,0
DA:214,0
DA:215,0
DA:216,0
DA:217,0
DA:218,0
DA:219,0
DA:220,0
DA:221,0
DA:222,0
DA:223,0
DA:224,0
DA:225,0
DA:226,0
DA:227,0
DA:228,0
DA:229,0
DA:230,0
DA:231,0
DA:232,0
DA:233,0
DA:234,0
DA:235,0
DA:236,0
DA:237,0
DA:238,0
DA:239,0
DA:240,0
DA:241,0
DA:242,0
DA:243,0
DA:244,0
DA:245,0
DA:246,0
DA:247,0
DA:248,0
DA:249,0
DA:250,0
DA:251,0
DA:252,0
DA:253,0
DA:254,0
DA:255,0
DA:256,0
DA:257,0
DA:258,0
DA:259,0
DA:260,0
DA:261,0
DA:262,0
DA:263,0
DA:264,0
DA:265,0
DA:266,0
DA:267,0
DA:268,0
DA:269,0
DA:270,0
DA:271,0
DA:272,0
DA:273,0
DA:274,0
DA:275,0
DA:276,0
DA:277,0
DA:278,0
DA:279,0
DA:280,0
DA:281,0
DA:282,0
DA:283,0
DA:284,0
DA:285,0
DA:286,0
DA:287,0
DA:288,0
DA:289,0
DA:290,0
DA:291,0
DA:292,0
DA:293,0
DA:294,0
DA:295,0
DA:296,0
DA:297,0
DA:298,0
DA:299,0
DA:300,0
DA:301,0
DA:302,0
DA:303,0
DA:304,0
DA:305,0
DA:306,0
DA:307,0
DA:308,0
DA:309,0
DA:310,0
DA:311,0
DA:312,0
DA:313,0
DA:314,0
DA:315,0
DA:316,0
DA:317,0
DA:318,0
DA:319,0
DA:320,0
DA:321,0
DA:322,0
DA:323,0
DA:324,0
DA:325,0
DA:326,0
DA:327,0
DA:328,0
DA:329,0
DA:330,0
DA:331,0
DA:332,0
DA:333,0
DA:334,0
DA:335,0
DA:336,0
DA:337,0
DA:338,0
DA:339,0
DA:340,0
DA:341,0
DA:342,0
DA:343,0
DA:344,0
DA:345,0
DA:346,0
DA:347,0
DA:348,0
DA:349,0
DA:350,0
DA:351,0
DA:352,0
DA:353,0
DA:354,0
DA:355,0
DA:356,0
DA:357,0
DA:358,0
DA:359,0
DA:360,0
DA:361,0
DA:362,0
DA:363,0
DA:364,0
DA:365,0
DA:366,0
DA:367,0
DA:368,0
DA:369,0
DA:370,0
DA:371,0
DA:372,0
DA:373,0
DA:374,0
DA:375,0
DA:376,0
DA:377,0
DA:378,0
DA:379,0
DA:380,0
DA:381,0
DA:382,0
DA:383,0
DA:384,0
DA:385,0
DA:386,0
DA:387,0
DA:388,0
DA:389,0
DA:390,0
DA:391,0
DA:392,0
DA:393,0
DA:394,0
DA:395,0
DA:396,0
DA:397,0
DA:398,0
DA:399,0
DA:400,0
DA:401,0
DA:402,0
DA:403,0
DA:404,0
DA:405,0
DA:406,0
DA:407,0
DA:408,0
DA:409,0
DA:410,0
DA:411,0
DA:412,0
DA:415,0
DA:418,0
DA:419,0
DA:420,0
DA:421,0
DA:422,0
DA:423,0
DA:424,0
DA:425,0
DA:426,0
DA:427,0
DA:428,0
DA:429,0
DA:430,0
DA:431,0
DA:432,0
DA:433,0
DA:434,0
DA:435,0
DA:436,0
DA:437,0
DA:438,0
DA:439,0
DA:440,0
DA:441,0
DA:442,0
DA:443,0
DA:444,0
DA:445,0
DA:446,0
DA:447,0
DA:448,0
DA:449,0
DA:450,0
DA:451,0
DA:452,0
DA:453,0
DA:454,0
DA:455,0
DA:456,0
DA:457,0
DA:458,0
DA:459,0
DA:460,0
DA:461,0
DA:462,0
DA:463,0
DA:464,0
DA:465,0
DA:466,0
DA:467,0
DA:468,0
DA:469,0
DA:470,0
DA:471,0
DA:472,0
DA:473,0
DA:474,0
DA:475,0
DA:476,0
DA:477,0
DA:478,0
DA:479,0
DA:480,0
DA:481,0
DA:482,0
DA:483,0
DA:484,0
DA:485,0
DA:486,0
DA:487,0
DA:488,0
DA:489,0
DA:490,0
DA:491,0
DA:492,0
DA:493,0
DA:494,0
DA:495,0
DA:497,0
DA:498,0
DA:505,0
DA:509,0
DA:510,0
DA:513,0
DA:514,0
DA:517,0
DA:519,0
DA:520,0
DA:523,0
DA:524,0
DA:527,0
DA:528,0
DA:531,0
DA:532,0
DA:535,0
DA:536,0
DA:539,0
DA:540,0
DA:543,0
DA:544,0
DA:547,0
DA:548,0
DA:551,0
DA:552,0
DA:555,0
DA:556,0
DA:557,0
DA:559,0
DA:560,0
DA:561,0
DA:563,0
DA:564,0
DA:565,0
DA:568,0
DA:569,0
DA:571,0
DA:572,0
DA:574,0
DA:575,0
DA:576,0
DA:580,0
DA:581,0
DA:584,0
DA:585,0
DA:591,0
DA:592,0
DA:593,0
DA:594,0
DA:595,0
DA:599,0
DA:607,0
DA:612,0
DA:613,0
DA:614,0
DA:615,0
DA:616,0
DA:617,0
DA:618,0
DA:619,0
DA:620,0
DA:621,0
DA:622,0
DA:623,0
DA:624,0
DA:625,0
DA:626,0
DA:627,0
DA:628,0
DA:630,0
DA:631,0
DA:632,0
DA:634,0
DA:635,0
DA:638,0
DA:639,0
DA:640,0
DA:642,0
DA:643,0
DA:644,0
DA:649,0
DA:650,0
DA:651,0
DA:654,0
DA:655,0
DA:658,0
DA:659,0
DA:662,0
DA:663,0
DA:666,0
DA:667,0
DA:670,0
DA:671,0
DA:674,0
DA:675,0
DA:679,0
DA:681,0
DA:682,0
DA:686,0
DA:687,0
DA:691,0
DA:692,0
DA:696,0
DA:697,0
DA:701,0
DA:702,0
DA:705,0
DA:706,0
DA:707,0
DA:708,0
DA:709,0
DA:710,0
DA:711,0
DA:712,0
DA:715,0
DA:734,0
DA:735,0
DA:736,0
DA:737,0
DA:738,0
DA:739,0
DA:740,0
DA:741,0
DA:742,0
DA:743,0
DA:744,0
DA:745,0
DA:746,0
DA:749,0
DA:750,0
DA:753,0
DA:754,0
DA:755,0
DA:759,0
DA:783,0
DA:785,0
DA:803,0
DA:812,0
DA:816,0
DA:817,0
DA:821,0
DA:825,0
DA:826,0
DA:830,0
DA:834,0
DA:835,0
DA:839,0
DA:843,0
DA:844,0
DA:848,0
DA:852,0
DA:853,0
DA:857,0
DA:861,0
DA:862,0
DA:866,0
DA:870,0
DA:871,0
DA:875,1
LF:486
LH:4
BRDA:30,0,0,0
BRDA:30,0,1,0
BRDA:30,1,0,0
BRDA:30,1,1,0
BRDA:35,2,0,0
BRDA:35,2,1,0
BRDA:64,3,0,0
BRDA:64,3,1,0
BRDA:93,4,0,0
BRDA:93,4,1,0
BRDA:195,5,0,0
BRDA:195,5,1,0
BRDA:198,6,0,0
BRDA:198,6,1,0
BRDA:283,7,0,0
BRDA:283,7,1,0
BRDA:487,8,0,0
BRDA:487,8,1,0
BRDA:497,9,0,0
BRDA:497,9,1,0
BRDA:509,10,0,0
BRDA:509,10,1,0
BRDA:509,11,0,0
BRDA:509,11,1,0
BRDA:513,12,0,0
BRDA:513,12,1,0
BRDA:517,13,0,0
BRDA:517,13,1,0
BRDA:517,14,0,0
BRDA:517,14,1,0
BRDA:519,15,0,0
BRDA:519,15,1,0
BRDA:519,16,0,0
BRDA:519,16,1,0
BRDA:523,17,0,0
BRDA:523,17,1,0
BRDA:527,18,0,0
BRDA:527,18,1,0
BRDA:527,19,0,0
BRDA:527,19,1,0
BRDA:531,20,0,0
BRDA:531,20,1,0
BRDA:531,21,0,0
BRDA:531,21,1,0
BRDA:535,22,0,0
BRDA:535,22,1,0
BRDA:535,23,0,0
BRDA:535,23,1,0
BRDA:539,24,0,0
BRDA:539,24,1,0
BRDA:543,25,0,0
BRDA:543,25,1,0
BRDA:543,26,0,0
BRDA:543,26,1,0
BRDA:543,26,2,0
BRDA:547,27,0,0
BRDA:547,27,1,0
BRDA:547,28,0,0
BRDA:547,28,1,0
BRDA:547,28,2,0
BRDA:551,29,0,0
BRDA:551,29,1,0
BRDA:551,30,0,0
BRDA:551,30,1,0
BRDA:555,31,0,0
BRDA:555,31,1,0
BRDA:556,32,0,0
BRDA:556,32,1,0
BRDA:563,33,0,0
BRDA:563,33,1,0
BRDA:568,34,0,0
BRDA:568,34,1,0
BRDA:568,35,0,0
BRDA:568,35,1,0
BRDA:574,36,0,0
BRDA:574,36,1,0
BRDA:580,37,0,0
BRDA:580,37,1,0
BRDA:580,38,0,0
BRDA:580,38,1,0
BRDA:584,39,0,0
BRDA:584,39,1,0
BRDA:591,40,0,0
BRDA:591,40,1,0
BRDA:592,41,0,0
BRDA:592,41,1,0
BRDA:612,42,0,0
BRDA:631,43,0,0
BRDA:631,43,1,0
BRDA:632,44,0,0
BRDA:632,44,1,0
BRDA:634,45,0,0
BRDA:634,45,1,0
BRDA:642,46,0,0
BRDA:642,46,1,0
BRDA:650,47,0,0
BRDA:650,47,1,0
BRDA:650,48,0,0
BRDA:650,48,1,0
BRDA:650,49,0,0
BRDA:650,49,1,0
BRDA:654,50,0,0
BRDA:654,50,1,0
BRDA:654,51,0,0
BRDA:654,51,1,0
BRDA:654,52,0,0
BRDA:654,52,1,0
BRDA:658,53,0,0
BRDA:658,53,1,0
BRDA:658,54,0,0
BRDA:658,54,1,0
BRDA:658,55,0,0
BRDA:658,55,1,0
BRDA:662,56,0,0
BRDA:662,56,1,0
BRDA:662,57,0,0
BRDA:662,57,1,0
BRDA:662,58,0,0
BRDA:662,58,1,0
BRDA:666,59,0,0
BRDA:666,59,1,0
BRDA:666,60,0,0
BRDA:666,60,1,0
BRDA:666,61,0,0
BRDA:666,61,1,0
BRDA:670,62,0,0
BRDA:670,62,1,0
BRDA:670,63,0,0
BRDA:670,63,1,0
BRDA:670,64,0,0
BRDA:670,64,1,0
BRDA:674,65,0,0
BRDA:674,65,1,0
BRDA:674,66,0,0
BRDA:674,66,1,0
BRDA:674,67,0,0
BRDA:674,67,1,0
BRDA:682,68,0,0
BRDA:682,68,1,0
BRDA:682,69,0,0
BRDA:682,69,1,0
BRDA:682,69,2,0
BRDA:706,70,0,0
BRDA:706,70,1,0
BRDA:707,71,0,0
BRDA:707,71,1,0
BRDA:708,72,0,0
BRDA:708,72,1,0
BRDA:709,73,0,0
BRDA:709,73,1,0
BRDA:710,74,0,0
BRDA:710,74,1,0
BRDA:711,75,0,0
BRDA:711,75,1,0
BRDA:712,76,0,0
BRDA:712,76,1,0
BRDA:735,77,0,0
BRDA:735,77,1,0
BRDA:736,78,0,0
BRDA:736,78,1,0
BRDA:737,79,0,0
BRDA:737,79,1,0
BRDA:738,80,0,0
BRDA:738,80,1,0
BRDA:739,81,0,0
BRDA:739,81,1,0
BRDA:740,82,0,0
BRDA:740,82,1,0
BRDA:741,83,0,0
BRDA:741,83,1,0
BRDA:742,84,0,0
BRDA:742,84,1,0
BRDA:743,85,0,0
BRDA:743,85,1,0
BRDA:744,86,0,0
BRDA:744,86,1,0
BRDA:745,87,0,0
BRDA:745,87,1,0
BRDA:746,88,0,0
BRDA:746,88,1,0
BRDA:749,89,0,0
BRDA:749,89,1,0
BRDA:749,90,0,0
BRDA:749,90,1,0
BRDA:754,91,0,0
BRDA:754,91,1,0
BRF:186
BRH:0
end_of_record
TN:
SF:src/components/config/playlist/index.svelte
FN:8,add_css
FN:12,create_fragment
FN:46,create
FN:115,(anonymous_3)
FN:133,claim
FN:136,mount
FN:175,update
FN:202,destroy
FN:220,instance
FN:230,(anonymous_9)
FN:235,(anonymous_10)
FN:250,(anonymous_11)
FN:266,(anonymous_12)
FN:270,input0_input_handler
FN:275,select_change_handler
FN:280,(anonymous_15)
FN:286,(anonymous_16)
FN:300,(anonymous_17)
FN:314,(anonymous_18)
FN:336,(anonymous_19)
FN:348,(anonymous_20)
FN:352,(anonymous_21)
FN:357,(anonymous_22)
FN:361,(anonymous_23)
FN:366,(anonymous_24)
FN:370,(anonymous_25)
FNF:26
FNH:15
FNDA:4,add_css
FNDA:4,create_fragment
FNDA:4,create
FNDA:2,(anonymous_3)
FNDA:0,claim
FNDA:4,mount
FNDA:2,update
FNDA:4,destroy
FNDA:4,instance
FNDA:4,(anonymous_9)
FNDA:4,(anonymous_10)
FNDA:4,(anonymous_11)
FNDA:10,(anonymous_12)
FNDA:0,input0_input_handler
FNDA:2,select_change_handler
FNDA:0,(anonymous_15)
FNDA:0,(anonymous_16)
FNDA:0,(anonymous_17)
FNDA:6,(anonymous_18)
FNDA:4,(anonymous_19)
FNDA:0,(anonymous_20)
FNDA:0,(anonymous_21)
FNDA:0,(anonymous_22)
FNDA:0,(anonymous_23)
FNDA:0,(anonymous_24)
FNDA:0,(anonymous_25)
DA:4,2
DA:5,2
DA:6,2
DA:9,4
DA:39,4
DA:45,4
DA:47,4
DA:48,4
DA:49,4
DA:50,4
DA:51,4
DA:52,4
DA:53,4
DA:54,4
DA:55,4
DA:56,4
DA:57,4
DA:58,4
DA:59,4
DA:60,4
DA:61,4
DA:62,4
DA:63,4
DA:64,4
DA:65,4
DA:66,4
DA:67,4
DA:68,4
DA:69,4
DA:70,4
DA:71,4
DA:72,4
DA:74,4
DA:78,4
DA:79,4
DA:80,4
DA:81,4
DA:82,4
DA:83,4
DA:84,4
DA:85,4
DA:86,4
DA:87,4
DA:88,4
DA:89,4
DA:90,4
DA:91,4
DA:92,4
DA:93,4
DA:94,4
DA:95,4
DA:96,4
DA:97,4
DA:98,4
DA:99,4
DA:100,4
DA:101,4
DA:102,4
DA:103,4
DA:104,4
DA:105,4
DA:106,4
DA:107,4
DA:108,4
DA:109,4
DA:110,4
DA:111,4
DA:112,4
DA:113,4
DA:114,4
DA:115,4
DA:116,4
DA:117,4
DA:118,4
DA:119,4
DA:120,4
DA:121,4
DA:122,4
DA:123,4
DA:124,4
DA:125,4
DA:126,4
DA:127,4
DA:128,4
DA:129,4
DA:130,4
DA:131,4
DA:134,0
DA:137,4
DA:138,4
DA:139,4
DA:140,4
DA:141,4
DA:142,4
DA:143,4
DA:144,4
DA:145,4
DA:146,4
DA:147,4
DA:148,4
DA:149,4
DA:150,4
DA:151,4
DA:152,4
DA:153,4
DA:154,4
DA:155,4
DA:156,4
DA:157,4
DA:158,4
DA:159,4
DA:160,4
DA:161,4
DA:162,4
DA:163,4
DA:164,4
DA:166,4
DA:167,4
DA:172,4
DA:176,2
DA:177,0
DA:180,2
DA:181,0
DA:184,2
DA:185,0
DA:188,2
DA:189,2
DA:192,2
DA:193,0
DA:196,2
DA:197,0
DA:203,4
DA:204,4
DA:205,4
DA:209,4
DA:217,4
DA:222,4
DA:223,4
DA:224,4
DA:225,4
DA:226,4
DA:227,4
DA:228,4
DA:229,4
DA:230,4
DA:231,4
DA:232,4
DA:233,4
DA:235,4
DA:236,4
DA:238,4
DA:239,1
DA:242,3
DA:244,3
DA:245,2
DA:246,2
DA:250,4
DA:251,4
DA:252,0
DA:255,4
DA:256,0
DA:259,4
DA:260,0
DA:264,4
DA:266,4
DA:267,10
DA:271,0
DA:272,0
DA:276,2
DA:277,2
DA:280,4
DA:281,0
DA:282,0
DA:283,0
DA:286,4
DA:300,4
DA:301,0
DA:302,0
DA:303,0
DA:304,0
DA:305,0
DA:306,0
DA:307,0
DA:310,4
DA:311,0
DA:314,4
DA:315,6
DA:316,4
DA:320,4
DA:337,4
DA:338,4
DA:340,4
DA:349,0
DA:353,0
DA:354,0
DA:358,0
DA:362,0
DA:363,0
DA:367,0
DA:371,0
DA:372,0
DA:376,2
LF:202
LH:171
BRDA:115,0,0,2
BRDA:115,0,1,2
BRDA:166,1,0,4
BRDA:166,1,1,0
BRDA:176,2,0,0
BRDA:176,2,1,2
BRDA:176,3,0,2
BRDA:176,3,1,0
BRDA:180,4,0,0
BRDA:180,4,1,2
BRDA:180,5,0,2
BRDA:180,5,1,0
BRDA:184,6,0,0
BRDA:184,6,1,2
BRDA:188,7,0,2
BRDA:188,7,1,0
BRDA:192,8,0,0
BRDA:192,8,1,2
BRDA:192,9,0,2
BRDA:192,9,1,0
BRDA:196,10,0,0
BRDA:196,10,1,2
BRDA:203,11,0,4
BRDA:203,11,1,0
BRDA:222,12,0,4
BRDA:238,13,0,1
BRDA:238,13,1,3
BRDA:244,14,0,2
BRDA:244,14,1,1
BRDA:251,15,0,0
BRDA:251,15,1,4
BRDA:251,16,0,4
BRDA:251,16,1,0
BRDA:251,17,0,0
BRDA:251,17,1,0
BRDA:255,18,0,0
BRDA:255,18,1,4
BRDA:255,19,0,4
BRDA:255,19,1,0
BRDA:255,20,0,0
BRDA:255,20,1,0
BRDA:259,21,0,0
BRDA:259,21,1,4
BRDA:259,22,0,4
BRDA:259,22,1,0
BRDA:259,23,0,0
BRDA:259,23,1,0
BRDA:267,24,0,0
BRDA:267,24,1,10
BRDA:267,25,0,10
BRDA:267,25,1,0
BRDA:267,25,2,0
BRDA:281,26,0,0
BRDA:281,26,1,0
BRDA:282,27,0,0
BRDA:282,27,1,0
BRDA:283,28,0,0
BRDA:283,28,1,0
BRDA:301,29,0,0
BRDA:301,29,1,0
BRDA:302,30,0,0
BRDA:302,30,1,0
BRDA:303,31,0,0
BRDA:303,31,1,0
BRDA:304,32,0,0
BRDA:304,32,1,0
BRDA:305,33,0,0
BRDA:305,33,1,0
BRDA:306,34,0,0
BRDA:306,34,1,0
BRDA:307,35,0,0
BRDA:307,35,1,0
BRDA:310,36,0,0
BRDA:310,36,1,4
BRDA:310,37,0,4
BRDA:310,37,1,4
BRDA:315,38,0,4
BRDA:315,38,1,2
BRF:78
BRH:31
end_of_record
TN:
SF:src/components/config/playlist-sound/index.svelte
FN:8,add_css
FN:12,create_fragment
FN:46,create
FN:133,claim
FN:136,mount
FN:170,update
FN:201,destroy
FN:219,instance
FN:228,(anonymous_8)
FN:234,(anonymous_9)
FN:251,(anonymous_10)
FN:263,(anonymous_11)
FN:267,input0_input_handler
FN:272,(anonymous_13)
FN:277,(anonymous_14)
FN:291,(anonymous_15)
FN:305,(anonymous_16)
FN:326,(anonymous_17)
FN:338,(anonymous_18)
FN:342,(anonymous_19)
FN:347,(anonymous_20)
FN:351,(anonymous_21)
FNF:22
FNH:13
FNDA:4,add_css
FNDA:4,create_fragment
FNDA:4,create
FNDA:0,claim
FNDA:4,mount
FNDA:3,update
FNDA:4,destroy
FNDA:4,instance
FNDA:4,(anonymous_8)
FNDA:4,(anonymous_9)
FNDA:4,(anonymous_10)
FNDA:8,(anonymous_11)
FNDA:0,input0_input_handler
FNDA:0,(anonymous_13)
FNDA:0,(anonymous_14)
FNDA:0,(anonymous_15)
FNDA:7,(anonymous_16)
FNDA:4,(anonymous_17)
FNDA:0,(anonymous_18)
FNDA:0,(anonymous_19)
FNDA:0,(anonymous_20)
FNDA:0,(anonymous_21)
DA:4,2
DA:5,2
DA:6,2
DA:9,4
DA:39,4
DA:45,4
DA:47,4
DA:48,4
DA:49,4
DA:50,4
DA:51,4
DA:52,4
DA:53,4
DA:54,4
DA:55,4
DA:56,4
DA:57,4
DA:58,4
DA:59,4
DA:60,4
DA:61,4
DA:62,4
DA:63,4
DA:64,4
DA:65,4
DA:66,4
DA:67,4
DA:68,4
DA:69,4
DA:70,4
DA:72,4
DA:76,4
DA:77,4
DA:78,4
DA:79,4
DA:80,4
DA:81,4
DA:82,4
DA:83,4
DA:84,4
DA:85,4
DA:86,4
DA:87,4
DA:88,4
DA:89,4
DA:90,4
DA:91,4
DA:92,4
DA:93,4
DA:94,4
DA:95,4
DA:96,4
DA:97,4
DA:98,4
DA:99,4
DA:100,4
DA:101,4
DA:102,4
DA:103,4
DA:104,4
DA:105,4
DA:106,4
DA:107,4
DA:108,4
DA:109,4
DA:110,4
DA:111,4
DA:112,4
DA:113,4
DA:114,4
DA:115,4
DA:116,4
DA:117,4
DA:118,4
DA:119,4
DA:120,4
DA:121,4
DA:122,4
DA:123,4
DA:124,4
DA:125,4
DA:126,4
DA:127,4
DA:128,4
DA:129,4
DA:130,4
DA:131,4
DA:134,0
DA:137,4
DA:138,4
DA:139,4
DA:140,4
DA:141,4
DA:142,4
DA:143,4
DA:144,4
DA:145,4
DA:146,4
DA:147,4
DA:148,4
DA:149,4
DA:150,4
DA:151,4
DA:152,4
DA:153,4
DA:154,4
DA:155,4
DA:156,4
DA:157,4
DA:158,4
DA:159,4
DA:160,4
DA:161,4
DA:162,4
DA:163,4
DA:165,4
DA:166,4
DA:167,4
DA:171,3
DA:172,0
DA:175,3
DA:176,3
DA:179,3
DA:180,3
DA:183,3
DA:184,3
DA:187,3
DA:188,3
DA:191,3
DA:192,3
DA:195,3
DA:196,3
DA:202,4
DA:203,4
DA:204,4
DA:208,4
DA:216,4
DA:221,4
DA:222,4
DA:223,4
DA:224,4
DA:225,4
DA:226,4
DA:227,4
DA:228,4
DA:229,4
DA:230,4
DA:231,4
DA:232,4
DA:234,4
DA:235,4
DA:237,4
DA:238,1
DA:241,3
DA:242,3
DA:243,3
DA:245,3
DA:246,3
DA:247,3
DA:251,4
DA:252,4
DA:253,0
DA:256,4
DA:257,0
DA:261,4
DA:263,4
DA:264,8
DA:268,0
DA:269,0
DA:272,4
DA:273,0
DA:274,0
DA:277,4
DA:291,4
DA:292,0
DA:293,0
DA:294,0
DA:295,0
DA:296,0
DA:297,0
DA:298,0
DA:301,4
DA:302,0
DA:305,4
DA:306,7
DA:307,4
DA:311,4
DA:327,4
DA:328,4
DA:330,4
DA:339,0
DA:343,0
DA:344,0
DA:348,0
DA:352,0
DA:353,0
DA:357,2
LF:197
LH:175
BRDA:165,0,0,4
BRDA:165,0,1,0
BRDA:171,1,0,0
BRDA:171,1,1,3
BRDA:171,2,0,3
BRDA:171,2,1,0
BRDA:175,3,0,3
BRDA:175,3,1,0
BRDA:175,4,0,3
BRDA:175,4,1,3
BRDA:179,5,0,3
BRDA:179,5,1,0
BRDA:183,6,0,3
BRDA:183,6,1,0
BRDA:183,7,0,3
BRDA:183,7,1,3
BRDA:187,8,0,3
BRDA:187,8,1,0
BRDA:191,9,0,3
BRDA:191,9,1,0
BRDA:191,10,0,3
BRDA:191,10,1,3
BRDA:195,11,0,3
BRDA:195,11,1,0
BRDA:202,12,0,4
BRDA:202,12,1,0
BRDA:221,13,0,4
BRDA:235,14,0,4
BRDA:235,14,1,1
BRDA:237,15,0,1
BRDA:237,15,1,3
BRDA:245,16,0,3
BRDA:245,16,1,0
BRDA:252,17,0,0
BRDA:252,17,1,4
BRDA:252,18,0,4
BRDA:252,18,1,0
BRDA:252,19,0,0
BRDA:252,19,1,0
BRDA:256,20,0,0
BRDA:256,20,1,4
BRDA:256,21,0,4
BRDA:256,21,1,0
BRDA:256,22,0,0
BRDA:256,22,1,0
BRDA:264,23,0,0
BRDA:264,23,1,8
BRDA:264,24,0,8
BRDA:264,24,1,0
BRDA:264,24,2,0
BRDA:273,25,0,0
BRDA:273,25,1,0
BRDA:274,26,0,0
BRDA:274,26,1,0
BRDA:292,27,0,0
BRDA:292,27,1,0
BRDA:293,28,0,0
BRDA:293,28,1,0
BRDA:294,29,0,0
BRDA:294,29,1,0
BRDA:295,30,0,0
BRDA:295,30,1,0
BRDA:296,31,0,0
BRDA:296,31,1,0
BRDA:297,32,0,0
BRDA:297,32,1,0
BRDA:298,33,0,0
BRDA:298,33,1,0
BRDA:301,34,0,0
BRDA:301,34,1,4
BRDA:301,35,0,4
BRDA:301,35,1,4
BRDA:306,36,0,4
BRDA:306,36,1,3
BRF:74
BRH:33
end_of_record
TN:
SF:src/components/element/index.svelte
FN:8,add_css
FN:12,create_fragment
FN:28,create
FN:56,claim
FN:59,mount
FN:80,update
FN:91,destroy
FN:109,instance
FN:116,play
FN:120,macro
FN:126,(anonymous_10)
FN:134,(anonymous_11)
FN:138,(anonymous_12)
FN:142,(anonymous_13)
FN:144,(anonymous_14)
FN:156,(anonymous_15)
FN:168,(anonymous_16)
FN:172,(anonymous_17)
FNF:18
FNH:0
FNDA:0,add_css
FNDA:0,create_fragment
FNDA:0,create
FNDA:0,claim
FNDA:0,mount
FNDA:0,update
FNDA:0,destroy
FNDA:0,instance
FNDA:0,play
FNDA:0,macro
FNDA:0,(anonymous_10)
FNDA:0,(anonymous_11)
FNDA:0,(anonymous_12)
FNDA:0,(anonymous_13)
FNDA:0,(anonymous_14)
FNDA:0,(anonymous_15)
FNDA:0,(anonymous_16)
FNDA:0,(anonymous_17)
DA:4,1
DA:5,1
DA:6,1
DA:9,0
DA:27,0
DA:29,0
DA:30,0
DA:31,0
DA:32,0
DA:33,0
DA:34,0
DA:35,0
DA:36,0
DA:37,0
DA:38,0
DA:39,0
DA:40,0
DA:41,0
DA:42,0
DA:43,0
DA:44,0
DA:45,0
DA:46,0
DA:47,0
DA:48,0
DA:49,0
DA:50,0
DA:51,0
DA:52,0
DA:53,0
DA:54,0
DA:57,0
DA:60,0
DA:61,0
DA:62,0
DA:63,0
DA:64,0
DA:65,0
DA:66,0
DA:67,0
DA:69,0
DA:70,0
DA:77,0
DA:81,0
DA:82,0
DA:85,0
DA:86,0
DA:92,0
DA:93,0
DA:94,0
DA:98,0
DA:106,0
DA:110,0
DA:111,0
DA:112,0
DA:113,0
DA:117,0
DA:121,0
DA:122,0
DA:123,0
DA:126,0
DA:127,0
DA:128,0
DA:132,0
DA:134,0
DA:135,0
DA:138,0
DA:139,0
DA:142,0
DA:144,0
DA:145,0
DA:148,0
DA:149,0
DA:152,0
DA:157,0
DA:158,0
DA:160,0
DA:169,0
DA:173,0
DA:174,0
DA:178,1
LF:81
LH:4
BRDA:38,0,0,0
BRDA:38,0,1,0
BRDA:69,1,0,0
BRDA:69,1,1,0
BRDA:81,2,0,0
BRDA:81,2,1,0
BRDA:81,3,0,0
BRDA:81,3,1,0
BRDA:85,4,0,0
BRDA:85,4,1,0
BRDA:85,5,0,0
BRDA:85,5,1,0
BRDA:92,6,0,0
BRDA:92,6,1,0
BRDA:110,7,0,0
BRDA:127,8,0,0
BRDA:127,8,1,0
BRDA:127,9,0,0
BRDA:127,9,1,0
BRDA:127,10,0,0
BRDA:127,10,1,0
BRDA:135,11,0,0
BRDA:135,11,1,0
BRDA:135,12,0,0
BRDA:135,12,1,0
BRDA:135,12,2,0
BRDA:139,13,0,0
BRDA:139,13,1,0
BRDA:145,14,0,0
BRDA:145,14,1,0
BRDA:148,15,0,0
BRDA:148,15,1,0
BRDA:148,16,0,0
BRDA:148,16,1,0
BRF:34
BRH:0
end_of_record
TN:
SF:src/components/importer/Mood.svelte
FN:9,add_css
FN:13,create_fragment
FN:44,create
FN:74,claim
FN:77,mount
FN:96,update
FN:106,intro
FN:111,outro
FN:115,destroy
FN:134,instance
FN:142,(anonymous_10)
FN:145,(anonymous_11)
FN:152,(anonymous_12)
FN:157,onSelectMood
FN:169,onPlayMood
FN:177,(anonymous_15)
FN:193,(anonymous_16)
FN:197,(anonymous_17)
FN:203,(anonymous_18)
FN:220,(anonymous_19)
FN:231,(anonymous_20)
FN:252,(anonymous_21)
FN:277,(anonymous_22)
FN:281,(anonymous_23)
FN:286,(anonymous_24)
FN:290,(anonymous_25)
FN:295,(anonymous_26)
FN:299,(anonymous_27)
FNF:28
FNH:0
FNDA:0,add_css
FNDA:0,create_fragment
FNDA:0,create
FNDA:0,claim
FNDA:0,mount
FNDA:0,update
FNDA:0,intro
FNDA:0,outro
FNDA:0,destroy
FNDA:0,instance
FNDA:0,(anonymous_10)
FNDA:0,(anonymous_11)
FNDA:0,(anonymous_12)
FNDA:0,onSelectMood
FNDA:0,onPlayMood
FNDA:0,(anonymous_15)
FNDA:0,(anonymous_16)
FNDA:0,(anonymous_17)
FNDA:0,(anonymous_18)
FNDA:0,(anonymous_19)
FNDA:0,(anonymous_20)
FNDA:0,(anonymous_21)
FNDA:0,(anonymous_22)
FNDA:0,(anonymous_23)
FNDA:0,(anonymous_24)
FNDA:0,(anonymous_25)
FNDA:0,(anonymous_26)
FNDA:0,(anonymous_27)
DA:4,1
DA:5,1
DA:6,1
DA:7,1
DA:10,0
DA:22,0
DA:31,0
DA:41,0
DA:43,0
DA:45,0
DA:46,0
DA:47,0
DA:48,0
DA:49,0
DA:50,0
DA:51,0
DA:52,0
DA:53,0
DA:54,0
DA:55,0
DA:56,0
DA:57,0
DA:58,0
DA:59,0
DA:60,0
DA:61,0
DA:62,0
DA:63,0
DA:64,0
DA:65,0
DA:66,0
DA:67,0
DA:68,0
DA:69,0
DA:70,0
DA:71,0
DA:72,0
DA:75,0
DA:78,0
DA:79,0
DA:80,0
DA:81,0
DA:82,0
DA:83,0
DA:84,0
DA:85,0
DA:86,0
DA:87,0
DA:88,0
DA:89,0
DA:91,0
DA:92,0
DA:93,0
DA:97,0
DA:98,0
DA:101,0
DA:102,0
DA:103,0
DA:104,0
DA:107,0
DA:108,0
DA:109,0
DA:112,0
DA:113,0
DA:116,0
DA:117,0
DA:118,0
DA:119,0
DA:123,0
DA:131,0
DA:137,0
DA:138,0
DA:139,0
DA:140,0
DA:141,0
DA:142,0
DA:143,0
DA:144,0
DA:145,0
DA:146,0
DA:147,0
DA:148,0
DA:149,0
DA:152,0
DA:153,0
DA:158,0
DA:160,0
DA:161,0
DA:163,0
DA:166,0
DA:170,0
DA:171,0
DA:173,0
DA:177,0
DA:178,0
DA:179,0
DA:182,0
DA:183,0
DA:186,0
DA:187,0
DA:191,0
DA:193,0
DA:194,0
DA:197,0
DA:198,0
DA:199,0
DA:200,0
DA:203,0
DA:220,0
DA:221,0
DA:222,0
DA:223,0
DA:224,0
DA:227,0
DA:228,0
DA:231,0
DA:232,0
DA:233,0
DA:237,0
DA:253,0
DA:255,0
DA:269,0
DA:278,0
DA:282,0
DA:283,0
DA:287,0
DA:291,0
DA:292,0
DA:296,0
DA:300,0
DA:301,0
DA:305,1
LF:132
LH:5
BRDA:91,0,0,0
BRDA:91,0,1,0
BRDA:97,1,0,0
BRDA:97,1,1,0
BRDA:97,2,0,0
BRDA:97,2,1,0
BRDA:97,2,2,0
BRDA:101,3,0,0
BRDA:101,3,1,0
BRDA:101,4,0,0
BRDA:101,4,1,0
BRDA:101,4,2,0
BRDA:103,5,0,0
BRDA:103,5,1,0
BRDA:107,6,0,0
BRDA:107,6,1,0
BRDA:116,7,0,0
BRDA:116,7,1,0
BRDA:137,8,0,0
BRDA:160,9,0,0
BRDA:160,9,1,0
BRDA:170,10,0,0
BRDA:170,10,1,0
BRDA:178,11,0,0
BRDA:178,11,1,0
BRDA:178,12,0,0
BRDA:178,12,1,0
BRDA:178,13,0,0
BRDA:178,13,1,0
BRDA:182,14,0,0
BRDA:182,14,1,0
BRDA:182,15,0,0
BRDA:182,15,1,0
BRDA:182,16,0,0
BRDA:182,16,1,0
BRDA:186,17,0,0
BRDA:186,17,1,0
BRDA:186,18,0,0
BRDA:186,18,1,0
BRDA:186,19,0,0
BRDA:186,19,1,0
BRDA:194,20,0,0
BRDA:194,20,1,0
BRDA:194,21,0,0
BRDA:194,21,1,0
BRDA:194,21,2,0
BRDA:198,22,0,0
BRDA:198,22,1,0
BRDA:199,23,0,0
BRDA:199,23,1,0
BRDA:200,24,0,0
BRDA:200,24,1,0
BRDA:221,25,0,0
BRDA:221,25,1,0
BRDA:222,26,0,0
BRDA:222,26,1,0
BRDA:223,27,0,0
BRDA:223,27,1,0
BRDA:224,28,0,0
BRDA:224,28,1,0
BRDA:227,29,0,0
BRDA:227,29,1,0
BRDA:227,30,0,0
BRDA:227,30,1,0
BRDA:232,31,0,0
BRDA:232,31,1,0
BRF:66
BRH:0
end_of_record
TN:
SF:src/components/importer/Soundset.svelte
FN:12,add_css
FN:16,get_each_context
FN:23,create_if_block_1
FN:27,create
FN:32,mount
FN:35,destroy
FN:52,create_if_block
FN:63,(anonymous_7)
FN:63,(anonymous_8)
FN:68,create
FN:75,mount
FN:83,update
FN:112,intro
FN:121,outro
FN:130,destroy
FN:148,create_each_block
FN:162,create
FN:165,mount
FN:169,update
FN:176,intro
FN:181,outro
FN:185,destroy
FN:201,create_fragment
FN:225,create
FN:268,claim
FN:271,mount
FN:302,update
FN:350,(anonymous_27)
FN:357,intro
FN:362,outro
FN:366,destroy
FN:388,instance
FN:395,(anonymous_32)
FN:407,(anonymous_33)
FN:411,(anonymous_34)
FN:412,(anonymous_35)
FN:416,(anonymous_36)
FN:422,(anonymous_37)
FN:428,(anonymous_38)
FN:433,onExpand
FN:442,onSelectSoundset
FN:457,onSoundsetElements
FN:458,(anonymous_42)
FN:466,(anonymous_43)
FN:478,(anonymous_44)
FN:482,(anonymous_45)
FN:487,(anonymous_46)
FN:514,(anonymous_47)
FN:529,(anonymous_48)
FN:569,(anonymous_49)
FN:581,(anonymous_50)
FN:585,(anonymous_51)
FN:590,(anonymous_52)
FN:594,(anonymous_53)
FNF:54
FNH:0
FNDA:0,add_css
FNDA:0,get_each_context
FNDA:0,create_if_block_1
FNDA:0,create
FNDA:0,mount
FNDA:0,destroy
FNDA:0,create_if_block
FNDA:0,(anonymous_7)
FNDA:0,(anonymous_8)
FNDA:0,create
FNDA:0,mount
FNDA:0,update
FNDA:0,intro
FNDA:0,outro
FNDA:0,destroy
FNDA:0,create_each_block
FNDA:0,create
FNDA:0,mount
FNDA:0,update
FNDA:0,intro
FNDA:0,outro
FNDA:0,destroy
FNDA:0,create_fragment
FNDA:0,create
FNDA:0,claim
FNDA:0,mount
FNDA:0,update
FNDA:0,(anonymous_27)
FNDA:0,intro
FNDA:0,outro
FNDA:0,destroy
FNDA:0,instance
FNDA:0,(anonymous_32)
FNDA:0,(anonymous_33)
FNDA:0,(anonymous_34)
FNDA:0,(anonymous_35)
FNDA:0,(anonymous_36)
FNDA:0,(anonymous_37)
FNDA:0,(anonymous_38)
FNDA:0,onExpand
FNDA:0,onSelectSoundset
FNDA:0,onSoundsetElements
FNDA:0,(anonymous_42)
FNDA:0,(anonymous_43)
FNDA:0,(anonymous_44)
FNDA:0,(anonymous_45)
FNDA:0,(anonymous_46)
FNDA:0,(anonymous_47)
FNDA:0,(anonymous_48)
FNDA:0,(anonymous_49)
FNDA:0,(anonymous_50)
FNDA:0,(anonymous_51)
FNDA:0,(anonymous_52)
FNDA:0,(anonymous_53)
DA:4,1
DA:5,1
DA:6,1
DA:7,1
DA:8,1
DA:9,1
DA:10,1
DA:13,0
DA:17,0
DA:18,0
DA:19,0
DA:26,0
DA:28,0
DA:29,0
DA:30,0
DA:33,0
DA:36,0
DA:40,0
DA:48,0
DA:55,0
DA:56,0
DA:57,0
DA:59,0
DA:60,0
DA:63,0
DA:64,0
DA:67,0
DA:69,0
DA:70,0
DA:73,0
DA:76,0
DA:77,0
DA:80,0
DA:81,0
DA:84,0
DA:85,0
DA:86,0
DA:89,0
DA:90,0
DA:92,0
DA:93,0
DA:94,0
DA:96,0
DA:97,0
DA:98,0
DA:99,0
DA:103,0
DA:105,0
DA:106,0
DA:109,0
DA:113,0
DA:115,0
DA:116,0
DA:119,0
DA:122,0
DA:124,0
DA:125,0
DA:128,0
DA:131,0
DA:132,0
DA:136,0
DA:144,0
DA:152,0
DA:161,0
DA:163,0
DA:166,0
DA:167,0
DA:170,0
DA:171,0
DA:172,0
DA:173,0
DA:174,0
DA:177,0
DA:178,0
DA:179,0
DA:182,0
DA:183,0
DA:186,0
DA:190,0
DA:198,0
DA:208,0
DA:221,0
DA:222,0
DA:224,0
DA:226,0
DA:227,0
DA:228,0
DA:229,0
DA:230,0
DA:231,0
DA:232,0
DA:233,0
DA:234,0
DA:235,0
DA:236,0
DA:237,0
DA:238,0
DA:239,0
DA:240,0
DA:241,0
DA:242,0
DA:243,0
DA:244,0
DA:245,0
DA:246,0
DA:247,0
DA:248,0
DA:249,0
DA:250,0
DA:251,0
DA:252,0
DA:253,0
DA:254,0
DA:255,0
DA:256,0
DA:257,0
DA:258,0
DA:259,0
DA:260,0
DA:261,0
DA:262,0
DA:263,0
DA:264,0
DA:265,0
DA:266,0
DA:269,0
DA:272,0
DA:273,0
DA:274,0
DA:275,0
DA:276,0
DA:277,0
DA:278,0
DA:279,0
DA:280,0
DA:281,0
DA:282,0
DA:283,0
DA:284,0
DA:285,0
DA:286,0
DA:287,0
DA:288,0
DA:290,0
DA:291,0
DA:299,0
DA:303,0
DA:304,0
DA:307,0
DA:308,0
DA:311,0
DA:312,0
DA:315,0
DA:317,0
DA:318,0
DA:321,0
DA:322,0
DA:323,0
DA:325,0
DA:326,0
DA:327,0
DA:330,0
DA:331,0
DA:334,0
DA:335,0
DA:336,0
DA:338,0
DA:339,0
DA:342,0
DA:343,0
DA:344,0
DA:345,0
DA:347,0
DA:348,0
DA:350,0
DA:351,0
DA:354,0
DA:358,0
DA:359,0
DA:360,0
DA:363,0
DA:364,0
DA:367,0
DA:368,0
DA:369,0
DA:370,0
DA:371,0
DA:372,0
DA:373,0
DA:377,0
DA:385,0
DA:390,0
DA:391,0
DA:392,0
DA:393,0
DA:394,0
DA:395,0
DA:396,0
DA:397,0
DA:398,0
DA:399,0
DA:400,0
DA:401,0
DA:402,0
DA:403,0
DA:404,0
DA:407,0
DA:408,0
DA:411,0
DA:412,0
DA:413,0
DA:416,0
DA:417,0
DA:422,0
DA:423,0
DA:428,0
DA:429,0
DA:434,0
DA:436,0
DA:437,0
DA:438,0
DA:443,0
DA:444,0
DA:446,0
DA:448,0
DA:449,0
DA:453,0
DA:454,0
DA:458,0
DA:459,0
DA:460,0
DA:463,0
DA:466,0
DA:467,0
DA:468,0
DA:471,0
DA:472,0
DA:476,0
DA:478,0
DA:479,0
DA:482,0
DA:483,0
DA:484,0
DA:487,0
DA:514,0
DA:515,0
DA:516,0
DA:517,0
DA:518,0
DA:519,0
DA:520,0
DA:521,0
DA:522,0
DA:525,0
DA:526,0
DA:529,0
DA:530,0
DA:531,0
DA:534,0
DA:535,0
DA:538,0
DA:539,0
DA:542,0
DA:543,0
DA:546,0
DA:547,0
DA:551,0
DA:570,0
DA:571,0
DA:573,0
DA:582,0
DA:586,0
DA:587,0
DA:591,0
DA:595,0
DA:596,0
DA:600,1
LF:277
LH:8
BRDA:36,0,0,0
BRDA:36,0,1,0
BRDA:84,1,0,0
BRDA:84,1,1,0
BRDA:92,2,0,0
BRDA:92,2,1,0
BRDA:113,3,0,0
BRDA:113,3,1,0
BRDA:132,4,0,0
BRDA:132,4,1,0
BRDA:171,5,0,0
BRDA:171,5,1,0
BRDA:172,6,0,0
BRDA:172,6,1,0
BRDA:173,7,0,0
BRDA:173,7,1,0
BRDA:177,8,0,0
BRDA:177,8,1,0
BRDA:221,9,0,0
BRDA:221,9,1,0
BRDA:222,10,0,0
BRDA:222,10,1,0
BRDA:234,11,0,0
BRDA:234,11,1,0
BRDA:240,12,0,0
BRDA:240,12,1,0
BRDA:280,13,0,0
BRDA:280,13,1,0
BRDA:286,14,0,0
BRDA:286,14,1,0
BRDA:290,15,0,0
BRDA:290,15,1,0
BRDA:303,16,0,0
BRDA:303,16,1,0
BRDA:303,17,0,0
BRDA:303,17,1,0
BRDA:307,18,0,0
BRDA:307,18,1,0
BRDA:307,19,0,0
BRDA:307,19,1,0
BRDA:311,20,0,0
BRDA:311,20,1,0
BRDA:311,21,0,0
BRDA:311,21,1,0
BRDA:315,22,0,0
BRDA:315,22,1,0
BRDA:315,23,0,0
BRDA:315,23,1,0
BRDA:315,23,2,0
BRDA:317,24,0,0
BRDA:317,24,1,0
BRDA:318,25,0,0
BRDA:318,25,1,0
BRDA:325,26,0,0
BRDA:325,26,1,0
BRDA:330,27,0,0
BRDA:330,27,1,0
BRDA:330,28,0,0
BRDA:330,28,1,0
BRDA:334,29,0,0
BRDA:334,29,1,0
BRDA:335,30,0,0
BRDA:335,30,1,0
BRDA:338,31,0,0
BRDA:338,31,1,0
BRDA:347,32,0,0
BRDA:347,32,1,0
BRDA:358,33,0,0
BRDA:358,33,1,0
BRDA:367,34,0,0
BRDA:367,34,1,0
BRDA:368,35,0,0
BRDA:368,35,1,0
BRDA:369,36,0,0
BRDA:369,36,1,0
BRDA:370,37,0,0
BRDA:370,37,1,0
BRDA:371,38,0,0
BRDA:371,38,1,0
BRDA:390,39,0,0
BRDA:413,40,0,0
BRDA:413,40,1,0
BRDA:417,41,0,0
BRDA:417,41,1,0
BRDA:423,42,0,0
BRDA:423,42,1,0
BRDA:436,43,0,0
BRDA:436,43,1,0
BRDA:443,44,0,0
BRDA:443,44,1,0
BRDA:467,45,0,0
BRDA:467,45,1,0
BRDA:467,46,0,0
BRDA:467,46,1,0
BRDA:467,47,0,0
BRDA:467,47,1,0
BRDA:471,48,0,0
BRDA:471,48,1,0
BRDA:471,49,0,0
BRDA:471,49,1,0
BRDA:471,50,0,0
BRDA:471,50,1,0
BRDA:479,51,0,0
BRDA:479,51,1,0
BRDA:479,52,0,0
BRDA:479,52,1,0
BRDA:479,52,2,0
BRDA:483,53,0,0
BRDA:483,53,1,0
BRDA:484,54,0,0
BRDA:484,54,1,0
BRDA:515,55,0,0
BRDA:515,55,1,0
BRDA:516,56,0,0
BRDA:516,56,1,0
BRDA:517,57,0,0
BRDA:517,57,1,0
BRDA:518,58,0,0
BRDA:518,58,1,0
BRDA:519,59,0,0
BRDA:519,59,1,0
BRDA:520,60,0,0
BRDA:520,60,1,0
BRDA:521,61,0,0
BRDA:521,61,1,0
BRDA:522,62,0,0
BRDA:522,62,1,0
BRDA:525,63,0,0
BRDA:525,63,1,0
BRDA:525,64,0,0
BRDA:525,64,1,0
BRDA:530,65,0,0
BRDA:530,65,1,0
BRDA:534,66,0,0
BRDA:534,66,1,0
BRDA:538,67,0,0
BRDA:538,67,1,0
BRDA:542,68,0,0
BRDA:542,68,1,0
BRDA:546,69,0,0
BRDA:546,69,1,0
BRF:141
BRH:0
end_of_record
TN:
SF:src/models/api.ts
FNF:0
FNH:0
DA:2,0
LF:1
LH:0
BRF:0
BRH:0
end_of_record
TN:
SF:src/models/index.ts
FN:2,(anonymous_0)
FN:6,(anonymous_1)
FN:9,(anonymous_2)
FN:13,(anonymous_3)
FNF:4
FNH:0
FNDA:0,(anonymous_0)
FNDA:0,(anonymous_1)
FNDA:0,(anonymous_2)
FNDA:0,(anonymous_3)
DA:2,0
DA:3,0
DA:4,0
DA:5,0
DA:6,0
DA:8,0
DA:10,0
DA:11,0
DA:13,0
DA:14,0
DA:16,0
DA:17,0
DA:18,0
LF:13
LH:0
BRDA:2,0,0,0
BRDA:2,0,1,0
BRDA:2,0,2,0
BRDA:2,1,0,0
BRDA:2,1,1,0
BRDA:3,2,0,0
BRDA:3,2,1,0
BRDA:5,3,0,0
BRDA:5,3,1,0
BRDA:5,4,0,0
BRDA:5,4,1,0
BRDA:5,5,0,0
BRDA:5,5,1,0
BRDA:5,6,0,0
BRDA:5,6,1,0
BRDA:10,7,0,0
BRDA:10,7,1,0
BRDA:13,8,0,0
BRDA:13,8,1,0
BRDA:13,8,2,0
BRDA:14,9,0,0
BRDA:14,9,1,0
BRDA:14,10,0,0
BRDA:14,10,1,0
BRF:24
BRH:0
end_of_record
TN:
SF:src/models/store.ts
FNF:0
FNH:0
DA:2,0
LF:1
LH:0
BRF:0
BRH:0
end_of_record
TN:
SF:src/services/api.ts
FN:2,(anonymous_0)
FN:8,(anonymous_1)
FN:11,(anonymous_2)
FN:12,(anonymous_3)
FN:19,api
FN:25,(anonymous_5)
FN:28,(anonymous_6)
FN:31,(anonymous_7)
FN:35,(anonymous_8)
FN:40,(anonymous_9)
FN:44,(anonymous_10)
FN:46,(anonymous_11)
FN:50,(anonymous_12)
FN:55,(anonymous_13)
FN:60,(anonymous_14)
FN:70,(anonymous_15)
FN:75,(anonymous_16)
FN:80,(anonymous_17)
FN:81,(anonymous_18)
FN:90,(anonymous_19)
FN:96,(anonymous_20)
FN:105,(anonymous_21)
FN:108,(anonymous_22)
FN:111,(anonymous_23)
FN:114,(anonymous_24)
FN:118,(anonymous_25)
FN:122,(anonymous_26)
FN:126,(anonymous_27)
FN:130,(anonymous_28)
FN:133,(anonymous_29)
FNF:30
FNH:7
FNDA:3,(anonymous_0)
FNDA:3,(anonymous_1)
FNDA:3,(anonymous_2)
FNDA:3,(anonymous_3)
FNDA:0,api
FNDA:8,(anonymous_5)
FNDA:0,(anonymous_6)
FNDA:4,(anonymous_7)
FNDA:0,(anonymous_8)
FNDA:0,(anonymous_9)
FNDA:0,(anonymous_10)
FNDA:0,(anonymous_11)
FNDA:0,(anonymous_12)
FNDA:0,(anonymous_13)
FNDA:0,(anonymous_14)
FNDA:0,(anonymous_15)
FNDA:0,(anonymous_16)
FNDA:0,(anonymous_17)
FNDA:0,(anonymous_18)
FNDA:3,(anonymous_19)
FNDA:0,(anonymous_20)
FNDA:0,(anonymous_21)
FNDA:0,(anonymous_22)
FNDA:0,(anonymous_23)
FNDA:0,(anonymous_24)
FNDA:0,(anonymous_25)
FNDA:0,(anonymous_26)
FNDA:0,(anonymous_27)
FNDA:0,(anonymous_28)
FNDA:0,(anonymous_29)
DA:2,3
DA:3,3
DA:4,3
DA:5,0
DA:6,3
DA:8,3
DA:9,3
DA:11,3
DA:12,3
DA:14,3
DA:15,3
DA:16,3
DA:17,3
DA:18,3
DA:20,0
DA:22,3
DA:23,3
DA:26,8
DA:29,0
DA:32,4
DA:33,4
DA:37,0
DA:39,0
DA:41,0
DA:44,0
DA:46,0
DA:51,0
DA:52,0
DA:57,0
DA:59,0
DA:61,0
DA:71,0
DA:72,0
DA:77,0
DA:79,0
DA:80,0
DA:82,0
DA:92,3
DA:94,3
DA:97,0
DA:106,0
DA:109,0
DA:112,0
DA:116,0
DA:120,0
DA:124,0
DA:128,0
DA:131,0
DA:134,0
DA:137,3
DA:142,3
LF:51
LH:22
BRDA:2,0,0,3
BRDA:2,0,1,3
BRDA:2,0,2,3
BRDA:3,1,0,3
BRDA:3,1,1,0
BRDA:3,2,0,0
BRDA:3,2,1,0
BRDA:4,3,0,3
BRDA:4,3,1,0
BRDA:4,4,0,3
BRDA:4,4,1,3
BRDA:5,5,0,0
BRDA:5,5,1,0
BRDA:5,6,0,0
BRDA:5,6,1,0
BRDA:5,7,0,0
BRDA:5,7,1,0
BRDA:5,8,0,0
BRDA:5,8,1,0
BRDA:6,9,0,3
BRDA:6,9,1,0
BRDA:6,9,2,0
BRDA:8,10,0,3
BRDA:8,10,1,3
BRDA:8,10,2,3
BRDA:9,11,0,3
BRDA:9,11,1,0
BRDA:9,12,0,3
BRDA:9,12,1,3
BRDA:11,13,0,3
BRDA:11,13,1,3
BRDA:11,13,2,3
BRDA:86,14,0,0
BRDA:86,14,1,0
BRDA:101,15,0,0
BRDA:101,15,1,0
BRF:36
BRH:17
end_of_record
TN:
SF:src/services/context.ts
FN:2,(anonymous_0)
FN:8,(anonymous_1)
FN:11,(anonymous_2)
FN:12,(anonymous_3)
FN:28,(anonymous_4)
FN:35,(anonymous_5)
FN:49,resolve
FN:59,context
FNF:8
FNH:6
FNDA:3,(anonymous_0)
FNDA:3,(anonymous_1)
FNDA:3,(anonymous_2)
FNDA:3,(anonymous_3)
FNDA:8,(anonymous_4)
FNDA:0,(anonymous_5)
FNDA:0,resolve
FNDA:8,context
DA:2,3
DA:3,3
DA:4,3
DA:5,0
DA:6,3
DA:8,3
DA:9,3
DA:11,3
DA:12,3
DA:14,3
DA:15,3
DA:16,3
DA:17,3
DA:18,3
DA:19,3
DA:20,3
DA:21,3
DA:22,3
DA:29,8
DA:30,8
DA:31,8
DA:32,8
DA:33,8
DA:36,0
DA:37,0
DA:40,3
DA:48,3
DA:55,0
DA:58,3
DA:60,8
DA:62,3
LF:31
LH:27
BRDA:2,0,0,3
BRDA:2,0,1,3
BRDA:2,0,2,3
BRDA:3,1,0,3
BRDA:3,1,1,0
BRDA:3,2,0,0
BRDA:3,2,1,0
BRDA:4,3,0,3
BRDA:4,3,1,0
BRDA:4,4,0,3
BRDA:4,4,1,3
BRDA:5,5,0,0
BRDA:5,5,1,0
BRDA:5,6,0,0
BRDA:5,6,1,0
BRDA:5,7,0,0
BRDA:5,7,1,0
BRDA:5,8,0,0
BRDA:5,8,1,0
BRDA:6,9,0,3
BRDA:6,9,1,0
BRDA:6,9,2,0
BRDA:8,10,0,3
BRDA:8,10,1,3
BRDA:8,10,2,3
BRDA:9,11,0,3
BRDA:9,11,1,0
BRDA:9,12,0,3
BRDA:9,12,1,3
BRDA:11,13,0,3
BRDA:11,13,1,3
BRDA:11,13,2,3
BRF:32
BRH:17
end_of_record
TN:
SF:src/services/game.ts
FN:2,(anonymous_0)
FN:8,(anonymous_1)
FN:21,(anonymous_2)
FN:24,(anonymous_3)
FN:27,(anonymous_4)
FN:30,(anonymous_5)
FN:33,(anonymous_6)
FN:36,(anonymous_7)
FN:42,(anonymous_8)
FN:48,(anonymous_9)
FN:53,(anonymous_10)
FN:56,(anonymous_11)
FN:59,(anonymous_12)
FN:62,(anonymous_13)
FN:63,(anonymous_14)
FN:65,(anonymous_15)
FN:68,(anonymous_16)
FN:71,(anonymous_17)
FN:74,(anonymous_18)
FN:77,(anonymous_19)
FN:80,(anonymous_20)
FN:83,(anonymous_21)
FN:86,(anonymous_22)
FN:89,(anonymous_23)
FN:94,(anonymous_24)
FN:108,(anonymous_25)
FN:123,(anonymous_26)
FN:138,(anonymous_27)
FN:151,(anonymous_28)
FN:152,waitForCtx
FN:161,(anonymous_30)
FN:171,(anonymous_31)
FN:186,getGame
FNF:33
FNH:0
FNDA:0,(anonymous_0)
FNDA:0,(anonymous_1)
FNDA:0,(anonymous_2)
FNDA:0,(anonymous_3)
FNDA:0,(anonymous_4)
FNDA:0,(anonymous_5)
FNDA:0,(anonymous_6)
FNDA:0,(anonymous_7)
FNDA:0,(anonymous_8)
FNDA:0,(anonymous_9)
FNDA:0,(anonymous_10)
FNDA:0,(anonymous_11)
FNDA:0,(anonymous_12)
FNDA:0,(anonymous_13)
FNDA:0,(anonymous_14)
FNDA:0,(anonymous_15)
FNDA:0,(anonymous_16)
FNDA:0,(anonymous_17)
FNDA:0,(anonymous_18)
FNDA:0,(anonymous_19)
FNDA:0,(anonymous_20)
FNDA:0,(anonymous_21)
FNDA:0,(anonymous_22)
FNDA:0,(anonymous_23)
FNDA:0,(anonymous_24)
FNDA:0,(anonymous_25)
FNDA:0,(anonymous_26)
FNDA:0,(anonymous_27)
FNDA:0,(anonymous_28)
FNDA:0,waitForCtx
FNDA:0,(anonymous_30)
FNDA:0,(anonymous_31)
FNDA:0,getGame
DA:2,0
DA:3,0
DA:4,0
DA:5,0
DA:6,0
DA:8,0
DA:9,0
DA:11,0
DA:12,0
DA:14,0
DA:15,0
DA:16,0
DA:17,0
DA:18,0
DA:19,0
DA:22,0
DA:25,0
DA:28,0
DA:31,0
DA:34,0
DA:37,0
DA:38,0
DA:40,0
DA:43,0
DA:44,0
DA:46,0
DA:49,0
DA:54,0
DA:57,0
DA:60,0
DA:63,0
DA:66,0
DA:69,0
DA:72,0
DA:75,0
DA:78,0
DA:81,0
DA:84,0
DA:87,0
DA:90,0
DA:91,0
DA:92,0
DA:95,0
DA:106,0
DA:109,0
DA:121,0
DA:124,0
DA:136,0
DA:139,0
DA:140,0
DA:141,0
DA:143,0
DA:144,0
DA:145,0
DA:146,0
DA:147,0
DA:151,0
DA:152,0
DA:153,0
DA:154,0
DA:155,0
DA:156,0
DA:162,0
DA:169,0
DA:172,0
DA:178,0
DA:181,0
DA:185,0
DA:187,0
DA:188,0
DA:190,0
DA:192,0
LF:72
LH:0
BRDA:2,0,0,0
BRDA:2,0,1,0
BRDA:2,0,2,0
BRDA:3,1,0,0
BRDA:3,1,1,0
BRDA:3,2,0,0
BRDA:3,2,1,0
BRDA:4,3,0,0
BRDA:4,3,1,0
BRDA:4,4,0,0
BRDA:4,4,1,0
BRDA:5,5,0,0
BRDA:5,5,1,0
BRDA:5,6,0,0
BRDA:5,6,1,0
BRDA:5,7,0,0
BRDA:5,7,1,0
BRDA:5,8,0,0
BRDA:5,8,1,0
BRDA:6,9,0,0
BRDA:6,9,1,0
BRDA:6,9,2,0
BRDA:8,10,0,0
BRDA:8,10,1,0
BRDA:8,10,2,0
BRDA:9,11,0,0
BRDA:9,11,1,0
BRDA:9,12,0,0
BRDA:9,12,1,0
BRDA:24,13,0,0
BRDA:31,14,0,0
BRDA:31,14,1,0
BRDA:37,15,0,0
BRDA:37,15,1,0
BRDA:43,16,0,0
BRDA:43,16,1,0
BRDA:141,17,0,0
BRDA:141,17,1,0
BRDA:145,18,0,0
BRDA:145,18,1,0
BRDA:154,19,0,0
BRDA:154,19,1,0
BRDA:187,20,0,0
BRDA:187,20,1,0
BRF:44
BRH:0
end_of_record
TN:
SF:src/services/raw.ts
FN:2,(anonymous_0)
FN:8,(anonymous_1)
FN:11,(anonymous_2)
FN:12,(anonymous_3)
FN:25,(anonymous_4)
FN:29,(anonymous_5)
FN:40,(anonymous_6)
FN:42,(anonymous_7)
FN:51,(anonymous_8)
FN:58,(anonymous_9)
FN:58,(anonymous_10)
FN:96,(anonymous_11)
FN:117,(anonymous_12)
FN:124,(anonymous_13)
FN:130,(anonymous_14)
FN:133,(anonymous_15)
FN:137,(anonymous_16)
FN:141,(anonymous_17)
FN:145,(anonymous_18)
FN:146,(anonymous_19)
FN:148,(anonymous_20)
FN:151,(anonymous_21)
FN:154,(anonymous_22)
FN:167,(anonymous_23)
FN:174,(anonymous_24)
FN:175,(anonymous_25)
FN:177,(anonymous_26)
FN:178,(anonymous_27)
FN:180,(anonymous_28)
FN:181,(anonymous_29)
FN:183,(anonymous_30)
FN:184,(anonymous_31)
FN:186,(anonymous_32)
FN:187,(anonymous_33)
FN:189,(anonymous_34)
FN:201,(anonymous_35)
FN:204,(anonymous_36)
FN:214,(anonymous_37)
FN:216,(anonymous_38)
FN:224,(anonymous_39)
FNF:40
FNH:0
FNDA:0,(anonymous_0)
FNDA:0,(anonymous_1)
FNDA:0,(anonymous_2)
FNDA:0,(anonymous_3)
FNDA:0,(anonymous_4)
FNDA:0,(anonymous_5)
FNDA:0,(anonymous_6)
FNDA:0,(anonymous_7)
FNDA:0,(anonymous_8)
FNDA:0,(anonymous_9)
FNDA:0,(anonymous_10)
FNDA:0,(anonymous_11)
FNDA:0,(anonymous_12)
FNDA:0,(anonymous_13)
FNDA:0,(anonymous_14)
FNDA:0,(anonymous_15)
FNDA:0,(anonymous_16)
FNDA:0,(anonymous_17)
FNDA:0,(anonymous_18)
FNDA:0,(anonymous_19)
FNDA:0,(anonymous_20)
FNDA:0,(anonymous_21)
FNDA:0,(anonymous_22)
FNDA:0,(anonymous_23)
FNDA:0,(anonymous_24)
FNDA:0,(anonymous_25)
FNDA:0,(anonymous_26)
FNDA:0,(anonymous_27)
FNDA:0,(anonymous_28)
FNDA:0,(anonymous_29)
FNDA:0,(anonymous_30)
FNDA:0,(anonymous_31)
FNDA:0,(anonymous_32)
FNDA:0,(anonymous_33)
FNDA:0,(anonymous_34)
FNDA:0,(anonymous_35)
FNDA:0,(anonymous_36)
FNDA:0,(anonymous_37)
FNDA:0,(anonymous_38)
FNDA:0,(anonymous_39)
DA:2,0
DA:3,0
DA:4,0
DA:5,0
DA:6,0
DA:8,0
DA:9,0
DA:11,0
DA:12,0
DA:14,0
DA:15,0
DA:16,0
DA:17,0
DA:18,0
DA:19,0
DA:22,0
DA:23,0
DA:26,0
DA:27,0
DA:30,0
DA:31,0
DA:33,0
DA:34,0
DA:35,0
DA:36,0
DA:37,0
DA:38,0
DA:40,0
DA:41,0
DA:44,0
DA:45,0
DA:46,0
DA:47,0
DA:48,0
DA:49,0
DA:50,0
DA:51,0
DA:52,0
DA:53,0
DA:57,0
DA:58,0
DA:59,0
DA:60,0
DA:61,0
DA:62,0
DA:63,0
DA:64,0
DA:65,0
DA:67,0
DA:68,0
DA:71,0
DA:72,0
DA:73,0
DA:74,0
DA:76,0
DA:77,0
DA:82,0
DA:83,0
DA:94,0
DA:98,0
DA:119,0
DA:125,0
DA:126,0
DA:128,0
DA:131,0
DA:135,0
DA:139,0
DA:143,0
DA:146,0
DA:149,0
DA:152,0
DA:155,0
DA:156,0
DA:157,0
DA:159,0
DA:168,0
DA:169,0
DA:170,0
DA:171,0
DA:172,0
DA:175,0
DA:178,0
DA:181,0
DA:184,0
DA:187,0
DA:190,0
DA:191,0
DA:192,0
DA:193,0
DA:194,0
DA:195,0
DA:196,0
DA:197,0
DA:201,0
DA:205,0
DA:206,0
DA:207,0
DA:208,0
DA:209,0
DA:210,0
DA:211,0
DA:212,0
DA:215,0
DA:216,0
DA:217,0
DA:220,0
DA:221,0
DA:225,0
DA:226,0
DA:227,0
DA:230,0
DA:231,0
DA:234,0
DA:237,0
DA:242,0
LF:115
LH:0
BRDA:2,0,0,0
BRDA:2,0,1,0
BRDA:2,0,2,0
BRDA:3,1,0,0
BRDA:3,1,1,0
BRDA:3,2,0,0
BRDA:3,2,1,0
BRDA:4,3,0,0
BRDA:4,3,1,0
BRDA:4,4,0,0
BRDA:4,4,1,0
BRDA:5,5,0,0
BRDA:5,5,1,0
BRDA:5,6,0,0
BRDA:5,6,1,0
BRDA:5,7,0,0
BRDA:5,7,1,0
BRDA:5,8,0,0
BRDA:5,8,1,0
BRDA:6,9,0,0
BRDA:6,9,1,0
BRDA:6,9,2,0
BRDA:8,10,0,0
BRDA:8,10,1,0
BRDA:8,10,2,0
BRDA:9,11,0,0
BRDA:9,11,1,0
BRDA:9,12,0,0
BRDA:9,12,1,0
BRDA:11,13,0,0
BRDA:11,13,1,0
BRDA:11,13,2,0
BRDA:30,14,0,0
BRDA:30,14,1,0
BRDA:37,15,0,0
BRDA:37,15,1,0
BRDA:49,16,0,0
BRDA:49,16,1,0
BRDA:64,17,0,0
BRDA:64,17,1,0
BRDA:64,18,0,0
BRDA:64,18,1,0
BRDA:73,19,0,0
BRDA:73,19,1,0
BRDA:125,20,0,0
BRDA:125,20,1,0
BRDA:156,21,0,0
BRDA:156,21,1,0
BRDA:156,22,0,0
BRDA:156,22,1,0
BRDA:169,23,0,0
BRDA:169,23,1,0
BRDA:169,24,0,0
BRDA:169,24,1,0
BRDA:191,25,0,0
BRDA:191,25,1,0
BRDA:191,26,0,0
BRDA:191,26,1,0
BRDA:206,27,0,0
BRDA:206,27,1,0
BRDA:206,28,0,0
BRDA:206,28,1,0
BRDA:225,29,0,0
BRDA:225,29,1,0
BRDA:226,30,0,0
BRDA:226,30,1,0
BRF:66
BRH:0
end_of_record
TN:
SF:src/services/stores.ts
FN:2,(anonymous_0)
FN:8,(anonymous_1)
FN:11,(anonymous_2)
FN:12,(anonymous_3)
FN:14,(anonymous_4)
FN:47,(anonymous_5)
FN:59,(anonymous_6)
FN:60,(anonymous_7)
FN:75,(anonymous_8)
FN:87,(anonymous_9)
FN:93,(anonymous_10)
FN:95,(anonymous_11)
FN:105,(anonymous_12)
FN:109,(anonymous_13)
FN:120,(anonymous_14)
FN:123,(anonymous_15)
FN:141,(anonymous_16)
FN:142,(anonymous_17)
FN:150,(anonymous_18)
FN:155,(anonymous_19)
FN:164,(anonymous_20)
FN:177,(anonymous_21)
FN:181,(anonymous_22)
FN:196,(anonymous_23)
FN:200,(anonymous_24)
FN:218,(anonymous_25)
FN:222,(anonymous_26)
FN:229,(anonymous_27)
FN:242,(anonymous_28)
FN:249,delayed
FN:253,(anonymous_30)
FN:259,(anonymous_31)
FN:263,(anonymous_32)
FN:268,(anonymous_33)
FN:277,deduped_readable
FN:278,(anonymous_35)
FN:280,(anonymous_36)
FN:295,createFoundryStore
FN:297,(anonymous_38)
FN:303,(anonymous_39)
FN:310,(anonymous_40)
FN:314,(anonymous_41)
FN:317,(anonymous_42)
FN:318,(anonymous_43)
FN:324,(anonymous_44)
FN:329,(anonymous_45)
FN:336,(anonymous_46)
FNF:47
FNH:17
FNDA:3,(anonymous_0)
FNDA:3,(anonymous_1)
FNDA:3,(anonymous_2)
FNDA:3,(anonymous_3)
FNDA:3,(anonymous_4)
FNDA:8,(anonymous_5)
FNDA:0,(anonymous_6)
FNDA:0,(anonymous_7)
FNDA:0,(anonymous_8)
FNDA:0,(anonymous_9)
FNDA:0,(anonymous_10)
FNDA:0,(anonymous_11)
FNDA:0,(anonymous_12)
FNDA:0,(anonymous_13)
FNDA:0,(anonymous_14)
FNDA:4,(anonymous_15)
FNDA:0,(anonymous_16)
FNDA:0,(anonymous_17)
FNDA:0,(anonymous_18)
FNDA:0,(anonymous_19)
FNDA:4,(anonymous_20)
FNDA:0,(anonymous_21)
FNDA:4,(anonymous_22)
FNDA:0,(anonymous_23)
FNDA:0,(anonymous_24)
FNDA:8,(anonymous_25)
FNDA:0,(anonymous_26)
FNDA:0,(anonymous_27)
FNDA:8,(anonymous_28)
FNDA:8,delayed
FNDA:0,(anonymous_30)
FNDA:0,(anonymous_31)
FNDA:0,(anonymous_32)
FNDA:0,(anonymous_33)
FNDA:24,deduped_readable
FNDA:0,(anonymous_35)
FNDA:0,(anonymous_36)
FNDA:40,createFoundryStore
FNDA:40,(anonymous_38)
FNDA:10,(anonymous_39)
FNDA:10,(anonymous_40)
FNDA:0,(anonymous_41)
FNDA:0,(anonymous_42)
FNDA:0,(anonymous_43)
FNDA:0,(anonymous_44)
FNDA:0,(anonymous_45)
FNDA:0,(anonymous_46)
DA:2,3
DA:3,3
DA:4,3
DA:5,0
DA:6,3
DA:8,3
DA:9,3
DA:11,3
DA:12,3
DA:14,3
DA:15,3
DA:17,3
DA:18,3
DA:19,3
DA:20,3
DA:21,3
DA:22,3
DA:23,3
DA:30,3
DA:48,8
DA:49,8
DA:50,8
DA:51,8
DA:52,8
DA:53,8
DA:54,8
DA:55,8
DA:56,8
DA:57,8
DA:58,8
DA:59,8
DA:60,0
DA:61,0
DA:62,0
DA:63,0
DA:65,0
DA:66,0
DA:67,0
DA:72,0
DA:75,8
DA:77,0
DA:78,0
DA:79,0
DA:81,0
DA:82,0
DA:83,0
DA:85,0
DA:87,8
DA:89,0
DA:90,0
DA:91,0
DA:93,0
DA:94,0
DA:95,0
DA:96,0
DA:97,0
DA:98,0
DA:106,0
DA:107,0
DA:110,0
DA:111,0
DA:112,0
DA:113,0
DA:114,0
DA:115,0
DA:116,0
DA:117,0
DA:118,0
DA:121,0
DA:124,4
DA:125,4
DA:126,4
DA:127,4
DA:128,4
DA:129,1
DA:131,3
DA:132,3
DA:133,0
DA:135,3
DA:136,3
DA:138,3
DA:139,3
DA:140,3
DA:141,3
DA:142,0
DA:143,0
DA:144,0
DA:148,3
DA:151,0
DA:152,0
DA:153,0
DA:155,0
DA:156,0
DA:157,0
DA:158,0
DA:159,0
DA:160,0
DA:162,0
DA:166,4
DA:167,1
DA:168,3
DA:169,0
DA:171,3
DA:172,3
DA:173,0
DA:175,3
DA:178,0
DA:179,0
DA:183,4
DA:184,1
DA:185,3
DA:186,0
DA:187,3
DA:188,0
DA:190,3
DA:191,3
DA:192,3
DA:194,0
DA:197,0
DA:198,0
DA:201,0
DA:203,0
DA:204,0
DA:205,0
DA:208,3
DA:213,3
DA:215,8
DA:219,8
DA:220,8
DA:224,0
DA:225,0
DA:227,0
DA:230,0
DA:231,0
DA:233,0
DA:236,3
DA:243,8
DA:244,8
DA:245,8
DA:248,3
DA:250,8
DA:251,8
DA:252,8
DA:253,8
DA:254,0
DA:255,0
DA:256,0
DA:259,8
DA:260,0
DA:261,0
DA:263,8
DA:264,0
DA:265,0
DA:266,0
DA:268,8
DA:269,0
DA:271,8
DA:278,24
DA:279,0
DA:280,0
DA:281,0
DA:282,0
DA:284,0
DA:287,0
DA:290,24
DA:294,3
DA:296,40
DA:297,40
DA:298,40
DA:299,0
DA:301,40
DA:303,40
DA:304,10
DA:305,10
DA:308,40
DA:309,40
DA:310,40
DA:311,10
DA:312,10
DA:314,40
DA:315,0
DA:317,40
DA:318,0
DA:319,0
DA:320,0
DA:321,0
DA:324,40
DA:325,0
DA:326,0
DA:327,0
DA:329,40
DA:330,0
DA:331,0
DA:332,0
DA:333,0
DA:336,40
DA:337,0
DA:339,40
LF:198
LH:99
BRDA:2,0,0,3
BRDA:2,0,1,3
BRDA:2,0,2,3
BRDA:3,1,0,3
BRDA:3,1,1,0
BRDA:3,2,0,0
BRDA:3,2,1,0
BRDA:4,3,0,3
BRDA:4,3,1,0
BRDA:4,4,0,3
BRDA:4,4,1,3
BRDA:5,5,0,0
BRDA:5,5,1,0
BRDA:5,6,0,0
BRDA:5,6,1,0
BRDA:5,7,0,0
BRDA:5,7,1,0
BRDA:5,8,0,0
BRDA:5,8,1,0
BRDA:6,9,0,3
BRDA:6,9,1,0
BRDA:6,9,2,0
BRDA:8,10,0,3
BRDA:8,10,1,3
BRDA:8,10,2,3
BRDA:9,11,0,3
BRDA:9,11,1,0
BRDA:9,12,0,3
BRDA:9,12,1,3
BRDA:11,13,0,3
BRDA:11,13,1,3
BRDA:11,13,2,3
BRDA:14,14,0,3
BRDA:14,14,1,3
BRDA:14,14,2,3
BRDA:15,15,0,0
BRDA:15,15,1,3
BRDA:15,16,0,3
BRDA:15,16,1,3
BRDA:62,17,0,0
BRDA:62,17,1,0
BRDA:63,18,0,0
BRDA:77,19,0,0
BRDA:77,19,1,0
BRDA:81,20,0,0
BRDA:81,20,1,0
BRDA:89,21,0,0
BRDA:89,21,1,0
BRDA:94,22,0,0
BRDA:94,22,1,0
BRDA:96,23,0,0
BRDA:96,23,1,0
BRDA:128,24,0,1
BRDA:128,24,1,3
BRDA:132,25,0,0
BRDA:132,25,1,3
BRDA:135,26,0,3
BRDA:135,26,1,0
BRDA:138,27,0,3
BRDA:138,27,1,0
BRDA:166,28,0,1
BRDA:166,28,1,3
BRDA:168,29,0,0
BRDA:168,29,1,3
BRDA:172,30,0,0
BRDA:172,30,1,3
BRDA:183,31,0,1
BRDA:183,31,1,3
BRDA:185,32,0,0
BRDA:185,32,1,3
BRDA:187,33,0,0
BRDA:187,33,1,3
BRDA:191,34,0,3
BRDA:191,34,1,0
BRDA:203,35,0,0
BRDA:203,35,1,0
BRDA:224,36,0,0
BRDA:224,36,1,0
BRDA:230,37,0,0
BRDA:230,37,1,0
BRDA:254,38,0,0
BRDA:254,38,1,0
BRDA:281,39,0,0
BRDA:281,39,1,0
BRDA:281,40,0,0
BRDA:281,40,1,0
BRDA:298,41,0,0
BRDA:298,41,1,40
BRDA:304,42,0,10
BRDA:304,42,1,0
BRDA:330,43,0,0
BRDA:330,43,1,0
BRF:92
BRH:39
end_of_record
TN:
SF:src/services/syrin.ts
FN:2,(anonymous_0)
FN:8,(anonymous_1)
FN:11,(anonymous_2)
FN:12,(anonymous_3)
FN:23,(anonymous_4)
FN:34,(anonymous_5)
FN:40,(anonymous_6)
FN:46,(anonymous_7)
FN:54,(anonymous_8)
FN:63,(anonymous_9)
FN:70,(anonymous_10)
FN:72,(anonymous_11)
FN:78,(anonymous_12)
FN:83,(anonymous_13)
FN:91,(anonymous_14)
FNF:15
FNH:6
FNDA:3,(anonymous_0)
FNDA:3,(anonymous_1)
FNDA:3,(anonymous_2)
FNDA:3,(anonymous_3)
FNDA:3,(anonymous_4)
FNDA:8,(anonymous_5)
FNDA:0,(anonymous_6)
FNDA:0,(anonymous_7)
FNDA:0,(anonymous_8)
FNDA:0,(anonymous_9)
FNDA:0,(anonymous_10)
FNDA:0,(anonymous_11)
FNDA:0,(anonymous_12)
FNDA:0,(anonymous_13)
FNDA:0,(anonymous_14)
DA:2,3
DA:3,3
DA:4,3
DA:5,0
DA:6,3
DA:8,3
DA:9,3
DA:11,3
DA:12,3
DA:14,3
DA:15,3
DA:16,3
DA:17,3
DA:18,3
DA:19,3
DA:20,3
DA:21,3
DA:23,3
DA:24,3
DA:25,3
DA:26,3
DA:27,3
DA:29,3
DA:35,8
DA:36,8
DA:37,8
DA:38,8
DA:41,0
DA:47,0
DA:48,0
DA:49,0
DA:51,0
DA:52,0
DA:55,0
DA:56,0
DA:57,0
DA:58,0
DA:60,0
DA:61,0
DA:64,0
DA:65,0
DA:66,0
DA:67,0
DA:69,0
DA:70,0
DA:73,0
DA:74,0
DA:75,0
DA:77,0
DA:78,0
DA:79,0
DA:80,0
DA:84,0
DA:85,0
DA:86,0
DA:87,0
DA:89,0
DA:92,0
DA:93,0
DA:94,0
DA:95,0
DA:97,0
DA:100,3
DA:107,3
LF:64
LH:28
BRDA:2,0,0,3
BRDA:2,0,1,3
BRDA:2,0,2,3
BRDA:3,1,0,3
BRDA:3,1,1,0
BRDA:3,2,0,0
BRDA:3,2,1,0
BRDA:4,3,0,3
BRDA:4,3,1,0
BRDA:4,4,0,3
BRDA:4,4,1,3
BRDA:5,5,0,0
BRDA:5,5,1,0
BRDA:5,6,0,0
BRDA:5,6,1,0
BRDA:5,7,0,0
BRDA:5,7,1,0
BRDA:5,8,0,0
BRDA:5,8,1,0
BRDA:6,9,0,3
BRDA:6,9,1,0
BRDA:6,9,2,0
BRDA:8,10,0,3
BRDA:8,10,1,3
BRDA:8,10,2,3
BRDA:9,11,0,3
BRDA:9,11,1,0
BRDA:9,12,0,3
BRDA:9,12,1,3
BRDA:11,13,0,3
BRDA:11,13,1,3
BRDA:11,13,2,3
BRDA:28,14,0,3
BRDA:28,14,1,3
BRDA:47,15,0,0
BRDA:47,15,1,0
BRDA:55,16,0,0
BRDA:55,16,1,0
BRDA:64,17,0,0
BRDA:64,17,1,0
BRDA:73,18,0,0
BRDA:73,18,1,0
BRDA:84,19,0,0
BRDA:84,19,1,0
BRDA:92,20,0,0
BRDA:92,20,1,0
BRF:46
BRH:19
end_of_record
TN:
SF:src/services/utils.ts
FN:2,(anonymous_0)
FN:8,(anonymous_1)
FN:11,(anonymous_2)
FN:12,(anonymous_3)
FN:20,(anonymous_4)
FN:23,(anonymous_5)
FN:26,(anonymous_6)
FN:29,(anonymous_7)
FN:32,(anonymous_8)
FN:38,(anonymous_9)
FN:43,(anonymous_10)
FN:47,(anonymous_11)
FN:51,(anonymous_12)
FN:54,(anonymous_13)
FN:55,(anonymous_14)
FN:57,(anonymous_15)
FN:60,(anonymous_16)
FNF:17
FNH:5
FNDA:3,(anonymous_0)
FNDA:3,(anonymous_1)
FNDA:3,(anonymous_2)
FNDA:3,(anonymous_3)
FNDA:8,(anonymous_4)
FNDA:0,(anonymous_5)
FNDA:0,(anonymous_6)
FNDA:0,(anonymous_7)
FNDA:0,(anonymous_8)
FNDA:0,(anonymous_9)
FNDA:0,(anonymous_10)
FNDA:0,(anonymous_11)
FNDA:0,(anonymous_12)
FNDA:0,(anonymous_13)
FNDA:0,(anonymous_14)
FNDA:0,(anonymous_15)
FNDA:0,(anonymous_16)
DA:2,3
DA:3,3
DA:4,3
DA:5,0
DA:6,3
DA:8,3
DA:9,3
DA:11,3
DA:12,3
DA:14,3
DA:15,3
DA:16,3
DA:17,3
DA:18,3
DA:21,8
DA:24,0
DA:27,0
DA:30,0
DA:33,0
DA:34,0
DA:35,0
DA:39,0
DA:41,0
DA:44,0
DA:45,0
DA:48,0
DA:49,0
DA:52,0
DA:55,0
DA:58,0
DA:61,0
DA:64,3
DA:69,3
LF:33
LH:16
BRDA:2,0,0,3
BRDA:2,0,1,3
BRDA:2,0,2,3
BRDA:3,1,0,3
BRDA:3,1,1,0
BRDA:3,2,0,0
BRDA:3,2,1,0
BRDA:4,3,0,3
BRDA:4,3,1,0
BRDA:4,4,0,3
BRDA:4,4,1,3
BRDA:5,5,0,0
BRDA:5,5,1,0
BRDA:5,6,0,0
BRDA:5,6,1,0
BRDA:5,7,0,0
BRDA:5,7,1,0
BRDA:5,8,0,0
BRDA:5,8,1,0
BRDA:6,9,0,3
BRDA:6,9,1,0
BRDA:6,9,2,0
BRDA:8,10,0,3
BRDA:8,10,1,3
BRDA:8,10,2,3
BRDA:9,11,0,3
BRDA:9,11,1,0
BRDA:9,12,0,3
BRDA:9,12,1,3
BRDA:11,13,0,3
BRDA:11,13,1,3
BRDA:11,13,2,3
BRDA:33,14,0,0
BRDA:33,14,1,0
BRF:34
BRH:17
end_of_record
TN:
SF:src/ui/ambientSoundConfig.ts
FN:2,(anonymous_0)
FN:9,onAmbientSoundConfig
FNF:2
FNH:0
FNDA:0,(anonymous_0)
FNDA:0,onAmbientSoundConfig
DA:2,0
DA:3,0
DA:5,0
DA:6,0
DA:7,0
DA:8,0
DA:10,0
DA:11,0
DA:13,0
DA:14,0
DA:15,0
DA:16,0
DA:17,0
DA:30,0
DA:32,0
LF:15
LH:0
BRDA:2,0,0,0
BRDA:2,0,1,0
BRDA:2,0,2,0
BRDA:3,1,0,0
BRDA:3,1,1,0
BRDA:3,2,0,0
BRDA:3,2,1,0
BRDA:10,3,0,0
BRDA:10,3,1,0
BRF:9
BRH:0
end_of_record
TN:
SF:src/ui/debug.ts
FN:2,(anonymous_0)
FN:12,(anonymous_1)
FN:21,(anonymous_2)
FN:30,openDebug
FNF:4
FNH:0
FNDA:0,(anonymous_0)
FNDA:0,(anonymous_1)
FNDA:0,(anonymous_2)
FNDA:0,openDebug
DA:2,0
DA:3,0
DA:5,0
DA:6,0
DA:7,0
DA:8,0
DA:13,0
DA:19,0
DA:22,0
DA:26,0
DA:29,0
DA:31,0
DA:33,0
LF:13
LH:0
BRDA:2,0,0,0
BRDA:2,0,1,0
BRDA:2,0,2,0
BRDA:3,1,0,0
BRDA:3,1,1,0
BRDA:3,2,0,0
BRDA:3,2,1,0
BRDA:12,3,0,0
BRF:8
BRH:0
end_of_record
TN:
SF:src/ui/dialog-impl.ts
FN:9,(anonymous_0)
FN:14,(anonymous_1)
FNF:2
FNH:0
FNDA:0,(anonymous_0)
FNDA:0,(anonymous_1)
DA:2,0
DA:3,0
DA:4,0
DA:10,0
DA:11,0
DA:12,0
DA:15,0
DA:19,0
DA:22,0
LF:9
LH:0
BRDA:9,0,0,0
BRF:1
BRH:0
end_of_record
TN:
SF:src/ui/dialog.ts
FNF:0
FNH:0
DA:2,0
LF:1
LH:0
BRF:0
BRH:0
end_of_record
TN:
SF:src/ui/elements.ts
FN:2,(anonymous_0)
FN:9,openElements
FN:10,(anonymous_2)
FNF:3
FNH:1
FNDA:1,(anonymous_0)
FNDA:0,openElements
FNDA:0,(anonymous_2)
DA:2,1
DA:3,1
DA:5,1
DA:6,1
DA:7,1
DA:8,1
DA:10,0
DA:11,0
DA:12,0
DA:22,0
DA:24,0
DA:27,1
LF:12
LH:7
BRDA:2,0,0,1
BRDA:2,0,1,1
BRDA:2,0,2,1
BRDA:3,1,0,1
BRDA:3,1,1,0
BRDA:3,2,0,1
BRDA:3,2,1,1
BRDA:11,3,0,0
BRDA:11,3,1,0
BRF:9
BRH:6
end_of_record
TN:
SF:src/ui/importer.ts
FN:2,(anonymous_0)
FN:9,openImporter
FN:10,(anonymous_2)
FNF:3
FNH:0
FNDA:0,(anonymous_0)
FNDA:0,openImporter
FNDA:0,(anonymous_2)
DA:2,0
DA:3,0
DA:5,0
DA:6,0
DA:7,0
DA:8,0
DA:10,0
DA:11,0
DA:12,0
DA:27,0
DA:29,0
DA:32,0
LF:12
LH:0
BRDA:2,0,0,0
BRDA:2,0,1,0
BRDA:2,0,2,0
BRDA:3,1,0,0
BRDA:3,1,1,0
BRDA:3,2,0,0
BRDA:3,2,1,0
BRDA:11,3,0,0
BRDA:11,3,1,0
BRF:9
BRH:0
end_of_record
TN:
SF:src/ui/playlist.ts
FN:2,(anonymous_0)
FN:13,onPlaylistTab
FN:29,(anonymous_2)
FNF:3
FNH:0
FNDA:0,(anonymous_0)
FNDA:0,onPlaylistTab
FNDA:0,(anonymous_2)
DA:2,0
DA:3,0
DA:5,0
DA:6,0
DA:7,0
DA:8,0
DA:9,0
DA:10,0
DA:11,0
DA:12,0
DA:14,0
DA:15,0
DA:16,0
DA:17,0
DA:19,0
DA:20,0
DA:22,0
DA:23,0
DA:24,0
DA:29,0
DA:30,0
DA:32,0
DA:33,0
DA:34,0
DA:35,0
DA:36,0
DA:37,0
DA:39,0
DA:40,0
DA:48,0
DA:49,0
DA:53,0
LF:32
LH:0
BRDA:2,0,0,0
BRDA:2,0,1,0
BRDA:2,0,2,0
BRDA:3,1,0,0
BRDA:3,1,1,0
BRDA:3,2,0,0
BRDA:3,2,1,0
BRDA:16,3,0,0
BRDA:16,3,1,0
BRDA:36,4,0,0
BRDA:36,4,1,0
BRF:11
BRH:0
end_of_record
TN:
SF:src/ui/playlistConfig.ts
FN:2,(anonymous_0)
FN:9,onPlaylistConfig
FNF:2
FNH:0
FNDA:0,(anonymous_0)
FNDA:0,onPlaylistConfig
DA:2,0
DA:3,0
DA:5,0
DA:6,0
DA:7,0
DA:8,0
DA:10,0
DA:11,0
DA:13,0
DA:14,0
DA:15,0
DA:16,0
DA:17,0
DA:26,0
DA:28,0
LF:15
LH:0
BRDA:2,0,0,0
BRDA:2,0,1,0
BRDA:2,0,2,0
BRDA:3,1,0,0
BRDA:3,1,1,0
BRDA:3,2,0,0
BRDA:3,2,1,0
BRDA:10,3,0,0
BRDA:10,3,1,0
BRF:9
BRH:0
end_of_record
TN:
SF:src/ui/playlistSoundConfig.ts
FN:2,(anonymous_0)
FN:9,onPlaylistSoundConfig
FNF:2
FNH:0
FNDA:0,(anonymous_0)
FNDA:0,onPlaylistSoundConfig
DA:2,0
DA:3,0
DA:5,0
DA:6,0
DA:7,0
DA:8,0
DA:10,0
DA:11,0
DA:13,0
DA:14,0
DA:15,0
DA:16,0
DA:17,0
DA:25,0
DA:27,0
LF:15
LH:0
BRDA:2,0,0,0
BRDA:2,0,1,0
BRDA:2,0,2,0
BRDA:3,1,0,0
BRDA:3,1,1,0
BRDA:3,2,0,0
BRDA:3,2,1,0
BRDA:10,3,0,0
BRDA:10,3,1,0
BRF:9
BRH:0
end_of_record
TN:
SF:src/ui/settings.ts
FN:4,onSettings
FNF:1
FNH:0
FNDA:0,onSettings
DA:2,0
DA:3,0
DA:5,0
DA:6,0
DA:7,0
DA:9,0
LF:6
LH:0
BRF:0
BRH:0
end_of_record
